{"uuid":"0ca0e481-3275-4913-8cf5-41a4e35b6d8e","historyId":"6a8e60c859d579bb253db4cf4067a949","testCaseId":"528464f7232057fcee009087dfef85a2","fullName":"src/test/resources/features/ArrayPage.feature:102","labels":[{"name":"host","value":"KAITLYN"},{"name":"thread","value":"23780@KAITLYN.TestNG-PoolService-3(33)"},{"name":"feature","value":"Array Page of DSAlgo portal"},{"name":"story","value":"Verify that user is able to successfully submit valid correct python code for \"Search the array\" question"},{"name":"suite","value":"Array Page of DSAlgo portal"},{"name":"testClass","value":"Verify that user is able to successfully submit valid correct python code for \"Search the array\" question"},{"name":"framework","value":"cucumber4jvm"},{"name":"language","value":"java"},{"name":"gherkin_uri","value":"file:///C:/Users/jimre/eclipse-workspace/DSAlgoBDD_ClubNinjas/clubNinjas-BDD/src/test/resources/features/ArrayPage.feature"},{"name":"package","value":"src.test.resources.features.ArrayPage_feature.Array Page of DSAlgo portal"}],"links":[],"name":"Verify that user is able to successfully submit valid correct python code for \"Search the array\" question","status":"failed","statusDetails":{"known":false,"muted":false,"flaky":false,"message":"expected [Submission Successful] but found [ Some Tests failed. Please review code]","trace":"java.lang.AssertionError: expected [Submission Successful] but found [ Some Tests failed. Please review code]\r\n\tat org.testng.Assert.fail(Assert.java:111)\r\n\tat org.testng.Assert.failNotEquals(Assert.java:1590)\r\n\tat org.testng.Assert.assertEqualsImpl(Assert.java:150)\r\n\tat org.testng.Assert.assertEquals(Assert.java:132)\r\n\tat org.testng.Assert.assertEquals(Assert.java:656)\r\n\tat org.testng.Assert.assertEquals(Assert.java:666)\r\n\tat StepDefinitions.ArrayPageStep.the_user_should_see_a_message(ArrayPageStep.java:217)\r\n\tat ✽.The user should see a message from \"PracticeQns\" and 6(file:///C:/Users/jimre/eclipse-workspace/DSAlgoBDD_ClubNinjas/clubNinjas-BDD/src/test/resources/features/ArrayPage.feature:98)\r\n"},"stage":"finished","steps":[{"name":"Given The user is on the Home page and clicks Sign In","status":"passed","statusDetails":{"known":false,"muted":false,"flaky":false},"stage":"finished","steps":[],"attachments":[],"parameters":[],"start":1747097310009,"stop":1747097320128},{"name":"When The user gets data from excel sheet \"Valid_Login\" and 1 for the login page","status":"passed","statusDetails":{"known":false,"muted":false,"flaky":false},"stage":"finished","steps":[],"attachments":[],"parameters":[],"start":1747097320128,"stop":1747097325555},{"name":"Given The user is on the practice question editor of Search the array question","status":"passed","statusDetails":{"known":false,"muted":false,"flaky":false},"stage":"finished","steps":[],"attachments":[],"parameters":[],"start":1747097325555,"stop":1747097332956},{"name":"When The user write the code from \"PracticeQns\" and 6 in Editor and Click the Submit Button","status":"passed","statusDetails":{"known":false,"muted":false,"flaky":false},"stage":"finished","steps":[],"attachments":[],"parameters":[],"start":1747097332956,"stop":1747097335879},{"name":"Then The user should see a message from \"PracticeQns\" and 6","status":"failed","statusDetails":{"known":false,"muted":false,"flaky":false,"message":"expected [Submission Successful] but found [ Some Tests failed. Please review code]","trace":"java.lang.AssertionError: expected [Submission Successful] but found [ Some Tests failed. Please review code]\r\n\tat org.testng.Assert.fail(Assert.java:111)\r\n\tat org.testng.Assert.failNotEquals(Assert.java:1590)\r\n\tat org.testng.Assert.assertEqualsImpl(Assert.java:150)\r\n\tat org.testng.Assert.assertEquals(Assert.java:132)\r\n\tat org.testng.Assert.assertEquals(Assert.java:656)\r\n\tat org.testng.Assert.assertEquals(Assert.java:666)\r\n\tat StepDefinitions.ArrayPageStep.the_user_should_see_a_message(ArrayPageStep.java:217)\r\n\tat ✽.The user should see a message from \"PracticeQns\" and 6(file:///C:/Users/jimre/eclipse-workspace/DSAlgoBDD_ClubNinjas/clubNinjas-BDD/src/test/resources/features/ArrayPage.feature:98)\r\n"},"stage":"finished","steps":[],"attachments":[],"parameters":[],"start":1747097335881,"stop":1747097336530}],"attachments":[],"parameters":[{"name":"Sheetname","value":"PracticeQns"},{"name":"RowNumber","value":"6"}],"start":1747097298517,"stop":1747097342305}