{"uuid":"22315119-e7b8-4cbf-aabc-f853e7974b63","historyId":"d6cf46504a25f9a10a546cf5b4c58b48","testCaseId":"ad9f3f64414336d4cd41e0d1767d1e06","fullName":"src/test/resources/features/StackPage.feature:104","labels":[{"name":"host","value":"KAITLYN"},{"name":"thread","value":"22188@KAITLYN.main(1)"},{"name":"feature","value":"Stack functionality"},{"name":"story","value":"Verify that user receives error when click on Run button for \"Applications\" try Editor page"},{"name":"suite","value":"Stack functionality"},{"name":"testClass","value":"Verify that user receives error when click on Run button for \"Applications\" try Editor page"},{"name":"framework","value":"cucumber4jvm"},{"name":"language","value":"java"},{"name":"gherkin_uri","value":"file:///C:/Users/jimre/eclipse-workspace/DSAlgoBDD_ClubNinjas/clubNinjas-BDD/src/test/resources/features/StackPage.feature"},{"name":"package","value":"src.test.resources.features.StackPage_feature.Stack functionality"}],"links":[],"name":"Verify that user receives error when click on Run button for \"Applications\" try Editor page","status":"failed","statusDetails":{"known":false,"muted":false,"flaky":false,"message":"expected [true] but found [false]","trace":"java.lang.AssertionError: expected [true] but found [false]\r\n\tat org.testng.Assert.fail(Assert.java:111)\r\n\tat org.testng.Assert.failNotEquals(Assert.java:1590)\r\n\tat org.testng.Assert.assertTrue(Assert.java:57)\r\n\tat org.testng.Assert.assertTrue(Assert.java:67)\r\n\tat StepDefinitions.StackPageStep.The_user_should_able_to_see_a_error_message_from_excel_sheet_and_the(StackPageStep.java:121)\r\n\tat ✽.The user should able to see a error message from excel sheet \"TryCode\" and the 1(file:///C:/Users/jimre/eclipse-workspace/DSAlgoBDD_ClubNinjas/clubNinjas-BDD/src/test/resources/features/StackPage.feature:100)\r\n"},"stage":"finished","steps":[{"name":"Given The user is on the Home page and clicks Sign In","status":"passed","statusDetails":{"known":false,"muted":false,"flaky":false},"stage":"finished","steps":[],"attachments":[],"parameters":[],"start":1747078704994,"stop":1747078705537},{"name":"When The user gets data from excel sheet \"Valid_Login\" and 1 for the login page","status":"passed","statusDetails":{"known":false,"muted":false,"flaky":false},"stage":"finished","steps":[],"attachments":[],"parameters":[],"start":1747078705537,"stop":1747078705879},{"name":"Given The user is in the Applications tryEditor page","status":"passed","statusDetails":{"known":false,"muted":false,"flaky":false},"stage":"finished","steps":[],"attachments":[],"parameters":[],"start":1747078705879,"stop":1747078707389},{"name":"When The user enters excel sheet in \"TryCode\" and the 1 and clicks the Run Button in tryEditor page","status":"passed","statusDetails":{"known":false,"muted":false,"flaky":false},"stage":"finished","steps":[],"attachments":[],"parameters":[],"start":1747078707389,"stop":1747078707557},{"name":"Then The user should able to see a error message from excel sheet \"TryCode\" and the 1","status":"failed","statusDetails":{"known":false,"muted":false,"flaky":false,"message":"expected [true] but found [false]","trace":"java.lang.AssertionError: expected [true] but found [false]\r\n\tat org.testng.Assert.fail(Assert.java:111)\r\n\tat org.testng.Assert.failNotEquals(Assert.java:1590)\r\n\tat org.testng.Assert.assertTrue(Assert.java:57)\r\n\tat org.testng.Assert.assertTrue(Assert.java:67)\r\n\tat StepDefinitions.StackPageStep.The_user_should_able_to_see_a_error_message_from_excel_sheet_and_the(StackPageStep.java:121)\r\n\tat ✽.The user should able to see a error message from excel sheet \"TryCode\" and the 1(file:///C:/Users/jimre/eclipse-workspace/DSAlgoBDD_ClubNinjas/clubNinjas-BDD/src/test/resources/features/StackPage.feature:100)\r\n"},"stage":"finished","steps":[],"attachments":[],"parameters":[],"start":1747078707557,"stop":1747078707576}],"attachments":[],"parameters":[{"name":"Sheetname","value":"TryCode"},{"name":"RowNumber","value":"1"}],"start":1747078703747,"stop":1747078708152}