{"uuid":"2e929f3f-18b8-4602-8ec6-bdae0a69ad82","historyId":"6db35f470f7043444703ee2b78277c1c","testCaseId":"35c7fe580ac8c8ccd60e0c1faf456aab","fullName":"src/test/resources/features/QueuePage.feature:37","labels":[{"name":"host","value":"KAITLYN"},{"name":"thread","value":"22188@KAITLYN.main(1)"},{"name":"feature","value":"Queue Page of DSAlgo portal"},{"name":"story","value":"Verify that user receives error when click on Run button for \"Implementation of Queue in Python\" try Editor page"},{"name":"suite","value":"Queue Page of DSAlgo portal"},{"name":"testClass","value":"Verify that user receives error when click on Run button for \"Implementation of Queue in Python\" try Editor page"},{"name":"framework","value":"cucumber4jvm"},{"name":"language","value":"java"},{"name":"gherkin_uri","value":"file:///C:/Users/jimre/eclipse-workspace/DSAlgoBDD_ClubNinjas/clubNinjas-BDD/src/test/resources/features/QueuePage.feature"},{"name":"package","value":"src.test.resources.features.QueuePage_feature.Queue Page of DSAlgo portal"}],"links":[],"name":"Verify that user receives error when click on Run button for \"Implementation of Queue in Python\" try Editor page","status":"failed","statusDetails":{"known":false,"muted":false,"flaky":false,"message":"expected [true] but found [false]","trace":"java.lang.AssertionError: expected [true] but found [false]\r\n\tat org.testng.Assert.fail(Assert.java:111)\r\n\tat org.testng.Assert.failNotEquals(Assert.java:1590)\r\n\tat org.testng.Assert.assertTrue(Assert.java:57)\r\n\tat org.testng.Assert.assertTrue(Assert.java:67)\r\n\tat StepDefinitions.ArrayPageStep.the_user_should_able_to_see_a_error_message_from_and(ArrayPageStep.java:121)\r\n\tat ✽.The user should able to see a error message from \"TryCode\" and 1(file:///C:/Users/jimre/eclipse-workspace/DSAlgoBDD_ClubNinjas/clubNinjas-BDD/src/test/resources/features/QueuePage.feature:33)\r\n"},"stage":"finished","steps":[{"name":"Given The user is on the Home page and clicks Sign In","status":"passed","statusDetails":{"known":false,"muted":false,"flaky":false},"stage":"finished","steps":[],"attachments":[],"parameters":[],"start":1747078438223,"stop":1747078438838},{"name":"When The user gets data from excel sheet \"Valid_Login\" and 1 for the login page","status":"passed","statusDetails":{"known":false,"muted":false,"flaky":false},"stage":"finished","steps":[],"attachments":[],"parameters":[],"start":1747078438839,"stop":1747078439974},{"name":"Given The user is in the Implementation of Queue in Python tryEditor page","status":"passed","statusDetails":{"known":false,"muted":false,"flaky":false},"stage":"finished","steps":[],"attachments":[],"parameters":[],"start":1747078439974,"stop":1747078441501},{"name":"When The user enters \"TryCode\" and 1 clicks the Run Button in tryEditor page","status":"passed","statusDetails":{"known":false,"muted":false,"flaky":false},"stage":"finished","steps":[],"attachments":[],"parameters":[],"start":1747078441501,"stop":1747078441667},{"name":"Then The user should able to see a error message from \"TryCode\" and 1","status":"failed","statusDetails":{"known":false,"muted":false,"flaky":false,"message":"expected [true] but found [false]","trace":"java.lang.AssertionError: expected [true] but found [false]\r\n\tat org.testng.Assert.fail(Assert.java:111)\r\n\tat org.testng.Assert.failNotEquals(Assert.java:1590)\r\n\tat org.testng.Assert.assertTrue(Assert.java:57)\r\n\tat org.testng.Assert.assertTrue(Assert.java:67)\r\n\tat StepDefinitions.ArrayPageStep.the_user_should_able_to_see_a_error_message_from_and(ArrayPageStep.java:121)\r\n\tat ✽.The user should able to see a error message from \"TryCode\" and 1(file:///C:/Users/jimre/eclipse-workspace/DSAlgoBDD_ClubNinjas/clubNinjas-BDD/src/test/resources/features/QueuePage.feature:33)\r\n"},"stage":"finished","steps":[],"attachments":[],"parameters":[],"start":1747078441667,"stop":1747078441679}],"attachments":[],"parameters":[{"name":"Sheetname","value":"TryCode"},{"name":"RowNumber","value":"1"}],"start":1747078436970,"stop":1747078442299}