{"uuid":"3768877f-8ff6-4dfc-95ce-380b2412ba5a","historyId":"22b2ade79139f6c2f5480e19939b9861","testCaseId":"60a9eacc2bdb2e15e4e02a190b73f666","fullName":"src/test/resources/features/RegisterPage.feature:21","labels":[{"name":"host","value":"AKK"},{"name":"thread","value":"16120@AKK.main(1)"},{"name":"feature","value":"Register Page"},{"name":"story","value":"Verify that the user is able to enter valid username in the username field"},{"name":"suite","value":"Register Page"},{"name":"testClass","value":"Verify that the user is able to enter valid username in the username field"},{"name":"framework","value":"cucumber4jvm"},{"name":"language","value":"java"},{"name":"gherkin_uri","value":"file:///C:/Users/skurr/eclipse-workspace/ClubNinjas-dsAlgoBDD/src/test/resources/features/RegisterPage.feature"},{"name":"package","value":"src.test.resources.features.RegisterPage_feature.Register Page"}],"links":[],"name":"Verify that the user is able to enter valid username in the username field","status":"failed","statusDetails":{"known":false,"muted":false,"flaky":false,"message":"Username was not entered correctly expected [true] but found [false]","trace":"java.lang.AssertionError: Username was not entered correctly expected [true] but found [false]\r\n\tat org.testng.Assert.fail(Assert.java:111)\r\n\tat org.testng.Assert.failNotEquals(Assert.java:1590)\r\n\tat org.testng.Assert.assertTrue(Assert.java:57)\r\n\tat StepDefinitions.RegistrationPageStep.user_should_be_able_to_enter_username_and_click_register_button(RegistrationPageStep.java:74)\r\n\tat ✽.User should be able to enter username and click Register button(file:///C:/Users/skurr/eclipse-workspace/ClubNinjas-dsAlgoBDD/src/test/resources/features/RegisterPage.feature:15)\r\n"},"stage":"finished","steps":[{"name":"Given User is in the ds-algo launch page","status":"passed","statusDetails":{"known":false,"muted":false,"flaky":false},"stage":"finished","steps":[],"attachments":[],"parameters":[],"start":1745988316028,"stop":1745988316029},{"name":"When User clicks the Get Started button","status":"passed","statusDetails":{"known":false,"muted":false,"flaky":false},"stage":"finished","steps":[],"attachments":[],"parameters":[],"start":1745988316030,"stop":1745988316838},{"name":"Given User navigates to register page after clicking register link","status":"passed","statusDetails":{"known":false,"muted":false,"flaky":false},"stage":"finished","steps":[],"attachments":[],"parameters":[],"start":1745988316840,"stop":1745988317305},{"name":"When User enters data from excel sheet 'Register' and 3 for the username field","status":"passed","statusDetails":{"known":false,"muted":false,"flaky":false},"stage":"finished","steps":[],"attachments":[],"parameters":[],"start":1745988317307,"stop":1745988317991},{"name":"Then User should be able to enter username and click Register button","status":"failed","statusDetails":{"known":false,"muted":false,"flaky":false,"message":"Username was not entered correctly expected [true] but found [false]","trace":"java.lang.AssertionError: Username was not entered correctly expected [true] but found [false]\r\n\tat org.testng.Assert.fail(Assert.java:111)\r\n\tat org.testng.Assert.failNotEquals(Assert.java:1590)\r\n\tat org.testng.Assert.assertTrue(Assert.java:57)\r\n\tat StepDefinitions.RegistrationPageStep.user_should_be_able_to_enter_username_and_click_register_button(RegistrationPageStep.java:74)\r\n\tat ✽.User should be able to enter username and click Register button(file:///C:/Users/skurr/eclipse-workspace/ClubNinjas-dsAlgoBDD/src/test/resources/features/RegisterPage.feature:15)\r\n"},"stage":"finished","steps":[],"attachments":[],"parameters":[],"start":1745988317991,"stop":1745988318043}],"attachments":[],"parameters":[{"name":"Sheetname","value":"Register"},{"name":"RowNumber","value":"3"}],"start":1745988314026,"stop":1745988319102}