{"uuid":"6d5d79d0-ac8b-4f80-9e7e-7090f48ee6e3","historyId":"1dd790f8488f9e1d774028f9db934d7b","testCaseId":"60a9eacc2bdb2e15e4e02a190b73f666","fullName":"src/test/resources/features/RegisterPage.feature:19","labels":[{"name":"host","value":"AKK"},{"name":"thread","value":"19288@AKK.main(1)"},{"name":"feature","value":"Register Page"},{"name":"story","value":"Verify that the user is able to enter valid username in the username field"},{"name":"suite","value":"Register Page"},{"name":"testClass","value":"Verify that the user is able to enter valid username in the username field"},{"name":"framework","value":"cucumber4jvm"},{"name":"language","value":"java"},{"name":"gherkin_uri","value":"file:///C:/Users/skurr/eclipse-workspace/ClubNinjas-dsAlgoBDD/src/test/resources/features/RegisterPage.feature"},{"name":"package","value":"src.test.resources.features.RegisterPage_feature.Register Page"}],"links":[],"name":"Verify that the user is able to enter valid username in the username field","status":"failed","statusDetails":{"known":false,"muted":false,"flaky":false,"message":"Username was not entered correctly expected [true] but found [false]","trace":"java.lang.AssertionError: Username was not entered correctly expected [true] but found [false]\r\n\tat org.testng.Assert.fail(Assert.java:111)\r\n\tat org.testng.Assert.failNotEquals(Assert.java:1590)\r\n\tat org.testng.Assert.assertTrue(Assert.java:57)\r\n\tat StepDefinitions.RegistrationPageStep.user_should_be_able_to_enter_username_and_click_register_button(RegistrationPageStep.java:75)\r\n\tat ✽.User should be able to enter username and click Register button(file:///C:/Users/skurr/eclipse-workspace/ClubNinjas-dsAlgoBDD/src/test/resources/features/RegisterPage.feature:15)\r\n"},"stage":"finished","steps":[{"name":"Given User is in the ds-algo launch page","status":"passed","statusDetails":{"known":false,"muted":false,"flaky":false},"stage":"finished","steps":[],"attachments":[],"parameters":[],"start":1746203766780,"stop":1746203766783},{"name":"When User clicks the Get Started button","status":"passed","statusDetails":{"known":false,"muted":false,"flaky":false},"stage":"finished","steps":[],"attachments":[],"parameters":[],"start":1746203766785,"stop":1746203767454},{"name":"Given User navigates to register page after clicking register link","status":"passed","statusDetails":{"known":false,"muted":false,"flaky":false},"stage":"finished","steps":[],"attachments":[],"parameters":[],"start":1746203767455,"stop":1746203767796},{"name":"When User enters data from excel sheet 'Register' and 1 for the username field","status":"passed","statusDetails":{"known":false,"muted":false,"flaky":false},"stage":"finished","steps":[],"attachments":[],"parameters":[],"start":1746203767798,"stop":1746203769368},{"name":"Then User should be able to enter username and click Register button","status":"failed","statusDetails":{"known":false,"muted":false,"flaky":false,"message":"Username was not entered correctly expected [true] but found [false]","trace":"java.lang.AssertionError: Username was not entered correctly expected [true] but found [false]\r\n\tat org.testng.Assert.fail(Assert.java:111)\r\n\tat org.testng.Assert.failNotEquals(Assert.java:1590)\r\n\tat org.testng.Assert.assertTrue(Assert.java:57)\r\n\tat StepDefinitions.RegistrationPageStep.user_should_be_able_to_enter_username_and_click_register_button(RegistrationPageStep.java:75)\r\n\tat ✽.User should be able to enter username and click Register button(file:///C:/Users/skurr/eclipse-workspace/ClubNinjas-dsAlgoBDD/src/test/resources/features/RegisterPage.feature:15)\r\n"},"stage":"finished","steps":[],"attachments":[],"parameters":[],"start":1746203769369,"stop":1746203769475}],"attachments":[],"parameters":[{"name":"Sheetname","value":"Register"},{"name":"RowNumber","value":"1"}],"start":1746203764769,"stop":1746203770184}