{"uuid":"75ceb68d-866f-4a62-9fb7-6ecaff437a2a","historyId":"23f29ab229030db67083d47ed105da58","testCaseId":"bbc38a9f32e5084c0db2349a1ad3756a","fullName":"src/test/resources/features/QueuePage.feature:74","labels":[{"name":"host","value":"Malkari"},{"name":"thread","value":"15844@Malkari.main(1)"},{"name":"feature","value":"Queue Page of DSAlgo portal"},{"name":"story","value":"Verify that user receives error when click on Run button for \"Implementation using collections.deque\" try Editor page"},{"name":"suite","value":"Queue Page of DSAlgo portal"},{"name":"testClass","value":"Verify that user receives error when click on Run button for \"Implementation using collections.deque\" try Editor page"},{"name":"framework","value":"cucumber4jvm"},{"name":"language","value":"java"},{"name":"gherkin_uri","value":"file:///C:/Users/sunda/eclipse-workspace/ClubNinjas1_DS_Algo_project/clubNinjas-BDD/src/test/resources/features/QueuePage.feature"},{"name":"package","value":"src.test.resources.features.QueuePage_feature.Queue Page of DSAlgo portal"}],"links":[],"name":"Verify that user receives error when click on Run button for \"Implementation using collections.deque\" try Editor page","status":"failed","statusDetails":{"known":false,"muted":false,"flaky":false,"message":"expected [true] but found [false]","trace":"java.lang.AssertionError: expected [true] but found [false]\r\n\tat org.testng.Assert.fail(Assert.java:111)\r\n\tat org.testng.Assert.failNotEquals(Assert.java:1590)\r\n\tat org.testng.Assert.assertTrue(Assert.java:57)\r\n\tat org.testng.Assert.assertTrue(Assert.java:67)\r\n\tat StepDefinitions.ArrayPageStep.the_user_should_able_to_see_a_error_message_from_and(ArrayPageStep.java:123)\r\n\tat ✽.The user should able to see a error message from \"TryCode\" and 1(file:///C:/Users/sunda/eclipse-workspace/ClubNinjas1_DS_Algo_project/clubNinjas-BDD/src/test/resources/features/QueuePage.feature:70)\r\n"},"stage":"finished","steps":[{"name":"Given The user is on the Home page and clicks Sign In","status":"passed","statusDetails":{"known":false,"muted":false,"flaky":false},"stage":"finished","steps":[],"attachments":[],"parameters":[],"start":1746471791142,"stop":1746471791996},{"name":"When The user gets data from excel sheet \"Valid_Login\" and 1 for the login page","status":"passed","statusDetails":{"known":false,"muted":false,"flaky":false},"stage":"finished","steps":[],"attachments":[],"parameters":[],"start":1746471791997,"stop":1746471793052},{"name":"Then The user is in the Home page after Sign In","status":"passed","statusDetails":{"known":false,"muted":false,"flaky":false},"stage":"finished","steps":[],"attachments":[],"parameters":[],"start":1746471793053,"stop":1746471793111},{"name":"Given The user is in the Implementation using collections.deque tryEditor page","status":"passed","statusDetails":{"known":false,"muted":false,"flaky":false},"stage":"finished","steps":[],"attachments":[],"parameters":[],"start":1746471793112,"stop":1746471795428},{"name":"When The user enters \"TryCode\" and 1 clicks the Run Button in tryEditor page","status":"passed","statusDetails":{"known":false,"muted":false,"flaky":false},"stage":"finished","steps":[],"attachments":[],"parameters":[],"start":1746471795429,"stop":1746471795681},{"name":"Then The user should able to see a error message from \"TryCode\" and 1","status":"failed","statusDetails":{"known":false,"muted":false,"flaky":false,"message":"expected [true] but found [false]","trace":"java.lang.AssertionError: expected [true] but found [false]\r\n\tat org.testng.Assert.fail(Assert.java:111)\r\n\tat org.testng.Assert.failNotEquals(Assert.java:1590)\r\n\tat org.testng.Assert.assertTrue(Assert.java:57)\r\n\tat org.testng.Assert.assertTrue(Assert.java:67)\r\n\tat StepDefinitions.ArrayPageStep.the_user_should_able_to_see_a_error_message_from_and(ArrayPageStep.java:123)\r\n\tat ✽.The user should able to see a error message from \"TryCode\" and 1(file:///C:/Users/sunda/eclipse-workspace/ClubNinjas1_DS_Algo_project/clubNinjas-BDD/src/test/resources/features/QueuePage.feature:70)\r\n"},"stage":"finished","steps":[],"attachments":[],"parameters":[],"start":1746471795682,"stop":1746471795719}],"attachments":[],"parameters":[{"name":"Sheetname","value":"TryCode"},{"name":"RowNumber","value":"1"}],"start":1746471789436,"stop":1746471796101}