{"uuid":"e6103c5c-f669-45ef-8983-6fe9385a423a","historyId":"4cb44b34152fb8244d0418694cf94ceb","testCaseId":"60a9eacc2bdb2e15e4e02a190b73f666","fullName":"src/test/resources/features/RegisterPage.feature:20","labels":[{"name":"host","value":"AKK"},{"name":"thread","value":"19288@AKK.main(1)"},{"name":"feature","value":"Register Page"},{"name":"story","value":"Verify that the user is able to enter valid username in the username field"},{"name":"suite","value":"Register Page"},{"name":"testClass","value":"Verify that the user is able to enter valid username in the username field"},{"name":"framework","value":"cucumber4jvm"},{"name":"language","value":"java"},{"name":"gherkin_uri","value":"file:///C:/Users/skurr/eclipse-workspace/ClubNinjas-dsAlgoBDD/src/test/resources/features/RegisterPage.feature"},{"name":"package","value":"src.test.resources.features.RegisterPage_feature.Register Page"}],"links":[],"name":"Verify that the user is able to enter valid username in the username field","status":"failed","statusDetails":{"known":false,"muted":false,"flaky":false,"message":"Username was not entered correctly expected [true] but found [false]","trace":"java.lang.AssertionError: Username was not entered correctly expected [true] but found [false]\r\n\tat org.testng.Assert.fail(Assert.java:111)\r\n\tat org.testng.Assert.failNotEquals(Assert.java:1590)\r\n\tat org.testng.Assert.assertTrue(Assert.java:57)\r\n\tat StepDefinitions.RegistrationPageStep.user_should_be_able_to_enter_username_and_click_register_button(RegistrationPageStep.java:75)\r\n\tat ✽.User should be able to enter username and click Register button(file:///C:/Users/skurr/eclipse-workspace/ClubNinjas-dsAlgoBDD/src/test/resources/features/RegisterPage.feature:15)\r\n"},"stage":"finished","steps":[{"name":"Given User is in the ds-algo launch page","status":"passed","statusDetails":{"known":false,"muted":false,"flaky":false},"stage":"finished","steps":[],"attachments":[],"parameters":[],"start":1746203771956,"stop":1746203771962},{"name":"When User clicks the Get Started button","status":"passed","statusDetails":{"known":false,"muted":false,"flaky":false},"stage":"finished","steps":[],"attachments":[],"parameters":[],"start":1746203771963,"stop":1746203772579},{"name":"Given User navigates to register page after clicking register link","status":"passed","statusDetails":{"known":false,"muted":false,"flaky":false},"stage":"finished","steps":[],"attachments":[],"parameters":[],"start":1746203772581,"stop":1746203772897},{"name":"When User enters data from excel sheet 'Register' and 2 for the username field","status":"passed","statusDetails":{"known":false,"muted":false,"flaky":false},"stage":"finished","steps":[],"attachments":[],"parameters":[],"start":1746203772898,"stop":1746203773383},{"name":"Then User should be able to enter username and click Register button","status":"failed","statusDetails":{"known":false,"muted":false,"flaky":false,"message":"Username was not entered correctly expected [true] but found [false]","trace":"java.lang.AssertionError: Username was not entered correctly expected [true] but found [false]\r\n\tat org.testng.Assert.fail(Assert.java:111)\r\n\tat org.testng.Assert.failNotEquals(Assert.java:1590)\r\n\tat org.testng.Assert.assertTrue(Assert.java:57)\r\n\tat StepDefinitions.RegistrationPageStep.user_should_be_able_to_enter_username_and_click_register_button(RegistrationPageStep.java:75)\r\n\tat ✽.User should be able to enter username and click Register button(file:///C:/Users/skurr/eclipse-workspace/ClubNinjas-dsAlgoBDD/src/test/resources/features/RegisterPage.feature:15)\r\n"},"stage":"finished","steps":[],"attachments":[],"parameters":[],"start":1746203773384,"stop":1746203773449}],"attachments":[],"parameters":[{"name":"Sheetname","value":"Register"},{"name":"RowNumber","value":"2"}],"start":1746203770203,"stop":1746203774101}