<?xml version="1.0" encoding="UTF-8"?>
<testng-results ignored="0" total="302" passed="241" failed="61" skipped="0">
  <reporter-output>
  </reporter-output>
  <suite started-at="2025-05-12T14:26:15 CDT" name="Default suite" finished-at="2025-05-12T14:51:55 CDT" duration-ms="1540434">
    <groups>
      <group name="cucumber">
        <method signature="AbstractTestNGCucumberTests.runScenario(io.cucumber.testng.PickleWrapper,io.cucumber.testng.FeatureWrapper)[pri:0, instance:Runner.TestRunner@72e34f77]" name="runScenario" class="io.cucumber.testng.AbstractTestNGCucumberTests"/>
      </group> <!-- cucumber -->
    </groups>
    <test started-at="2025-05-12T14:26:15 CDT" name="Default test" finished-at="2025-05-12T14:51:55 CDT" duration-ms="1540434">
      <class name="Runner.TestRunner">
        <test-method is-config="true" signature="setUpClass(org.testng.ITestContext)[pri:0, instance:Runner.TestRunner@72e34f77]" started-at="2025-05-12T14:26:15 CDT" name="setUpClass" finished-at="2025-05-12T14:26:16 CDT" duration-ms="1205" status="PASS">
          <params>
            <param index="0">
              <value>
                <![CDATA[org.testng.TestRunner@15a389ad]]>
              </value>
            </param>
          </params>
          <reporter-output>
          </reporter-output>
        </test-method> <!-- setUpClass -->
        <test-method signature="runScenario(io.cucumber.testng.PickleWrapper,io.cucumber.testng.FeatureWrapper)[pri:0, instance:Runner.TestRunner@72e34f77]" started-at="2025-05-12T14:26:16 CDT" name="runScenario" description="Runs Cucumber Scenarios" data-provider="scenarios" finished-at="2025-05-12T14:26:23 CDT" duration-ms="6253" status="PASS">
          <params>
            <param index="0">
              <value>
                <![CDATA["Verify that user is able to navigate to Array data structure page"]]>
              </value>
            </param>
            <param index="1">
              <value>
                <![CDATA["Array Page of DSAlgo portal"]]>
              </value>
            </param>
          </params>
          <reporter-output>
          </reporter-output>
        </test-method> <!-- runScenario -->
        <test-method signature="runScenario(io.cucumber.testng.PickleWrapper,io.cucumber.testng.FeatureWrapper)[pri:0, instance:Runner.TestRunner@72e34f77]" started-at="2025-05-12T14:26:23 CDT" name="runScenario" description="Runs Cucumber Scenarios" data-provider="scenarios" finished-at="2025-05-12T14:26:26 CDT" duration-ms="3658" status="PASS">
          <params>
            <param index="0">
              <value>
                <![CDATA["Verify that user is able to navigate to Array data structure page"]]>
              </value>
            </param>
            <param index="1">
              <value>
                <![CDATA["Array Page of DSAlgo portal"]]>
              </value>
            </param>
          </params>
          <reporter-output>
          </reporter-output>
        </test-method> <!-- runScenario -->
        <test-method signature="runScenario(io.cucumber.testng.PickleWrapper,io.cucumber.testng.FeatureWrapper)[pri:0, instance:Runner.TestRunner@72e34f77]" started-at="2025-05-12T14:26:26 CDT" name="runScenario" description="Runs Cucumber Scenarios" data-provider="scenarios" finished-at="2025-05-12T14:26:30 CDT" duration-ms="3941" status="PASS">
          <params>
            <param index="0">
              <value>
                <![CDATA["Verify that user is able to navigate to "Arrays in Python" page"]]>
              </value>
            </param>
            <param index="1">
              <value>
                <![CDATA["Array Page of DSAlgo portal"]]>
              </value>
            </param>
          </params>
          <reporter-output>
          </reporter-output>
        </test-method> <!-- runScenario -->
        <test-method signature="runScenario(io.cucumber.testng.PickleWrapper,io.cucumber.testng.FeatureWrapper)[pri:0, instance:Runner.TestRunner@72e34f77]" started-at="2025-05-12T14:26:30 CDT" name="runScenario" description="Runs Cucumber Scenarios" data-provider="scenarios" finished-at="2025-05-12T14:26:35 CDT" duration-ms="4331" status="PASS">
          <params>
            <param index="0">
              <value>
                <![CDATA["Verify that user is able to navigate to "try Editor" page for "Arrays in Python" page"]]>
              </value>
            </param>
            <param index="1">
              <value>
                <![CDATA["Array Page of DSAlgo portal"]]>
              </value>
            </param>
          </params>
          <reporter-output>
          </reporter-output>
        </test-method> <!-- runScenario -->
        <test-method signature="runScenario(io.cucumber.testng.PickleWrapper,io.cucumber.testng.FeatureWrapper)[pri:0, instance:Runner.TestRunner@72e34f77]" started-at="2025-05-12T14:26:35 CDT" name="runScenario" description="Runs Cucumber Scenarios" data-provider="scenarios" finished-at="2025-05-12T14:26:39 CDT" duration-ms="4852" status="FAIL">
          <params>
            <param index="0">
              <value>
                <![CDATA["Verify that user receives error when click on Run button for "Arrays in Python" try Editor page"]]>
              </value>
            </param>
            <param index="1">
              <value>
                <![CDATA["Array Page of DSAlgo portal"]]>
              </value>
            </param>
          </params>
          <exception class="java.lang.AssertionError">
            <message>
              <![CDATA[expected [true] but found [false]]]>
            </message>
            <full-stacktrace>
              <![CDATA[java.lang.AssertionError: expected [true] but found [false]
at org.testng.Assert.fail(Assert.java:111)
at org.testng.Assert.failNotEquals(Assert.java:1590)
at org.testng.Assert.assertTrue(Assert.java:57)
at org.testng.Assert.assertTrue(Assert.java:67)
at StepDefinitions.ArrayPageStep.the_user_should_able_to_see_a_error_message_from_and(ArrayPageStep.java:121)
at ✽.The user should able to see a error message from "TryCode" and 1(file:///C:/Users/jimre/eclipse-workspace/DSAlgoBDD_ClubNinjas/clubNinjas-BDD/src/test/resources/features/ArrayPage.feature:35)
]]>
            </full-stacktrace>
          </exception> <!-- java.lang.AssertionError -->
          <reporter-output>
          </reporter-output>
        </test-method> <!-- runScenario -->
        <test-method signature="runScenario(io.cucumber.testng.PickleWrapper,io.cucumber.testng.FeatureWrapper)[pri:0, instance:Runner.TestRunner@72e34f77]" started-at="2025-05-12T14:26:39 CDT" name="runScenario" description="Runs Cucumber Scenarios" data-provider="scenarios" finished-at="2025-05-12T14:26:44 CDT" duration-ms="4501" status="PASS">
          <params>
            <param index="0">
              <value>
                <![CDATA["Verify that user receives error when click on Run button for "Arrays in Python" try Editor page"]]>
              </value>
            </param>
            <param index="1">
              <value>
                <![CDATA["Array Page of DSAlgo portal"]]>
              </value>
            </param>
          </params>
          <reporter-output>
          </reporter-output>
        </test-method> <!-- runScenario -->
        <test-method signature="runScenario(io.cucumber.testng.PickleWrapper,io.cucumber.testng.FeatureWrapper)[pri:0, instance:Runner.TestRunner@72e34f77]" started-at="2025-05-12T14:26:44 CDT" name="runScenario" description="Runs Cucumber Scenarios" data-provider="scenarios" finished-at="2025-05-12T14:26:48 CDT" duration-ms="4443" status="PASS">
          <params>
            <param index="0">
              <value>
                <![CDATA["Verify that user receives error when click on Run button for "Arrays in Python" try Editor page"]]>
              </value>
            </param>
            <param index="1">
              <value>
                <![CDATA["Array Page of DSAlgo portal"]]>
              </value>
            </param>
          </params>
          <reporter-output>
          </reporter-output>
        </test-method> <!-- runScenario -->
        <test-method signature="runScenario(io.cucumber.testng.PickleWrapper,io.cucumber.testng.FeatureWrapper)[pri:0, instance:Runner.TestRunner@72e34f77]" started-at="2025-05-12T14:26:48 CDT" name="runScenario" description="Runs Cucumber Scenarios" data-provider="scenarios" finished-at="2025-05-12T14:26:53 CDT" duration-ms="4390" status="PASS">
          <params>
            <param index="0">
              <value>
                <![CDATA["Verify that user is able to see output for valid python code for "Arrays in Python" try Editor page"]]>
              </value>
            </param>
            <param index="1">
              <value>
                <![CDATA["Array Page of DSAlgo portal"]]>
              </value>
            </param>
          </params>
          <reporter-output>
          </reporter-output>
        </test-method> <!-- runScenario -->
        <test-method signature="runScenario(io.cucumber.testng.PickleWrapper,io.cucumber.testng.FeatureWrapper)[pri:0, instance:Runner.TestRunner@72e34f77]" started-at="2025-05-12T14:26:53 CDT" name="runScenario" description="Runs Cucumber Scenarios" data-provider="scenarios" finished-at="2025-05-12T14:26:57 CDT" duration-ms="3967" status="PASS">
          <params>
            <param index="0">
              <value>
                <![CDATA["Verify that user is able to navigate to "Practice Questions" Page from "Arrays in Python" page"]]>
              </value>
            </param>
            <param index="1">
              <value>
                <![CDATA["Array Page of DSAlgo portal"]]>
              </value>
            </param>
          </params>
          <reporter-output>
          </reporter-output>
        </test-method> <!-- runScenario -->
        <test-method signature="runScenario(io.cucumber.testng.PickleWrapper,io.cucumber.testng.FeatureWrapper)[pri:0, instance:Runner.TestRunner@72e34f77]" started-at="2025-05-12T14:26:57 CDT" name="runScenario" description="Runs Cucumber Scenarios" data-provider="scenarios" finished-at="2025-05-12T14:27:01 CDT" duration-ms="4440" status="PASS">
          <params>
            <param index="0">
              <value>
                <![CDATA["Verify that user is able to navigate to "Search the array" Page from Practice question page of "Arrays in Python" page"]]>
              </value>
            </param>
            <param index="1">
              <value>
                <![CDATA["Array Page of DSAlgo portal"]]>
              </value>
            </param>
          </params>
          <reporter-output>
          </reporter-output>
        </test-method> <!-- runScenario -->
        <test-method signature="runScenario(io.cucumber.testng.PickleWrapper,io.cucumber.testng.FeatureWrapper)[pri:0, instance:Runner.TestRunner@72e34f77]" started-at="2025-05-12T14:27:01 CDT" name="runScenario" description="Runs Cucumber Scenarios" data-provider="scenarios" finished-at="2025-05-12T14:27:07 CDT" duration-ms="5398" status="PASS">
          <params>
            <param index="0">
              <value>
                <![CDATA["Verify that user receives NameError, SyntaxError for invalid python code on running "Search the array" question"]]>
              </value>
            </param>
            <param index="1">
              <value>
                <![CDATA["Array Page of DSAlgo portal"]]>
              </value>
            </param>
          </params>
          <reporter-output>
          </reporter-output>
        </test-method> <!-- runScenario -->
        <test-method signature="runScenario(io.cucumber.testng.PickleWrapper,io.cucumber.testng.FeatureWrapper)[pri:0, instance:Runner.TestRunner@72e34f77]" started-at="2025-05-12T14:27:07 CDT" name="runScenario" description="Runs Cucumber Scenarios" data-provider="scenarios" finished-at="2025-05-12T14:27:11 CDT" duration-ms="4698" status="PASS">
          <params>
            <param index="0">
              <value>
                <![CDATA["Verify that user receives NameError, SyntaxError for invalid python code on running "Search the array" question"]]>
              </value>
            </param>
            <param index="1">
              <value>
                <![CDATA["Array Page of DSAlgo portal"]]>
              </value>
            </param>
          </params>
          <reporter-output>
          </reporter-output>
        </test-method> <!-- runScenario -->
        <test-method signature="runScenario(io.cucumber.testng.PickleWrapper,io.cucumber.testng.FeatureWrapper)[pri:0, instance:Runner.TestRunner@72e34f77]" started-at="2025-05-12T14:27:11 CDT" name="runScenario" description="Runs Cucumber Scenarios" data-provider="scenarios" finished-at="2025-05-12T14:27:16 CDT" duration-ms="5163" status="PASS">
          <params>
            <param index="0">
              <value>
                <![CDATA["Verify that user is able to run valid python code for "Search the array" question"]]>
              </value>
            </param>
            <param index="1">
              <value>
                <![CDATA["Array Page of DSAlgo portal"]]>
              </value>
            </param>
          </params>
          <reporter-output>
          </reporter-output>
        </test-method> <!-- runScenario -->
        <test-method signature="runScenario(io.cucumber.testng.PickleWrapper,io.cucumber.testng.FeatureWrapper)[pri:0, instance:Runner.TestRunner@72e34f77]" started-at="2025-05-12T14:27:16 CDT" name="runScenario" description="Runs Cucumber Scenarios" data-provider="scenarios" finished-at="2025-05-12T14:27:22 CDT" duration-ms="6052" status="PASS">
          <params>
            <param index="0">
              <value>
                <![CDATA["Verify that user receives error on submitting invalid python code, incorrect answer for "Search the array" question"]]>
              </value>
            </param>
            <param index="1">
              <value>
                <![CDATA["Array Page of DSAlgo portal"]]>
              </value>
            </param>
          </params>
          <reporter-output>
          </reporter-output>
        </test-method> <!-- runScenario -->
        <test-method signature="runScenario(io.cucumber.testng.PickleWrapper,io.cucumber.testng.FeatureWrapper)[pri:0, instance:Runner.TestRunner@72e34f77]" started-at="2025-05-12T14:27:22 CDT" name="runScenario" description="Runs Cucumber Scenarios" data-provider="scenarios" finished-at="2025-05-12T14:27:28 CDT" duration-ms="5850" status="PASS">
          <params>
            <param index="0">
              <value>
                <![CDATA["Verify that user receives error on submitting invalid python code, incorrect answer for "Search the array" question"]]>
              </value>
            </param>
            <param index="1">
              <value>
                <![CDATA["Array Page of DSAlgo portal"]]>
              </value>
            </param>
          </params>
          <reporter-output>
          </reporter-output>
        </test-method> <!-- runScenario -->
        <test-method signature="runScenario(io.cucumber.testng.PickleWrapper,io.cucumber.testng.FeatureWrapper)[pri:0, instance:Runner.TestRunner@72e34f77]" started-at="2025-05-12T14:27:28 CDT" name="runScenario" description="Runs Cucumber Scenarios" data-provider="scenarios" finished-at="2025-05-12T14:27:34 CDT" duration-ms="5752" status="FAIL">
          <params>
            <param index="0">
              <value>
                <![CDATA["Verify that user is able to successfully submit valid correct python code for "Search the array" question"]]>
              </value>
            </param>
            <param index="1">
              <value>
                <![CDATA["Array Page of DSAlgo portal"]]>
              </value>
            </param>
          </params>
          <exception class="java.lang.AssertionError">
            <message>
              <![CDATA[expected [Submission Successful] but found [ Some Tests failed. Please review code]]]>
            </message>
            <full-stacktrace>
              <![CDATA[java.lang.AssertionError: expected [Submission Successful] but found [ Some Tests failed. Please review code]
at org.testng.Assert.fail(Assert.java:111)
at org.testng.Assert.failNotEquals(Assert.java:1590)
at org.testng.Assert.assertEqualsImpl(Assert.java:150)
at org.testng.Assert.assertEquals(Assert.java:132)
at org.testng.Assert.assertEquals(Assert.java:656)
at org.testng.Assert.assertEquals(Assert.java:666)
at StepDefinitions.ArrayPageStep.the_user_should_see_a_message(ArrayPageStep.java:217)
at ✽.The user should see a message from "PracticeQns" and 6(file:///C:/Users/jimre/eclipse-workspace/DSAlgoBDD_ClubNinjas/clubNinjas-BDD/src/test/resources/features/ArrayPage.feature:98)
]]>
            </full-stacktrace>
          </exception> <!-- java.lang.AssertionError -->
          <reporter-output>
          </reporter-output>
        </test-method> <!-- runScenario -->
        <test-method signature="runScenario(io.cucumber.testng.PickleWrapper,io.cucumber.testng.FeatureWrapper)[pri:0, instance:Runner.TestRunner@72e34f77]" started-at="2025-05-12T14:27:34 CDT" name="runScenario" description="Runs Cucumber Scenarios" data-provider="scenarios" finished-at="2025-05-12T14:27:39 CDT" duration-ms="4659" status="PASS">
          <params>
            <param index="0">
              <value>
                <![CDATA["Verify that user is able to navigate to "Max Consecutive Ones" Page from Practice question page of "Arrays in Python" page"]]>
              </value>
            </param>
            <param index="1">
              <value>
                <![CDATA["Array Page of DSAlgo portal"]]>
              </value>
            </param>
          </params>
          <reporter-output>
          </reporter-output>
        </test-method> <!-- runScenario -->
        <test-method signature="runScenario(io.cucumber.testng.PickleWrapper,io.cucumber.testng.FeatureWrapper)[pri:0, instance:Runner.TestRunner@72e34f77]" started-at="2025-05-12T14:27:39 CDT" name="runScenario" description="Runs Cucumber Scenarios" data-provider="scenarios" finished-at="2025-05-12T14:27:44 CDT" duration-ms="4872" status="PASS">
          <params>
            <param index="0">
              <value>
                <![CDATA["Verify that user receives NameError, SyntaxError for invalid python code on running "Max Consecutive Ones" question"]]>
              </value>
            </param>
            <param index="1">
              <value>
                <![CDATA["Array Page of DSAlgo portal"]]>
              </value>
            </param>
          </params>
          <reporter-output>
          </reporter-output>
        </test-method> <!-- runScenario -->
        <test-method signature="runScenario(io.cucumber.testng.PickleWrapper,io.cucumber.testng.FeatureWrapper)[pri:0, instance:Runner.TestRunner@72e34f77]" started-at="2025-05-12T14:27:44 CDT" name="runScenario" description="Runs Cucumber Scenarios" data-provider="scenarios" finished-at="2025-05-12T14:27:48 CDT" duration-ms="4876" status="PASS">
          <params>
            <param index="0">
              <value>
                <![CDATA["Verify that user receives NameError, SyntaxError for invalid python code on running "Max Consecutive Ones" question"]]>
              </value>
            </param>
            <param index="1">
              <value>
                <![CDATA["Array Page of DSAlgo portal"]]>
              </value>
            </param>
          </params>
          <reporter-output>
          </reporter-output>
        </test-method> <!-- runScenario -->
        <test-method signature="runScenario(io.cucumber.testng.PickleWrapper,io.cucumber.testng.FeatureWrapper)[pri:0, instance:Runner.TestRunner@72e34f77]" started-at="2025-05-12T14:27:48 CDT" name="runScenario" description="Runs Cucumber Scenarios" data-provider="scenarios" finished-at="2025-05-12T14:27:54 CDT" duration-ms="5063" status="PASS">
          <params>
            <param index="0">
              <value>
                <![CDATA["Verify that user is able to run valid python code for "Max Consecutive Ones" question"]]>
              </value>
            </param>
            <param index="1">
              <value>
                <![CDATA["Array Page of DSAlgo portal"]]>
              </value>
            </param>
          </params>
          <reporter-output>
          </reporter-output>
        </test-method> <!-- runScenario -->
        <test-method signature="runScenario(io.cucumber.testng.PickleWrapper,io.cucumber.testng.FeatureWrapper)[pri:0, instance:Runner.TestRunner@72e34f77]" started-at="2025-05-12T14:27:54 CDT" name="runScenario" description="Runs Cucumber Scenarios" data-provider="scenarios" finished-at="2025-05-12T14:27:59 CDT" duration-ms="5833" status="PASS">
          <params>
            <param index="0">
              <value>
                <![CDATA["Verify that user receives error on submitting invalid python code, incorrect answer for "Max Consecutive Ones" question"]]>
              </value>
            </param>
            <param index="1">
              <value>
                <![CDATA["Array Page of DSAlgo portal"]]>
              </value>
            </param>
          </params>
          <reporter-output>
          </reporter-output>
        </test-method> <!-- runScenario -->
        <test-method signature="runScenario(io.cucumber.testng.PickleWrapper,io.cucumber.testng.FeatureWrapper)[pri:0, instance:Runner.TestRunner@72e34f77]" started-at="2025-05-12T14:27:59 CDT" name="runScenario" description="Runs Cucumber Scenarios" data-provider="scenarios" finished-at="2025-05-12T14:28:05 CDT" duration-ms="5541" status="PASS">
          <params>
            <param index="0">
              <value>
                <![CDATA["Verify that user receives error on submitting invalid python code, incorrect answer for "Max Consecutive Ones" question"]]>
              </value>
            </param>
            <param index="1">
              <value>
                <![CDATA["Array Page of DSAlgo portal"]]>
              </value>
            </param>
          </params>
          <reporter-output>
          </reporter-output>
        </test-method> <!-- runScenario -->
        <test-method signature="runScenario(io.cucumber.testng.PickleWrapper,io.cucumber.testng.FeatureWrapper)[pri:0, instance:Runner.TestRunner@72e34f77]" started-at="2025-05-12T14:28:05 CDT" name="runScenario" description="Runs Cucumber Scenarios" data-provider="scenarios" finished-at="2025-05-12T14:28:10 CDT" duration-ms="5589" status="FAIL">
          <params>
            <param index="0">
              <value>
                <![CDATA["Verify that user is able to successfully submit valid correct python code for "Max Consecutive Ones" question"]]>
              </value>
            </param>
            <param index="1">
              <value>
                <![CDATA["Array Page of DSAlgo portal"]]>
              </value>
            </param>
          </params>
          <exception class="java.lang.AssertionError">
            <message>
              <![CDATA[expected [Submission Successful] but found [ Some Tests failed. Please review code]]]>
            </message>
            <full-stacktrace>
              <![CDATA[java.lang.AssertionError: expected [Submission Successful] but found [ Some Tests failed. Please review code]
at org.testng.Assert.fail(Assert.java:111)
at org.testng.Assert.failNotEquals(Assert.java:1590)
at org.testng.Assert.assertEqualsImpl(Assert.java:150)
at org.testng.Assert.assertEquals(Assert.java:132)
at org.testng.Assert.assertEquals(Assert.java:656)
at org.testng.Assert.assertEquals(Assert.java:666)
at StepDefinitions.ArrayPageStep.the_user_should_see_a_message(ArrayPageStep.java:217)
at ✽.The user should see a message from "PracticeQns" and 8(file:///C:/Users/jimre/eclipse-workspace/DSAlgoBDD_ClubNinjas/clubNinjas-BDD/src/test/resources/features/ArrayPage.feature:142)
]]>
            </full-stacktrace>
          </exception> <!-- java.lang.AssertionError -->
          <reporter-output>
          </reporter-output>
        </test-method> <!-- runScenario -->
        <test-method signature="runScenario(io.cucumber.testng.PickleWrapper,io.cucumber.testng.FeatureWrapper)[pri:0, instance:Runner.TestRunner@72e34f77]" started-at="2025-05-12T14:28:10 CDT" name="runScenario" description="Runs Cucumber Scenarios" data-provider="scenarios" finished-at="2025-05-12T14:28:15 CDT" duration-ms="4831" status="PASS">
          <params>
            <param index="0">
              <value>
                <![CDATA["Verify that user is able to navigate to "Find Numbers with Even Number of Digits" Page from Practice question page of "Arrays in Python" page"]]>
              </value>
            </param>
            <param index="1">
              <value>
                <![CDATA["Array Page of DSAlgo portal"]]>
              </value>
            </param>
          </params>
          <reporter-output>
          </reporter-output>
        </test-method> <!-- runScenario -->
        <test-method signature="runScenario(io.cucumber.testng.PickleWrapper,io.cucumber.testng.FeatureWrapper)[pri:0, instance:Runner.TestRunner@72e34f77]" started-at="2025-05-12T14:28:15 CDT" name="runScenario" description="Runs Cucumber Scenarios" data-provider="scenarios" finished-at="2025-05-12T14:28:20 CDT" duration-ms="4687" status="PASS">
          <params>
            <param index="0">
              <value>
                <![CDATA["Verify that user receives NameError, SyntaxError for invalid python code on running "Find Numbers with Even Number of Digits" question"]]>
              </value>
            </param>
            <param index="1">
              <value>
                <![CDATA["Array Page of DSAlgo portal"]]>
              </value>
            </param>
          </params>
          <reporter-output>
          </reporter-output>
        </test-method> <!-- runScenario -->
        <test-method signature="runScenario(io.cucumber.testng.PickleWrapper,io.cucumber.testng.FeatureWrapper)[pri:0, instance:Runner.TestRunner@72e34f77]" started-at="2025-05-12T14:28:20 CDT" name="runScenario" description="Runs Cucumber Scenarios" data-provider="scenarios" finished-at="2025-05-12T14:28:25 CDT" duration-ms="5109" status="PASS">
          <params>
            <param index="0">
              <value>
                <![CDATA["Verify that user receives NameError, SyntaxError for invalid python code on running "Find Numbers with Even Number of Digits" question"]]>
              </value>
            </param>
            <param index="1">
              <value>
                <![CDATA["Array Page of DSAlgo portal"]]>
              </value>
            </param>
          </params>
          <reporter-output>
          </reporter-output>
        </test-method> <!-- runScenario -->
        <test-method signature="runScenario(io.cucumber.testng.PickleWrapper,io.cucumber.testng.FeatureWrapper)[pri:0, instance:Runner.TestRunner@72e34f77]" started-at="2025-05-12T14:28:25 CDT" name="runScenario" description="Runs Cucumber Scenarios" data-provider="scenarios" finished-at="2025-05-12T14:28:30 CDT" duration-ms="4605" status="PASS">
          <params>
            <param index="0">
              <value>
                <![CDATA["Verify that user is able to run valid python code for "Find Numbers with Even Number of Digits" question"]]>
              </value>
            </param>
            <param index="1">
              <value>
                <![CDATA["Array Page of DSAlgo portal"]]>
              </value>
            </param>
          </params>
          <reporter-output>
          </reporter-output>
        </test-method> <!-- runScenario -->
        <test-method signature="runScenario(io.cucumber.testng.PickleWrapper,io.cucumber.testng.FeatureWrapper)[pri:0, instance:Runner.TestRunner@72e34f77]" started-at="2025-05-12T14:28:30 CDT" name="runScenario" description="Runs Cucumber Scenarios" data-provider="scenarios" finished-at="2025-05-12T14:28:35 CDT" duration-ms="5248" status="PASS">
          <params>
            <param index="0">
              <value>
                <![CDATA["Verify that user receives error on submitting invalid python code, incorrect answer for "Find Numbers with Even Number of Digits" question"]]>
              </value>
            </param>
            <param index="1">
              <value>
                <![CDATA["Array Page of DSAlgo portal"]]>
              </value>
            </param>
          </params>
          <reporter-output>
          </reporter-output>
        </test-method> <!-- runScenario -->
        <test-method signature="runScenario(io.cucumber.testng.PickleWrapper,io.cucumber.testng.FeatureWrapper)[pri:0, instance:Runner.TestRunner@72e34f77]" started-at="2025-05-12T14:28:35 CDT" name="runScenario" description="Runs Cucumber Scenarios" data-provider="scenarios" finished-at="2025-05-12T14:28:40 CDT" duration-ms="5280" status="PASS">
          <params>
            <param index="0">
              <value>
                <![CDATA["Verify that user receives error on submitting invalid python code, incorrect answer for "Find Numbers with Even Number of Digits" question"]]>
              </value>
            </param>
            <param index="1">
              <value>
                <![CDATA["Array Page of DSAlgo portal"]]>
              </value>
            </param>
          </params>
          <reporter-output>
          </reporter-output>
        </test-method> <!-- runScenario -->
        <test-method signature="runScenario(io.cucumber.testng.PickleWrapper,io.cucumber.testng.FeatureWrapper)[pri:0, instance:Runner.TestRunner@72e34f77]" started-at="2025-05-12T14:28:40 CDT" name="runScenario" description="Runs Cucumber Scenarios" data-provider="scenarios" finished-at="2025-05-12T14:28:45 CDT" duration-ms="5125" status="PASS">
          <params>
            <param index="0">
              <value>
                <![CDATA["Verify that user is able to successfully submit valid correct python code for "Find Numbers with Even Number of Digits" question"]]>
              </value>
            </param>
            <param index="1">
              <value>
                <![CDATA["Array Page of DSAlgo portal"]]>
              </value>
            </param>
          </params>
          <reporter-output>
          </reporter-output>
        </test-method> <!-- runScenario -->
        <test-method signature="runScenario(io.cucumber.testng.PickleWrapper,io.cucumber.testng.FeatureWrapper)[pri:0, instance:Runner.TestRunner@72e34f77]" started-at="2025-05-12T14:28:45 CDT" name="runScenario" description="Runs Cucumber Scenarios" data-provider="scenarios" finished-at="2025-05-12T14:28:50 CDT" duration-ms="4700" status="PASS">
          <params>
            <param index="0">
              <value>
                <![CDATA["Verify that user is able to navigate to "Squares of a Sorted Array" Page from Practice question page of "Arrays in Python" page"]]>
              </value>
            </param>
            <param index="1">
              <value>
                <![CDATA["Array Page of DSAlgo portal"]]>
              </value>
            </param>
          </params>
          <reporter-output>
          </reporter-output>
        </test-method> <!-- runScenario -->
        <test-method signature="runScenario(io.cucumber.testng.PickleWrapper,io.cucumber.testng.FeatureWrapper)[pri:0, instance:Runner.TestRunner@72e34f77]" started-at="2025-05-12T14:28:50 CDT" name="runScenario" description="Runs Cucumber Scenarios" data-provider="scenarios" finished-at="2025-05-12T14:28:56 CDT" duration-ms="5709" status="PASS">
          <params>
            <param index="0">
              <value>
                <![CDATA["Verify that user receives NameError, SyntaxError for invalid python code on running "Squares of a Sorted Array" question"]]>
              </value>
            </param>
            <param index="1">
              <value>
                <![CDATA["Array Page of DSAlgo portal"]]>
              </value>
            </param>
          </params>
          <reporter-output>
          </reporter-output>
        </test-method> <!-- runScenario -->
        <test-method signature="runScenario(io.cucumber.testng.PickleWrapper,io.cucumber.testng.FeatureWrapper)[pri:0, instance:Runner.TestRunner@72e34f77]" started-at="2025-05-12T14:28:56 CDT" name="runScenario" description="Runs Cucumber Scenarios" data-provider="scenarios" finished-at="2025-05-12T14:29:00 CDT" duration-ms="4527" status="PASS">
          <params>
            <param index="0">
              <value>
                <![CDATA["Verify that user receives NameError, SyntaxError for invalid python code on running "Squares of a Sorted Array" question"]]>
              </value>
            </param>
            <param index="1">
              <value>
                <![CDATA["Array Page of DSAlgo portal"]]>
              </value>
            </param>
          </params>
          <reporter-output>
          </reporter-output>
        </test-method> <!-- runScenario -->
        <test-method signature="runScenario(io.cucumber.testng.PickleWrapper,io.cucumber.testng.FeatureWrapper)[pri:0, instance:Runner.TestRunner@72e34f77]" started-at="2025-05-12T14:29:00 CDT" name="runScenario" description="Runs Cucumber Scenarios" data-provider="scenarios" finished-at="2025-05-12T14:29:05 CDT" duration-ms="4788" status="PASS">
          <params>
            <param index="0">
              <value>
                <![CDATA["Verify that user is able to run valid python code for "Squares of a Sorted Array" question"]]>
              </value>
            </param>
            <param index="1">
              <value>
                <![CDATA["Array Page of DSAlgo portal"]]>
              </value>
            </param>
          </params>
          <reporter-output>
          </reporter-output>
        </test-method> <!-- runScenario -->
        <test-method signature="runScenario(io.cucumber.testng.PickleWrapper,io.cucumber.testng.FeatureWrapper)[pri:0, instance:Runner.TestRunner@72e34f77]" started-at="2025-05-12T14:29:05 CDT" name="runScenario" description="Runs Cucumber Scenarios" data-provider="scenarios" finished-at="2025-05-12T14:29:11 CDT" duration-ms="5567" status="FAIL">
          <params>
            <param index="0">
              <value>
                <![CDATA["Verify that user receives error on submitting invalid python code, incorrect code for "Squares of a Sorted Array" question"]]>
              </value>
            </param>
            <param index="1">
              <value>
                <![CDATA["Array Page of DSAlgo portal"]]>
              </value>
            </param>
          </params>
          <exception class="java.lang.AssertionError">
            <message>
              <![CDATA[expected [Error occurred during submission] but found [ No tests were collected]]]>
            </message>
            <full-stacktrace>
              <![CDATA[java.lang.AssertionError: expected [Error occurred during submission] but found [ No tests were collected]
at org.testng.Assert.fail(Assert.java:111)
at org.testng.Assert.failNotEquals(Assert.java:1590)
at org.testng.Assert.assertEqualsImpl(Assert.java:150)
at org.testng.Assert.assertEquals(Assert.java:132)
at org.testng.Assert.assertEquals(Assert.java:656)
at org.testng.Assert.assertEquals(Assert.java:666)
at StepDefinitions.ArrayPageStep.the_user_should_see_a_message(ArrayPageStep.java:217)
at ✽.The user should see a message from "PracticeQns" and 3(file:///C:/Users/jimre/eclipse-workspace/DSAlgoBDD_ClubNinjas/clubNinjas-BDD/src/test/resources/features/ArrayPage.feature:220)
]]>
            </full-stacktrace>
          </exception> <!-- java.lang.AssertionError -->
          <reporter-output>
          </reporter-output>
        </test-method> <!-- runScenario -->
        <test-method signature="runScenario(io.cucumber.testng.PickleWrapper,io.cucumber.testng.FeatureWrapper)[pri:0, instance:Runner.TestRunner@72e34f77]" started-at="2025-05-12T14:29:11 CDT" name="runScenario" description="Runs Cucumber Scenarios" data-provider="scenarios" finished-at="2025-05-12T14:29:16 CDT" duration-ms="5763" status="FAIL">
          <params>
            <param index="0">
              <value>
                <![CDATA["Verify that user receives error on submitting invalid python code, incorrect code for "Squares of a Sorted Array" question"]]>
              </value>
            </param>
            <param index="1">
              <value>
                <![CDATA["Array Page of DSAlgo portal"]]>
              </value>
            </param>
          </params>
          <exception class="java.lang.AssertionError">
            <message>
              <![CDATA[expected [Error occurred during submission] but found [ No tests were collected]]]>
            </message>
            <full-stacktrace>
              <![CDATA[java.lang.AssertionError: expected [Error occurred during submission] but found [ No tests were collected]
at org.testng.Assert.fail(Assert.java:111)
at org.testng.Assert.failNotEquals(Assert.java:1590)
at org.testng.Assert.assertEqualsImpl(Assert.java:150)
at org.testng.Assert.assertEquals(Assert.java:132)
at org.testng.Assert.assertEquals(Assert.java:656)
at org.testng.Assert.assertEquals(Assert.java:666)
at StepDefinitions.ArrayPageStep.the_user_should_see_a_message(ArrayPageStep.java:217)
at ✽.The user should see a message from "PracticeQns" and 4(file:///C:/Users/jimre/eclipse-workspace/DSAlgoBDD_ClubNinjas/clubNinjas-BDD/src/test/resources/features/ArrayPage.feature:220)
]]>
            </full-stacktrace>
          </exception> <!-- java.lang.AssertionError -->
          <reporter-output>
          </reporter-output>
        </test-method> <!-- runScenario -->
        <test-method signature="runScenario(io.cucumber.testng.PickleWrapper,io.cucumber.testng.FeatureWrapper)[pri:0, instance:Runner.TestRunner@72e34f77]" started-at="2025-05-12T14:29:16 CDT" name="runScenario" description="Runs Cucumber Scenarios" data-provider="scenarios" finished-at="2025-05-12T14:29:22 CDT" duration-ms="5389" status="FAIL">
          <params>
            <param index="0">
              <value>
                <![CDATA["Verify that user is able to successfully submit valid correct python code for "Squares of a Sorted Array" question"]]>
              </value>
            </param>
            <param index="1">
              <value>
                <![CDATA["Array Page of DSAlgo portal"]]>
              </value>
            </param>
          </params>
          <exception class="java.lang.AssertionError">
            <message>
              <![CDATA[expected [Submission Successful] but found [ No tests were collected]]]>
            </message>
            <full-stacktrace>
              <![CDATA[java.lang.AssertionError: expected [Submission Successful] but found [ No tests were collected]
at org.testng.Assert.fail(Assert.java:111)
at org.testng.Assert.failNotEquals(Assert.java:1590)
at org.testng.Assert.assertEqualsImpl(Assert.java:150)
at org.testng.Assert.assertEquals(Assert.java:132)
at org.testng.Assert.assertEquals(Assert.java:656)
at org.testng.Assert.assertEquals(Assert.java:666)
at StepDefinitions.ArrayPageStep.the_user_should_see_a_message(ArrayPageStep.java:217)
at ✽.The user should see a message from "PracticeQns" and 12(file:///C:/Users/jimre/eclipse-workspace/DSAlgoBDD_ClubNinjas/clubNinjas-BDD/src/test/resources/features/ArrayPage.feature:231)
]]>
            </full-stacktrace>
          </exception> <!-- java.lang.AssertionError -->
          <reporter-output>
          </reporter-output>
        </test-method> <!-- runScenario -->
        <test-method signature="runScenario(io.cucumber.testng.PickleWrapper,io.cucumber.testng.FeatureWrapper)[pri:0, instance:Runner.TestRunner@72e34f77]" started-at="2025-05-12T14:29:22 CDT" name="runScenario" description="Runs Cucumber Scenarios" data-provider="scenarios" finished-at="2025-05-12T14:29:26 CDT" duration-ms="3779" status="PASS">
          <params>
            <param index="0">
              <value>
                <![CDATA["Verify that user is able to navigate to "Arrays Using List" page"]]>
              </value>
            </param>
            <param index="1">
              <value>
                <![CDATA["Array Page of DSAlgo portal"]]>
              </value>
            </param>
          </params>
          <reporter-output>
          </reporter-output>
        </test-method> <!-- runScenario -->
        <test-method signature="runScenario(io.cucumber.testng.PickleWrapper,io.cucumber.testng.FeatureWrapper)[pri:0, instance:Runner.TestRunner@72e34f77]" started-at="2025-05-12T14:29:26 CDT" name="runScenario" description="Runs Cucumber Scenarios" data-provider="scenarios" finished-at="2025-05-12T14:29:30 CDT" duration-ms="4144" status="PASS">
          <params>
            <param index="0">
              <value>
                <![CDATA["Verify that user is able to navigate to "try Editor" page for "Arrays Using List" page"]]>
              </value>
            </param>
            <param index="1">
              <value>
                <![CDATA["Array Page of DSAlgo portal"]]>
              </value>
            </param>
          </params>
          <reporter-output>
          </reporter-output>
        </test-method> <!-- runScenario -->
        <test-method signature="runScenario(io.cucumber.testng.PickleWrapper,io.cucumber.testng.FeatureWrapper)[pri:0, instance:Runner.TestRunner@72e34f77]" started-at="2025-05-12T14:29:30 CDT" name="runScenario" description="Runs Cucumber Scenarios" data-provider="scenarios" finished-at="2025-05-12T14:29:35 CDT" duration-ms="4931" status="FAIL">
          <params>
            <param index="0">
              <value>
                <![CDATA["Verify that user receives error when click on Run button without entering code for "Arrays Using List" try Editor page"]]>
              </value>
            </param>
            <param index="1">
              <value>
                <![CDATA["Array Page of DSAlgo portal"]]>
              </value>
            </param>
          </params>
          <exception class="java.lang.AssertionError">
            <message>
              <![CDATA[expected [true] but found [false]]]>
            </message>
            <full-stacktrace>
              <![CDATA[java.lang.AssertionError: expected [true] but found [false]
at org.testng.Assert.fail(Assert.java:111)
at org.testng.Assert.failNotEquals(Assert.java:1590)
at org.testng.Assert.assertTrue(Assert.java:57)
at org.testng.Assert.assertTrue(Assert.java:67)
at StepDefinitions.ArrayPageStep.the_user_should_able_to_see_a_error_message_from_and(ArrayPageStep.java:121)
at ✽.The user should able to see a error message from "TryCode" and 1(file:///C:/Users/jimre/eclipse-workspace/DSAlgoBDD_ClubNinjas/clubNinjas-BDD/src/test/resources/features/ArrayPage.feature:250)
]]>
            </full-stacktrace>
          </exception> <!-- java.lang.AssertionError -->
          <reporter-output>
          </reporter-output>
        </test-method> <!-- runScenario -->
        <test-method signature="runScenario(io.cucumber.testng.PickleWrapper,io.cucumber.testng.FeatureWrapper)[pri:0, instance:Runner.TestRunner@72e34f77]" started-at="2025-05-12T14:29:35 CDT" name="runScenario" description="Runs Cucumber Scenarios" data-provider="scenarios" finished-at="2025-05-12T14:29:39 CDT" duration-ms="4384" status="PASS">
          <params>
            <param index="0">
              <value>
                <![CDATA["Verify that user receives error when click on Run button without entering code for "Arrays Using List" try Editor page"]]>
              </value>
            </param>
            <param index="1">
              <value>
                <![CDATA["Array Page of DSAlgo portal"]]>
              </value>
            </param>
          </params>
          <reporter-output>
          </reporter-output>
        </test-method> <!-- runScenario -->
        <test-method signature="runScenario(io.cucumber.testng.PickleWrapper,io.cucumber.testng.FeatureWrapper)[pri:0, instance:Runner.TestRunner@72e34f77]" started-at="2025-05-12T14:29:39 CDT" name="runScenario" description="Runs Cucumber Scenarios" data-provider="scenarios" finished-at="2025-05-12T14:29:43 CDT" duration-ms="4210" status="PASS">
          <params>
            <param index="0">
              <value>
                <![CDATA["Verify that user receives error when click on Run button without entering code for "Arrays Using List" try Editor page"]]>
              </value>
            </param>
            <param index="1">
              <value>
                <![CDATA["Array Page of DSAlgo portal"]]>
              </value>
            </param>
          </params>
          <reporter-output>
          </reporter-output>
        </test-method> <!-- runScenario -->
        <test-method signature="runScenario(io.cucumber.testng.PickleWrapper,io.cucumber.testng.FeatureWrapper)[pri:0, instance:Runner.TestRunner@72e34f77]" started-at="2025-05-12T14:29:43 CDT" name="runScenario" description="Runs Cucumber Scenarios" data-provider="scenarios" finished-at="2025-05-12T14:29:48 CDT" duration-ms="4990" status="PASS">
          <params>
            <param index="0">
              <value>
                <![CDATA["Verify that user is able to see output for valid python code for "Arrays Using List" try Editor page"]]>
              </value>
            </param>
            <param index="1">
              <value>
                <![CDATA["Array Page of DSAlgo portal"]]>
              </value>
            </param>
          </params>
          <reporter-output>
          </reporter-output>
        </test-method> <!-- runScenario -->
        <test-method signature="runScenario(io.cucumber.testng.PickleWrapper,io.cucumber.testng.FeatureWrapper)[pri:0, instance:Runner.TestRunner@72e34f77]" started-at="2025-05-12T14:29:48 CDT" name="runScenario" description="Runs Cucumber Scenarios" data-provider="scenarios" finished-at="2025-05-12T14:29:52 CDT" duration-ms="4103" status="PASS">
          <params>
            <param index="0">
              <value>
                <![CDATA["Verify that user is able to navigate to "Practice Questions" Page from "Arrays Using List" page"]]>
              </value>
            </param>
            <param index="1">
              <value>
                <![CDATA["Array Page of DSAlgo portal"]]>
              </value>
            </param>
          </params>
          <reporter-output>
          </reporter-output>
        </test-method> <!-- runScenario -->
        <test-method signature="runScenario(io.cucumber.testng.PickleWrapper,io.cucumber.testng.FeatureWrapper)[pri:0, instance:Runner.TestRunner@72e34f77]" started-at="2025-05-12T14:29:52 CDT" name="runScenario" description="Runs Cucumber Scenarios" data-provider="scenarios" finished-at="2025-05-12T14:29:56 CDT" duration-ms="3741" status="PASS">
          <params>
            <param index="0">
              <value>
                <![CDATA["Verify that user is able to navigate to "Basic Operations in Lists" page"]]>
              </value>
            </param>
            <param index="1">
              <value>
                <![CDATA["Array Page of DSAlgo portal"]]>
              </value>
            </param>
          </params>
          <reporter-output>
          </reporter-output>
        </test-method> <!-- runScenario -->
        <test-method signature="runScenario(io.cucumber.testng.PickleWrapper,io.cucumber.testng.FeatureWrapper)[pri:0, instance:Runner.TestRunner@72e34f77]" started-at="2025-05-12T14:29:56 CDT" name="runScenario" description="Runs Cucumber Scenarios" data-provider="scenarios" finished-at="2025-05-12T14:30:00 CDT" duration-ms="4295" status="PASS">
          <params>
            <param index="0">
              <value>
                <![CDATA["Verify that user is able to navigate to "try Editor" page for "Basic Operations in Lists" page"]]>
              </value>
            </param>
            <param index="1">
              <value>
                <![CDATA["Array Page of DSAlgo portal"]]>
              </value>
            </param>
          </params>
          <reporter-output>
          </reporter-output>
        </test-method> <!-- runScenario -->
        <test-method signature="runScenario(io.cucumber.testng.PickleWrapper,io.cucumber.testng.FeatureWrapper)[pri:0, instance:Runner.TestRunner@72e34f77]" started-at="2025-05-12T14:30:00 CDT" name="runScenario" description="Runs Cucumber Scenarios" data-provider="scenarios" finished-at="2025-05-12T14:30:05 CDT" duration-ms="4685" status="FAIL">
          <params>
            <param index="0">
              <value>
                <![CDATA["Verify that user receives error when click on Run button without entering code for "Basic Operations in Lists" try Editor page"]]>
              </value>
            </param>
            <param index="1">
              <value>
                <![CDATA["Array Page of DSAlgo portal"]]>
              </value>
            </param>
          </params>
          <exception class="java.lang.AssertionError">
            <message>
              <![CDATA[expected [true] but found [false]]]>
            </message>
            <full-stacktrace>
              <![CDATA[java.lang.AssertionError: expected [true] but found [false]
at org.testng.Assert.fail(Assert.java:111)
at org.testng.Assert.failNotEquals(Assert.java:1590)
at org.testng.Assert.assertTrue(Assert.java:57)
at org.testng.Assert.assertTrue(Assert.java:67)
at StepDefinitions.ArrayPageStep.the_user_should_able_to_see_a_error_message_from_and(ArrayPageStep.java:121)
at ✽.The user should able to see a error message from "TryCode" and 1(file:///C:/Users/jimre/eclipse-workspace/DSAlgoBDD_ClubNinjas/clubNinjas-BDD/src/test/resources/features/ArrayPage.feature:285)
]]>
            </full-stacktrace>
          </exception> <!-- java.lang.AssertionError -->
          <reporter-output>
          </reporter-output>
        </test-method> <!-- runScenario -->
        <test-method signature="runScenario(io.cucumber.testng.PickleWrapper,io.cucumber.testng.FeatureWrapper)[pri:0, instance:Runner.TestRunner@72e34f77]" started-at="2025-05-12T14:30:05 CDT" name="runScenario" description="Runs Cucumber Scenarios" data-provider="scenarios" finished-at="2025-05-12T14:30:10 CDT" duration-ms="4415" status="PASS">
          <params>
            <param index="0">
              <value>
                <![CDATA["Verify that user receives error when click on Run button without entering code for "Basic Operations in Lists" try Editor page"]]>
              </value>
            </param>
            <param index="1">
              <value>
                <![CDATA["Array Page of DSAlgo portal"]]>
              </value>
            </param>
          </params>
          <reporter-output>
          </reporter-output>
        </test-method> <!-- runScenario -->
        <test-method signature="runScenario(io.cucumber.testng.PickleWrapper,io.cucumber.testng.FeatureWrapper)[pri:0, instance:Runner.TestRunner@72e34f77]" started-at="2025-05-12T14:30:10 CDT" name="runScenario" description="Runs Cucumber Scenarios" data-provider="scenarios" finished-at="2025-05-12T14:30:14 CDT" duration-ms="4375" status="PASS">
          <params>
            <param index="0">
              <value>
                <![CDATA["Verify that user receives error when click on Run button without entering code for "Basic Operations in Lists" try Editor page"]]>
              </value>
            </param>
            <param index="1">
              <value>
                <![CDATA["Array Page of DSAlgo portal"]]>
              </value>
            </param>
          </params>
          <reporter-output>
          </reporter-output>
        </test-method> <!-- runScenario -->
        <test-method signature="runScenario(io.cucumber.testng.PickleWrapper,io.cucumber.testng.FeatureWrapper)[pri:0, instance:Runner.TestRunner@72e34f77]" started-at="2025-05-12T14:30:14 CDT" name="runScenario" description="Runs Cucumber Scenarios" data-provider="scenarios" finished-at="2025-05-12T14:30:18 CDT" duration-ms="4445" status="PASS">
          <params>
            <param index="0">
              <value>
                <![CDATA["Verify that user is able to see output for valid python code for "Basic Operations in Lists"try Editor page"]]>
              </value>
            </param>
            <param index="1">
              <value>
                <![CDATA["Array Page of DSAlgo portal"]]>
              </value>
            </param>
          </params>
          <reporter-output>
          </reporter-output>
        </test-method> <!-- runScenario -->
        <test-method signature="runScenario(io.cucumber.testng.PickleWrapper,io.cucumber.testng.FeatureWrapper)[pri:0, instance:Runner.TestRunner@72e34f77]" started-at="2025-05-12T14:30:18 CDT" name="runScenario" description="Runs Cucumber Scenarios" data-provider="scenarios" finished-at="2025-05-12T14:30:22 CDT" duration-ms="3829" status="PASS">
          <params>
            <param index="0">
              <value>
                <![CDATA["Verify that user is able to navigate to "Practice Questions" Page from "Basic Operations in Lists" page"]]>
              </value>
            </param>
            <param index="1">
              <value>
                <![CDATA["Array Page of DSAlgo portal"]]>
              </value>
            </param>
          </params>
          <reporter-output>
          </reporter-output>
        </test-method> <!-- runScenario -->
        <test-method signature="runScenario(io.cucumber.testng.PickleWrapper,io.cucumber.testng.FeatureWrapper)[pri:0, instance:Runner.TestRunner@72e34f77]" started-at="2025-05-12T14:30:22 CDT" name="runScenario" description="Runs Cucumber Scenarios" data-provider="scenarios" finished-at="2025-05-12T14:30:26 CDT" duration-ms="3962" status="PASS">
          <params>
            <param index="0">
              <value>
                <![CDATA["Verify that user is able to navigate to "Applications of Array" page"]]>
              </value>
            </param>
            <param index="1">
              <value>
                <![CDATA["Array Page of DSAlgo portal"]]>
              </value>
            </param>
          </params>
          <reporter-output>
          </reporter-output>
        </test-method> <!-- runScenario -->
        <test-method signature="runScenario(io.cucumber.testng.PickleWrapper,io.cucumber.testng.FeatureWrapper)[pri:0, instance:Runner.TestRunner@72e34f77]" started-at="2025-05-12T14:30:26 CDT" name="runScenario" description="Runs Cucumber Scenarios" data-provider="scenarios" finished-at="2025-05-12T14:30:30 CDT" duration-ms="4133" status="PASS">
          <params>
            <param index="0">
              <value>
                <![CDATA["Verify that user is able to navigate to "try Editor" page for "Applications of Array" page"]]>
              </value>
            </param>
            <param index="1">
              <value>
                <![CDATA["Array Page of DSAlgo portal"]]>
              </value>
            </param>
          </params>
          <reporter-output>
          </reporter-output>
        </test-method> <!-- runScenario -->
        <test-method signature="runScenario(io.cucumber.testng.PickleWrapper,io.cucumber.testng.FeatureWrapper)[pri:0, instance:Runner.TestRunner@72e34f77]" started-at="2025-05-12T14:30:30 CDT" name="runScenario" description="Runs Cucumber Scenarios" data-provider="scenarios" finished-at="2025-05-12T14:30:35 CDT" duration-ms="4753" status="FAIL">
          <params>
            <param index="0">
              <value>
                <![CDATA["Verify that user receives error when click on Run button without entering code for "Applications of Array" page"]]>
              </value>
            </param>
            <param index="1">
              <value>
                <![CDATA["Array Page of DSAlgo portal"]]>
              </value>
            </param>
          </params>
          <exception class="java.lang.AssertionError">
            <message>
              <![CDATA[expected [true] but found [false]]]>
            </message>
            <full-stacktrace>
              <![CDATA[java.lang.AssertionError: expected [true] but found [false]
at org.testng.Assert.fail(Assert.java:111)
at org.testng.Assert.failNotEquals(Assert.java:1590)
at org.testng.Assert.assertTrue(Assert.java:57)
at org.testng.Assert.assertTrue(Assert.java:67)
at StepDefinitions.ArrayPageStep.the_user_should_able_to_see_a_error_message_from_and(ArrayPageStep.java:121)
at ✽.The user should able to see a error message from "TryCode" and 1(file:///C:/Users/jimre/eclipse-workspace/DSAlgoBDD_ClubNinjas/clubNinjas-BDD/src/test/resources/features/ArrayPage.feature:320)
]]>
            </full-stacktrace>
          </exception> <!-- java.lang.AssertionError -->
          <reporter-output>
          </reporter-output>
        </test-method> <!-- runScenario -->
        <test-method signature="runScenario(io.cucumber.testng.PickleWrapper,io.cucumber.testng.FeatureWrapper)[pri:0, instance:Runner.TestRunner@72e34f77]" started-at="2025-05-12T14:30:35 CDT" name="runScenario" description="Runs Cucumber Scenarios" data-provider="scenarios" finished-at="2025-05-12T14:30:39 CDT" duration-ms="4325" status="PASS">
          <params>
            <param index="0">
              <value>
                <![CDATA["Verify that user receives error when click on Run button without entering code for "Applications of Array" page"]]>
              </value>
            </param>
            <param index="1">
              <value>
                <![CDATA["Array Page of DSAlgo portal"]]>
              </value>
            </param>
          </params>
          <reporter-output>
          </reporter-output>
        </test-method> <!-- runScenario -->
        <test-method signature="runScenario(io.cucumber.testng.PickleWrapper,io.cucumber.testng.FeatureWrapper)[pri:0, instance:Runner.TestRunner@72e34f77]" started-at="2025-05-12T14:30:39 CDT" name="runScenario" description="Runs Cucumber Scenarios" data-provider="scenarios" finished-at="2025-05-12T14:30:44 CDT" duration-ms="4353" status="PASS">
          <params>
            <param index="0">
              <value>
                <![CDATA["Verify that user receives error when click on Run button without entering code for "Applications of Array" page"]]>
              </value>
            </param>
            <param index="1">
              <value>
                <![CDATA["Array Page of DSAlgo portal"]]>
              </value>
            </param>
          </params>
          <reporter-output>
          </reporter-output>
        </test-method> <!-- runScenario -->
        <test-method signature="runScenario(io.cucumber.testng.PickleWrapper,io.cucumber.testng.FeatureWrapper)[pri:0, instance:Runner.TestRunner@72e34f77]" started-at="2025-05-12T14:30:44 CDT" name="runScenario" description="Runs Cucumber Scenarios" data-provider="scenarios" finished-at="2025-05-12T14:30:49 CDT" duration-ms="5633" status="PASS">
          <params>
            <param index="0">
              <value>
                <![CDATA["Verify that user is able to see output for valid python code for "Applications of Array" try Editor page"]]>
              </value>
            </param>
            <param index="1">
              <value>
                <![CDATA["Array Page of DSAlgo portal"]]>
              </value>
            </param>
          </params>
          <reporter-output>
          </reporter-output>
        </test-method> <!-- runScenario -->
        <test-method signature="runScenario(io.cucumber.testng.PickleWrapper,io.cucumber.testng.FeatureWrapper)[pri:0, instance:Runner.TestRunner@72e34f77]" started-at="2025-05-12T14:30:49 CDT" name="runScenario" description="Runs Cucumber Scenarios" data-provider="scenarios" finished-at="2025-05-12T14:30:53 CDT" duration-ms="3643" status="PASS">
          <params>
            <param index="0">
              <value>
                <![CDATA["Verify that user is able to navigate to "Practice Questions" Page for "Applications of Array" try Editor page"]]>
              </value>
            </param>
            <param index="1">
              <value>
                <![CDATA["Array Page of DSAlgo portal"]]>
              </value>
            </param>
          </params>
          <reporter-output>
          </reporter-output>
        </test-method> <!-- runScenario -->
        <test-method signature="runScenario(io.cucumber.testng.PickleWrapper,io.cucumber.testng.FeatureWrapper)[pri:0, instance:Runner.TestRunner@72e34f77]" started-at="2025-05-12T14:30:53 CDT" name="runScenario" description="Runs Cucumber Scenarios" data-provider="scenarios" finished-at="2025-05-12T14:30:56 CDT" duration-ms="3408" status="PASS">
          <params>
            <param index="0">
              <value>
                <![CDATA["Verify that user is able to navigate to "Data Structures - Introduction" page"]]>
              </value>
            </param>
            <param index="1">
              <value>
                <![CDATA["Data Structures - Introduction"]]>
              </value>
            </param>
          </params>
          <reporter-output>
          </reporter-output>
        </test-method> <!-- runScenario -->
        <test-method signature="runScenario(io.cucumber.testng.PickleWrapper,io.cucumber.testng.FeatureWrapper)[pri:0, instance:Runner.TestRunner@72e34f77]" started-at="2025-05-12T14:30:56 CDT" name="runScenario" description="Runs Cucumber Scenarios" data-provider="scenarios" finished-at="2025-05-12T14:31:00 CDT" duration-ms="3695" status="PASS">
          <params>
            <param index="0">
              <value>
                <![CDATA["Verify that user is able to navigate to "Time Complexity" page"]]>
              </value>
            </param>
            <param index="1">
              <value>
                <![CDATA["Data Structures - Introduction"]]>
              </value>
            </param>
          </params>
          <reporter-output>
          </reporter-output>
        </test-method> <!-- runScenario -->
        <test-method signature="runScenario(io.cucumber.testng.PickleWrapper,io.cucumber.testng.FeatureWrapper)[pri:0, instance:Runner.TestRunner@72e34f77]" started-at="2025-05-12T14:31:00 CDT" name="runScenario" description="Runs Cucumber Scenarios" data-provider="scenarios" finished-at="2025-05-12T14:31:04 CDT" duration-ms="3885" status="PASS">
          <params>
            <param index="0">
              <value>
                <![CDATA["Verify that user is able to navigate to "Practice Questions" page"]]>
              </value>
            </param>
            <param index="1">
              <value>
                <![CDATA["Data Structures - Introduction"]]>
              </value>
            </param>
          </params>
          <reporter-output>
          </reporter-output>
        </test-method> <!-- runScenario -->
        <test-method signature="runScenario(io.cucumber.testng.PickleWrapper,io.cucumber.testng.FeatureWrapper)[pri:0, instance:Runner.TestRunner@72e34f77]" started-at="2025-05-12T14:31:04 CDT" name="runScenario" description="Runs Cucumber Scenarios" data-provider="scenarios" finished-at="2025-05-12T14:31:18 CDT" duration-ms="14139" status="FAIL">
          <params>
            <param index="0">
              <value>
                <![CDATA["Verify that user is able to open practice questions in "Practice Questions" page"]]>
              </value>
            </param>
            <param index="1">
              <value>
                <![CDATA["Data Structures - Introduction"]]>
              </value>
            </param>
          </params>
          <exception class="java.lang.RuntimeException">
            <message>
              <![CDATA[ No links found on the page. Page might be blank!]]>
            </message>
            <full-stacktrace>
              <![CDATA[java.lang.RuntimeException:  No links found on the page. Page might be blank!
at PageObject.DataStructurePageObject.click_first_practiceQn_link(DataStructurePageObject.java:83)
at StepDefinitions.DataStructureStep.the_user_clicks_the_first_practice_question_in_practice_questions_page(DataStructureStep.java:119)
at ✽.The user clicks the first practice question in Practice Questions page(file:///C:/Users/jimre/eclipse-workspace/DSAlgoBDD_ClubNinjas/clubNinjas-BDD/src/test/resources/features/DataStructure.feature:25)
]]>
            </full-stacktrace>
          </exception> <!-- java.lang.RuntimeException -->
          <reporter-output>
          </reporter-output>
        </test-method> <!-- runScenario -->
        <test-method signature="runScenario(io.cucumber.testng.PickleWrapper,io.cucumber.testng.FeatureWrapper)[pri:0, instance:Runner.TestRunner@72e34f77]" started-at="2025-05-12T14:31:18 CDT" name="runScenario" description="Runs Cucumber Scenarios" data-provider="scenarios" finished-at="2025-05-12T14:31:23 CDT" duration-ms="4600" status="PASS">
          <params>
            <param index="0">
              <value>
                <![CDATA["Verify that user is able to navigate to "Try here" in "Time Complexity" page"]]>
              </value>
            </param>
            <param index="1">
              <value>
                <![CDATA["Data Structures - Introduction"]]>
              </value>
            </param>
          </params>
          <reporter-output>
          </reporter-output>
        </test-method> <!-- runScenario -->
        <test-method signature="runScenario(io.cucumber.testng.PickleWrapper,io.cucumber.testng.FeatureWrapper)[pri:0, instance:Runner.TestRunner@72e34f77]" started-at="2025-05-12T14:31:23 CDT" name="runScenario" description="Runs Cucumber Scenarios" data-provider="scenarios" finished-at="2025-05-12T14:31:27 CDT" duration-ms="4713" status="FAIL">
          <params>
            <param index="0">
              <value>
                <![CDATA["Verify that user receives error when click on Run button without entering code"]]>
              </value>
            </param>
            <param index="1">
              <value>
                <![CDATA["Data Structures - Introduction"]]>
              </value>
            </param>
          </params>
          <exception class="java.lang.AssertionError">
            <message>
              <![CDATA[No Alert found]]>
            </message>
            <full-stacktrace>
              <![CDATA[java.lang.AssertionError: No Alert found
at org.testng.Assert.fail(Assert.java:111)
at PageObject.DataStructurePageObject.acceptAlert(DataStructurePageObject.java:142)
at StepDefinitions.DataStructureStep.the_user_should_able_to_see_a_error_message_from_and_on_time_complexity_try_editor_popup(DataStructureStep.java:152)
at ✽.The user should able to see a error message from "DataStructures" and 4 on Time Complexity tryEditor popup(file:///C:/Users/jimre/eclipse-workspace/DSAlgoBDD_ClubNinjas/clubNinjas-BDD/src/test/resources/features/DataStructure.feature:36)
]]>
            </full-stacktrace>
          </exception> <!-- java.lang.AssertionError -->
          <reporter-output>
          </reporter-output>
        </test-method> <!-- runScenario -->
        <test-method signature="runScenario(io.cucumber.testng.PickleWrapper,io.cucumber.testng.FeatureWrapper)[pri:0, instance:Runner.TestRunner@72e34f77]" started-at="2025-05-12T14:31:27 CDT" name="runScenario" description="Runs Cucumber Scenarios" data-provider="scenarios" finished-at="2025-05-12T14:31:32 CDT" duration-ms="4334" status="PASS">
          <params>
            <param index="0">
              <value>
                <![CDATA["Verify that user receives error for invalid python code in Time Complexity Try Editor"]]>
              </value>
            </param>
            <param index="1">
              <value>
                <![CDATA["Data Structures - Introduction"]]>
              </value>
            </param>
          </params>
          <reporter-output>
          </reporter-output>
        </test-method> <!-- runScenario -->
        <test-method signature="runScenario(io.cucumber.testng.PickleWrapper,io.cucumber.testng.FeatureWrapper)[pri:0, instance:Runner.TestRunner@72e34f77]" started-at="2025-05-12T14:31:32 CDT" name="runScenario" description="Runs Cucumber Scenarios" data-provider="scenarios" finished-at="2025-05-12T14:31:36 CDT" duration-ms="4475" status="PASS">
          <params>
            <param index="0">
              <value>
                <![CDATA["Verify that user is able to see output for valid python code in Time Complexity Try Editor"]]>
              </value>
            </param>
            <param index="1">
              <value>
                <![CDATA["Data Structures - Introduction"]]>
              </value>
            </param>
          </params>
          <reporter-output>
          </reporter-output>
        </test-method> <!-- runScenario -->
        <test-method signature="runScenario(io.cucumber.testng.PickleWrapper,io.cucumber.testng.FeatureWrapper)[pri:0, instance:Runner.TestRunner@72e34f77]" started-at="2025-05-12T14:31:36 CDT" name="runScenario" description="Runs Cucumber Scenarios" data-provider="scenarios" finished-at="2025-05-12T14:31:41 CDT" duration-ms="4311" status="PASS">
          <params>
            <param index="0">
              <value>
                <![CDATA["Verify that user is able to see output for valid python code in Time Complexity Try Editor"]]>
              </value>
            </param>
            <param index="1">
              <value>
                <![CDATA["Data Structures - Introduction"]]>
              </value>
            </param>
          </params>
          <reporter-output>
          </reporter-output>
        </test-method> <!-- runScenario -->
        <test-method signature="runScenario(io.cucumber.testng.PickleWrapper,io.cucumber.testng.FeatureWrapper)[pri:0, instance:Runner.TestRunner@72e34f77]" started-at="2025-05-12T14:31:41 CDT" name="runScenario" description="Runs Cucumber Scenarios" data-provider="scenarios" finished-at="2025-05-12T14:31:43 CDT" duration-ms="2366" status="PASS">
          <params>
            <param index="0">
              <value>
                <![CDATA["Verify that user able to see warning message while selecting Graph from the dropdown Data Structures without Sign in"]]>
              </value>
            </param>
            <param index="1">
              <value>
                <![CDATA["Graph"]]>
              </value>
            </param>
          </params>
          <reporter-output>
          </reporter-output>
        </test-method> <!-- runScenario -->
        <test-method signature="runScenario(io.cucumber.testng.PickleWrapper,io.cucumber.testng.FeatureWrapper)[pri:0, instance:Runner.TestRunner@72e34f77]" started-at="2025-05-12T14:31:43 CDT" name="runScenario" description="Runs Cucumber Scenarios" data-provider="scenarios" finished-at="2025-05-12T14:31:45 CDT" duration-ms="2404" status="PASS">
          <params>
            <param index="0">
              <value>
                <![CDATA["Verify that user able to see warning message on clicking "Get Started" buttons of "Graph" on the home page without Sign in"]]>
              </value>
            </param>
            <param index="1">
              <value>
                <![CDATA["Graph"]]>
              </value>
            </param>
          </params>
          <reporter-output>
          </reporter-output>
        </test-method> <!-- runScenario -->
        <test-method signature="runScenario(io.cucumber.testng.PickleWrapper,io.cucumber.testng.FeatureWrapper)[pri:0, instance:Runner.TestRunner@72e34f77]" started-at="2025-05-12T14:31:45 CDT" name="runScenario" description="Runs Cucumber Scenarios" data-provider="scenarios" finished-at="2025-05-12T14:31:49 CDT" duration-ms="3781" status="PASS">
          <params>
            <param index="0">
              <value>
                <![CDATA["Verify that user is able to click on graphs Get started button of Graph on the home page after giving valid username and password"]]>
              </value>
            </param>
            <param index="1">
              <value>
                <![CDATA["Graph"]]>
              </value>
            </param>
          </params>
          <reporter-output>
          </reporter-output>
        </test-method> <!-- runScenario -->
        <test-method signature="runScenario(io.cucumber.testng.PickleWrapper,io.cucumber.testng.FeatureWrapper)[pri:0, instance:Runner.TestRunner@72e34f77]" started-at="2025-05-12T14:31:49 CDT" name="runScenario" description="Runs Cucumber Scenarios" data-provider="scenarios" finished-at="2025-05-12T14:31:53 CDT" duration-ms="3792" status="PASS">
          <params>
            <param index="0">
              <value>
                <![CDATA["Verify that user is able to click on the sublink Graph from the Tree page"]]>
              </value>
            </param>
            <param index="1">
              <value>
                <![CDATA["Graph"]]>
              </value>
            </param>
          </params>
          <reporter-output>
          </reporter-output>
        </test-method> <!-- runScenario -->
        <test-method signature="runScenario(io.cucumber.testng.PickleWrapper,io.cucumber.testng.FeatureWrapper)[pri:0, instance:Runner.TestRunner@72e34f77]" started-at="2025-05-12T14:31:53 CDT" name="runScenario" description="Runs Cucumber Scenarios" data-provider="scenarios" finished-at="2025-05-12T14:31:58 CDT" duration-ms="5114" status="PASS">
          <params>
            <param index="0">
              <value>
                <![CDATA["Verify that user is able to click on the button Try here >>> from the sublink Graph page"]]>
              </value>
            </param>
            <param index="1">
              <value>
                <![CDATA["Graph"]]>
              </value>
            </param>
          </params>
          <reporter-output>
          </reporter-output>
        </test-method> <!-- runScenario -->
        <test-method signature="runScenario(io.cucumber.testng.PickleWrapper,io.cucumber.testng.FeatureWrapper)[pri:0, instance:Runner.TestRunner@72e34f77]" started-at="2025-05-12T14:31:58 CDT" name="runScenario" description="Runs Cucumber Scenarios" data-provider="scenarios" finished-at="2025-05-12T14:32:02 CDT" duration-ms="4398" status="PASS">
          <params>
            <param index="0">
              <value>
                <![CDATA["Verify that user is able to type python code in the text area of sublink Graph page"]]>
              </value>
            </param>
            <param index="1">
              <value>
                <![CDATA["Graph"]]>
              </value>
            </param>
          </params>
          <reporter-output>
          </reporter-output>
        </test-method> <!-- runScenario -->
        <test-method signature="runScenario(io.cucumber.testng.PickleWrapper,io.cucumber.testng.FeatureWrapper)[pri:0, instance:Runner.TestRunner@72e34f77]" started-at="2025-05-12T14:32:02 CDT" name="runScenario" description="Runs Cucumber Scenarios" data-provider="scenarios" finished-at="2025-05-12T14:32:07 CDT" duration-ms="4579" status="PASS">
          <params>
            <param index="0">
              <value>
                <![CDATA["User submits different codes and receives an alert"]]>
              </value>
            </param>
            <param index="1">
              <value>
                <![CDATA["Graph"]]>
              </value>
            </param>
          </params>
          <reporter-output>
          </reporter-output>
        </test-method> <!-- runScenario -->
        <test-method signature="runScenario(io.cucumber.testng.PickleWrapper,io.cucumber.testng.FeatureWrapper)[pri:0, instance:Runner.TestRunner@72e34f77]" started-at="2025-05-12T14:32:07 CDT" name="runScenario" description="Runs Cucumber Scenarios" data-provider="scenarios" finished-at="2025-05-12T14:32:12 CDT" duration-ms="4553" status="PASS">
          <params>
            <param index="0">
              <value>
                <![CDATA["User submits different codes and receives an alert"]]>
              </value>
            </param>
            <param index="1">
              <value>
                <![CDATA["Graph"]]>
              </value>
            </param>
          </params>
          <reporter-output>
          </reporter-output>
        </test-method> <!-- runScenario -->
        <test-method signature="runScenario(io.cucumber.testng.PickleWrapper,io.cucumber.testng.FeatureWrapper)[pri:0, instance:Runner.TestRunner@72e34f77]" started-at="2025-05-12T14:32:12 CDT" name="runScenario" description="Runs Cucumber Scenarios" data-provider="scenarios" finished-at="2025-05-12T14:32:16 CDT" duration-ms="4930" status="FAIL">
          <params>
            <param index="0">
              <value>
                <![CDATA["User submits different codes and receives an alert"]]>
              </value>
            </param>
            <param index="1">
              <value>
                <![CDATA["Graph"]]>
              </value>
            </param>
          </params>
          <exception class="java.lang.AssertionError">
            <message>
              <![CDATA[expected [true] but found [false]]]>
            </message>
            <full-stacktrace>
              <![CDATA[java.lang.AssertionError: expected [true] but found [false]
at org.testng.Assert.fail(Assert.java:111)
at org.testng.Assert.failNotEquals(Assert.java:1590)
at org.testng.Assert.assertTrue(Assert.java:57)
at org.testng.Assert.assertTrue(Assert.java:67)
at StepDefinitions.GraphPageStep.the_user_should_be_able_to_receive_an_alert_message_from_excel_sheet_and(GraphPageStep.java:162)
at ✽.The user should be able to receive an alert message from excel sheet 'Graph' and 5(file:///C:/Users/jimre/eclipse-workspace/DSAlgoBDD_ClubNinjas/clubNinjas-BDD/src/test/resources/features/GraphPage.feature:51)
]]>
            </full-stacktrace>
          </exception> <!-- java.lang.AssertionError -->
          <reporter-output>
          </reporter-output>
        </test-method> <!-- runScenario -->
        <test-method signature="runScenario(io.cucumber.testng.PickleWrapper,io.cucumber.testng.FeatureWrapper)[pri:0, instance:Runner.TestRunner@72e34f77]" started-at="2025-05-12T14:32:16 CDT" name="runScenario" description="Runs Cucumber Scenarios" data-provider="scenarios" finished-at="2025-05-12T14:32:22 CDT" duration-ms="5108" status="PASS">
          <params>
            <param index="0">
              <value>
                <![CDATA["User submits different codes and receives an alert"]]>
              </value>
            </param>
            <param index="1">
              <value>
                <![CDATA["Graph"]]>
              </value>
            </param>
          </params>
          <reporter-output>
          </reporter-output>
        </test-method> <!-- runScenario -->
        <test-method signature="runScenario(io.cucumber.testng.PickleWrapper,io.cucumber.testng.FeatureWrapper)[pri:0, instance:Runner.TestRunner@72e34f77]" started-at="2025-05-12T14:32:22 CDT" name="runScenario" description="Runs Cucumber Scenarios" data-provider="scenarios" finished-at="2025-05-12T14:32:27 CDT" duration-ms="5148" status="PASS">
          <params>
            <param index="0">
              <value>
                <![CDATA["Verify user is able to  navigate to the previous page sublink Graph on clicking browser back button"]]>
              </value>
            </param>
[...]
          <params>
            <param index="0">
              <value>
                <![CDATA["Verify that user receives error when click on Run button for "Traversal" try Editor page"]]>
              </value>
            </param>
            <param index="1">
              <value>
                <![CDATA["Linked list functionality"]]>
              </value>
            </param>
          </params>
          <reporter-output>
          </reporter-output>
        </test-method> <!-- runScenario -->
        <test-method signature="runScenario(io.cucumber.testng.PickleWrapper,io.cucumber.testng.FeatureWrapper)[pri:0, instance:Runner.TestRunner@72e34f77]" started-at="2025-05-12T14:49:35 CDT" name="runScenario" description="Runs Cucumber Scenarios" data-provider="scenarios" finished-at="2025-05-12T14:49:40 CDT" duration-ms="4491" status="PASS">
          <params>
            <param index="0">
              <value>
                <![CDATA["Verify that user receives error when click on Run button for "Traversal" try Editor page"]]>
              </value>
            </param>
            <param index="1">
              <value>
                <![CDATA["Linked list functionality"]]>
              </value>
            </param>
          </params>
          <reporter-output>
          </reporter-output>
        </test-method> <!-- runScenario -->
        <test-method signature="runScenario(io.cucumber.testng.PickleWrapper,io.cucumber.testng.FeatureWrapper)[pri:0, instance:Runner.TestRunner@72e34f77]" started-at="2025-05-12T14:49:40 CDT" name="runScenario" description="Runs Cucumber Scenarios" data-provider="scenarios" finished-at="2025-05-12T14:49:44 CDT" duration-ms="4590" status="PASS">
          <params>
            <param index="0">
              <value>
                <![CDATA["Verify that user is able to see output for valid python code for "Traversal" try Editor page"]]>
              </value>
            </param>
            <param index="1">
              <value>
                <![CDATA["Linked list functionality"]]>
              </value>
            </param>
          </params>
          <reporter-output>
          </reporter-output>
        </test-method> <!-- runScenario -->
        <test-method signature="runScenario(io.cucumber.testng.PickleWrapper,io.cucumber.testng.FeatureWrapper)[pri:0, instance:Runner.TestRunner@72e34f77]" started-at="2025-05-12T14:49:44 CDT" name="runScenario" description="Runs Cucumber Scenarios" data-provider="scenarios" finished-at="2025-05-12T14:49:59 CDT" duration-ms="14221" status="FAIL">
          <params>
            <param index="0">
              <value>
                <![CDATA["Verify that user is able to navigate to "Practice Questions" Page for Traversal page"]]>
              </value>
            </param>
            <param index="1">
              <value>
                <![CDATA["Linked list functionality"]]>
              </value>
            </param>
          </params>
          <exception class="java.lang.AssertionError">
            <message>
              <![CDATA[No Practise Questions found expected [true] but found [false]]]>
            </message>
            <full-stacktrace>
              <![CDATA[java.lang.AssertionError: No Practise Questions found expected [true] but found [false]
at org.testng.Assert.fail(Assert.java:111)
at org.testng.Assert.failNotEquals(Assert.java:1590)
at org.testng.Assert.assertTrue(Assert.java:57)
at StepDefinitions.LinkeListStep.the_user_should_be_redirected_to_the_practice_page(LinkeListStep.java:164)
at ✽.The user should be redirected to the Practice page(file:///C:/Users/jimre/eclipse-workspace/DSAlgoBDD_ClubNinjas/clubNinjas-BDD/src/test/resources/features/linkedlist.feature:200)
]]>
            </full-stacktrace>
          </exception> <!-- java.lang.AssertionError -->
          <reporter-output>
          </reporter-output>
        </test-method> <!-- runScenario -->
        <test-method signature="runScenario(io.cucumber.testng.PickleWrapper,io.cucumber.testng.FeatureWrapper)[pri:0, instance:Runner.TestRunner@72e34f77]" started-at="2025-05-12T14:49:59 CDT" name="runScenario" description="Runs Cucumber Scenarios" data-provider="scenarios" finished-at="2025-05-12T14:50:02 CDT" duration-ms="3480" status="PASS">
          <params>
            <param index="0">
              <value>
                <![CDATA["Verify that user is able to navigate to "Insertion" page"]]>
              </value>
            </param>
            <param index="1">
              <value>
                <![CDATA["Linked list functionality"]]>
              </value>
            </param>
          </params>
          <reporter-output>
          </reporter-output>
        </test-method> <!-- runScenario -->
        <test-method signature="runScenario(io.cucumber.testng.PickleWrapper,io.cucumber.testng.FeatureWrapper)[pri:0, instance:Runner.TestRunner@72e34f77]" started-at="2025-05-12T14:50:02 CDT" name="runScenario" description="Runs Cucumber Scenarios" data-provider="scenarios" finished-at="2025-05-12T14:50:06 CDT" duration-ms="4069" status="PASS">
          <params>
            <param index="0">
              <value>
                <![CDATA["Verify that user is able to navigate to "try Editor" page for "Insertion" page"]]>
              </value>
            </param>
            <param index="1">
              <value>
                <![CDATA["Linked list functionality"]]>
              </value>
            </param>
          </params>
          <reporter-output>
          </reporter-output>
        </test-method> <!-- runScenario -->
        <test-method signature="runScenario(io.cucumber.testng.PickleWrapper,io.cucumber.testng.FeatureWrapper)[pri:0, instance:Runner.TestRunner@72e34f77]" started-at="2025-05-12T14:50:06 CDT" name="runScenario" description="Runs Cucumber Scenarios" data-provider="scenarios" finished-at="2025-05-12T14:50:11 CDT" duration-ms="5142" status="FAIL">
          <params>
            <param index="0">
              <value>
                <![CDATA["Verify that user receives error when click on Run button for "Insertion" try Editor page"]]>
              </value>
            </param>
            <param index="1">
              <value>
                <![CDATA["Linked list functionality"]]>
              </value>
            </param>
          </params>
          <exception class="java.lang.AssertionError">
            <message>
              <![CDATA[expected [true] but found [false]]]>
            </message>
            <full-stacktrace>
              <![CDATA[java.lang.AssertionError: expected [true] but found [false]
at org.testng.Assert.fail(Assert.java:111)
at org.testng.Assert.failNotEquals(Assert.java:1590)
at org.testng.Assert.assertTrue(Assert.java:57)
at org.testng.Assert.assertTrue(Assert.java:67)
at StepDefinitions.LinkeListStep.the_user_should_able_to_see_a_error_message_from_excel_sheet_and_the(LinkeListStep.java:142)
at ✽.The user should able to see a error message from excel sheet "TryCode" and the  1(file:///C:/Users/jimre/eclipse-workspace/DSAlgoBDD_ClubNinjas/clubNinjas-BDD/src/test/resources/features/linkedlist.feature:216)
]]>
            </full-stacktrace>
          </exception> <!-- java.lang.AssertionError -->
          <reporter-output>
          </reporter-output>
        </test-method> <!-- runScenario -->
        <test-method signature="runScenario(io.cucumber.testng.PickleWrapper,io.cucumber.testng.FeatureWrapper)[pri:0, instance:Runner.TestRunner@72e34f77]" started-at="2025-05-12T14:50:11 CDT" name="runScenario" description="Runs Cucumber Scenarios" data-provider="scenarios" finished-at="2025-05-12T14:50:17 CDT" duration-ms="5326" status="PASS">
          <params>
            <param index="0">
              <value>
                <![CDATA["Verify that user receives error when click on Run button for "Insertion" try Editor page"]]>
              </value>
            </param>
            <param index="1">
              <value>
                <![CDATA["Linked list functionality"]]>
              </value>
            </param>
          </params>
          <reporter-output>
          </reporter-output>
        </test-method> <!-- runScenario -->
        <test-method signature="runScenario(io.cucumber.testng.PickleWrapper,io.cucumber.testng.FeatureWrapper)[pri:0, instance:Runner.TestRunner@72e34f77]" started-at="2025-05-12T14:50:17 CDT" name="runScenario" description="Runs Cucumber Scenarios" data-provider="scenarios" finished-at="2025-05-12T14:50:21 CDT" duration-ms="4247" status="PASS">
          <params>
            <param index="0">
              <value>
                <![CDATA["Verify that user receives error when click on Run button for "Insertion" try Editor page"]]>
              </value>
            </param>
            <param index="1">
              <value>
                <![CDATA["Linked list functionality"]]>
              </value>
            </param>
          </params>
          <reporter-output>
          </reporter-output>
        </test-method> <!-- runScenario -->
        <test-method signature="runScenario(io.cucumber.testng.PickleWrapper,io.cucumber.testng.FeatureWrapper)[pri:0, instance:Runner.TestRunner@72e34f77]" started-at="2025-05-12T14:50:21 CDT" name="runScenario" description="Runs Cucumber Scenarios" data-provider="scenarios" finished-at="2025-05-12T14:50:25 CDT" duration-ms="4366" status="PASS">
          <params>
            <param index="0">
              <value>
                <![CDATA["Verify that user is able to see output for valid python code for "Insertion" try Editor page"]]>
              </value>
            </param>
            <param index="1">
              <value>
                <![CDATA["Linked list functionality"]]>
              </value>
            </param>
          </params>
          <reporter-output>
          </reporter-output>
        </test-method> <!-- runScenario -->
        <test-method signature="runScenario(io.cucumber.testng.PickleWrapper,io.cucumber.testng.FeatureWrapper)[pri:0, instance:Runner.TestRunner@72e34f77]" started-at="2025-05-12T14:50:25 CDT" name="runScenario" description="Runs Cucumber Scenarios" data-provider="scenarios" finished-at="2025-05-12T14:50:39 CDT" duration-ms="14195" status="FAIL">
          <params>
            <param index="0">
              <value>
                <![CDATA["Verify that user is able to navigate to "Practice Questions" Page for Insertion page"]]>
              </value>
            </param>
            <param index="1">
              <value>
                <![CDATA["Linked list functionality"]]>
              </value>
            </param>
          </params>
          <exception class="java.lang.AssertionError">
            <message>
              <![CDATA[No Practise Questions found expected [true] but found [false]]]>
            </message>
            <full-stacktrace>
              <![CDATA[java.lang.AssertionError: No Practise Questions found expected [true] but found [false]
at org.testng.Assert.fail(Assert.java:111)
at org.testng.Assert.failNotEquals(Assert.java:1590)
at org.testng.Assert.assertTrue(Assert.java:57)
at StepDefinitions.LinkeListStep.the_user_should_be_redirected_to_the_practice_page(LinkeListStep.java:164)
at ✽.The user should be redirected to the Practice page(file:///C:/Users/jimre/eclipse-workspace/DSAlgoBDD_ClubNinjas/clubNinjas-BDD/src/test/resources/features/linkedlist.feature:237)
]]>
            </full-stacktrace>
          </exception> <!-- java.lang.AssertionError -->
          <reporter-output>
          </reporter-output>
        </test-method> <!-- runScenario -->
        <test-method signature="runScenario(io.cucumber.testng.PickleWrapper,io.cucumber.testng.FeatureWrapper)[pri:0, instance:Runner.TestRunner@72e34f77]" started-at="2025-05-12T14:50:39 CDT" name="runScenario" description="Runs Cucumber Scenarios" data-provider="scenarios" finished-at="2025-05-12T14:50:43 CDT" duration-ms="3464" status="PASS">
          <params>
            <param index="0">
              <value>
                <![CDATA["Verify that user is able to navigate to "Deletion" page"]]>
              </value>
            </param>
            <param index="1">
              <value>
                <![CDATA["Linked list functionality"]]>
              </value>
            </param>
          </params>
          <reporter-output>
          </reporter-output>
        </test-method> <!-- runScenario -->
        <test-method signature="runScenario(io.cucumber.testng.PickleWrapper,io.cucumber.testng.FeatureWrapper)[pri:0, instance:Runner.TestRunner@72e34f77]" started-at="2025-05-12T14:50:43 CDT" name="runScenario" description="Runs Cucumber Scenarios" data-provider="scenarios" finished-at="2025-05-12T14:50:47 CDT" duration-ms="4125" status="PASS">
          <params>
            <param index="0">
              <value>
                <![CDATA["Verify that user is able to navigate to "try Editor" page for "Deletion" page"]]>
              </value>
            </param>
            <param index="1">
              <value>
                <![CDATA["Linked list functionality"]]>
              </value>
            </param>
          </params>
          <reporter-output>
          </reporter-output>
        </test-method> <!-- runScenario -->
        <test-method signature="runScenario(io.cucumber.testng.PickleWrapper,io.cucumber.testng.FeatureWrapper)[pri:0, instance:Runner.TestRunner@72e34f77]" started-at="2025-05-12T14:50:47 CDT" name="runScenario" description="Runs Cucumber Scenarios" data-provider="scenarios" finished-at="2025-05-12T14:50:52 CDT" duration-ms="4660" status="FAIL">
          <params>
            <param index="0">
              <value>
                <![CDATA["Verify that user receives error when click on Run button for "Deletion" try Editor page"]]>
              </value>
            </param>
            <param index="1">
              <value>
                <![CDATA["Linked list functionality"]]>
              </value>
            </param>
          </params>
          <exception class="java.lang.AssertionError">
            <message>
              <![CDATA[expected [true] but found [false]]]>
            </message>
            <full-stacktrace>
              <![CDATA[java.lang.AssertionError: expected [true] but found [false]
at org.testng.Assert.fail(Assert.java:111)
at org.testng.Assert.failNotEquals(Assert.java:1590)
at org.testng.Assert.assertTrue(Assert.java:57)
at org.testng.Assert.assertTrue(Assert.java:67)
at StepDefinitions.LinkeListStep.the_user_should_able_to_see_a_error_message_from_excel_sheet_and_the(LinkeListStep.java:142)
at ✽.The user should able to see a error message from excel sheet "TryCode" and the  1(file:///C:/Users/jimre/eclipse-workspace/DSAlgoBDD_ClubNinjas/clubNinjas-BDD/src/test/resources/features/linkedlist.feature:252)
]]>
            </full-stacktrace>
          </exception> <!-- java.lang.AssertionError -->
          <reporter-output>
          </reporter-output>
        </test-method> <!-- runScenario -->
        <test-method signature="runScenario(io.cucumber.testng.PickleWrapper,io.cucumber.testng.FeatureWrapper)[pri:0, instance:Runner.TestRunner@72e34f77]" started-at="2025-05-12T14:50:52 CDT" name="runScenario" description="Runs Cucumber Scenarios" data-provider="scenarios" finished-at="2025-05-12T14:50:56 CDT" duration-ms="4388" status="PASS">
          <params>
            <param index="0">
              <value>
                <![CDATA["Verify that user receives error when click on Run button for "Deletion" try Editor page"]]>
              </value>
            </param>
            <param index="1">
              <value>
                <![CDATA["Linked list functionality"]]>
              </value>
            </param>
          </params>
          <reporter-output>
          </reporter-output>
        </test-method> <!-- runScenario -->
        <test-method signature="runScenario(io.cucumber.testng.PickleWrapper,io.cucumber.testng.FeatureWrapper)[pri:0, instance:Runner.TestRunner@72e34f77]" started-at="2025-05-12T14:50:56 CDT" name="runScenario" description="Runs Cucumber Scenarios" data-provider="scenarios" finished-at="2025-05-12T14:51:00 CDT" duration-ms="4240" status="PASS">
          <params>
            <param index="0">
              <value>
                <![CDATA["Verify that user receives error when click on Run button for "Deletion" try Editor page"]]>
              </value>
            </param>
            <param index="1">
              <value>
                <![CDATA["Linked list functionality"]]>
              </value>
            </param>
          </params>
          <reporter-output>
          </reporter-output>
        </test-method> <!-- runScenario -->
        <test-method signature="runScenario(io.cucumber.testng.PickleWrapper,io.cucumber.testng.FeatureWrapper)[pri:0, instance:Runner.TestRunner@72e34f77]" started-at="2025-05-12T14:51:00 CDT" name="runScenario" description="Runs Cucumber Scenarios" data-provider="scenarios" finished-at="2025-05-12T14:51:05 CDT" duration-ms="4281" status="PASS">
          <params>
            <param index="0">
              <value>
                <![CDATA["Verify that user is able to see output for valid python code for "Deletion" try Editor page"]]>
              </value>
            </param>
            <param index="1">
              <value>
                <![CDATA["Linked list functionality"]]>
              </value>
            </param>
          </params>
          <reporter-output>
          </reporter-output>
        </test-method> <!-- runScenario -->
        <test-method signature="runScenario(io.cucumber.testng.PickleWrapper,io.cucumber.testng.FeatureWrapper)[pri:0, instance:Runner.TestRunner@72e34f77]" started-at="2025-05-12T14:51:05 CDT" name="runScenario" description="Runs Cucumber Scenarios" data-provider="scenarios" finished-at="2025-05-12T14:51:19 CDT" duration-ms="14290" status="FAIL">
          <params>
            <param index="0">
              <value>
                <![CDATA["Verify that user is able to navigate to "Practice Questions" Page for Deletion page"]]>
              </value>
            </param>
            <param index="1">
              <value>
                <![CDATA["Linked list functionality"]]>
              </value>
            </param>
          </params>
          <exception class="java.lang.AssertionError">
            <message>
              <![CDATA[No Practise Questions found expected [true] but found [false]]]>
            </message>
            <full-stacktrace>
              <![CDATA[java.lang.AssertionError: No Practise Questions found expected [true] but found [false]
at org.testng.Assert.fail(Assert.java:111)
at org.testng.Assert.failNotEquals(Assert.java:1590)
at org.testng.Assert.assertTrue(Assert.java:57)
at StepDefinitions.LinkeListStep.the_user_should_be_redirected_to_the_practice_page(LinkeListStep.java:164)
at ✽.The user should be redirected to the Practice page(file:///C:/Users/jimre/eclipse-workspace/DSAlgoBDD_ClubNinjas/clubNinjas-BDD/src/test/resources/features/linkedlist.feature:272)
]]>
            </full-stacktrace>
          </exception> <!-- java.lang.AssertionError -->
          <reporter-output>
          </reporter-output>
        </test-method> <!-- runScenario -->
        <test-method is-config="true" signature="tearDownClass()[pri:0, instance:Runner.TestRunner@72e34f77]" started-at="2025-05-12T14:51:19 CDT" name="tearDownClass" finished-at="2025-05-12T14:51:55 CDT" duration-ms="36628" status="PASS">
          <reporter-output>
          </reporter-output>
        </test-method> <!-- tearDownClass -->
      </class> <!-- Runner.TestRunner -->
    </test> <!-- Default test -->
  </suite> <!-- Default suite -->
</testng-results>
