<?xml version="1.0" encoding="UTF-8"?>
<testng-results ignored="0" total="296" passed="245" failed="51" skipped="0">
  <reporter-output>
  </reporter-output>
  <suite started-at="2025-05-12T18:29:20 CDT" name="Default suite" finished-at="2025-05-12T18:58:11 CDT" duration-ms="1730923">
    <groups>
      <group name="cucumber">
        <method signature="AbstractTestNGCucumberTests.runScenario(io.cucumber.testng.PickleWrapper,io.cucumber.testng.FeatureWrapper)[pri:0, instance:Runner.TestRunner@72e34f77]" name="runScenario" class="io.cucumber.testng.AbstractTestNGCucumberTests"/>
      </group> <!-- cucumber -->
    </groups>
    <test started-at="2025-05-12T18:29:20 CDT" name="Default test" finished-at="2025-05-12T18:58:11 CDT" duration-ms="1730923">
      <class name="Runner.TestRunner">
        <test-method is-config="true" signature="setUpClass(org.testng.ITestContext)[pri:0, instance:Runner.TestRunner@72e34f77]" started-at="2025-05-12T18:29:20 CDT" name="setUpClass" finished-at="2025-05-12T18:29:21 CDT" duration-ms="1115" status="PASS">
          <params>
            <param index="0">
              <value>
                <![CDATA[org.testng.TestRunner@a861dc7]]>
              </value>
            </param>
          </params>
          <reporter-output>
          </reporter-output>
        </test-method> <!-- setUpClass -->
        <test-method signature="runScenario(io.cucumber.testng.PickleWrapper,io.cucumber.testng.FeatureWrapper)[pri:0, instance:Runner.TestRunner@72e34f77]" started-at="2025-05-12T18:29:21 CDT" name="runScenario" description="Runs Cucumber Scenarios" data-provider="scenarios" finished-at="2025-05-12T18:29:28 CDT" duration-ms="6743" status="PASS">
          <params>
            <param index="0">
              <value>
                <![CDATA["Verify that user is able to navigate to Array data structure page"]]>
              </value>
            </param>
            <param index="1">
              <value>
                <![CDATA["Array Page of DSAlgo portal"]]>
              </value>
            </param>
          </params>
          <reporter-output>
          </reporter-output>
        </test-method> <!-- runScenario -->
        <test-method signature="runScenario(io.cucumber.testng.PickleWrapper,io.cucumber.testng.FeatureWrapper)[pri:0, instance:Runner.TestRunner@72e34f77]" started-at="2025-05-12T18:29:28 CDT" name="runScenario" description="Runs Cucumber Scenarios" data-provider="scenarios" finished-at="2025-05-12T18:29:32 CDT" duration-ms="4647" status="PASS">
          <params>
            <param index="0">
              <value>
                <![CDATA["Verify that user is able to navigate to Array data structure page"]]>
              </value>
            </param>
            <param index="1">
              <value>
                <![CDATA["Array Page of DSAlgo portal"]]>
              </value>
            </param>
          </params>
          <reporter-output>
          </reporter-output>
        </test-method> <!-- runScenario -->
        <test-method signature="runScenario(io.cucumber.testng.PickleWrapper,io.cucumber.testng.FeatureWrapper)[pri:0, instance:Runner.TestRunner@72e34f77]" started-at="2025-05-12T18:29:32 CDT" name="runScenario" description="Runs Cucumber Scenarios" data-provider="scenarios" finished-at="2025-05-12T18:29:37 CDT" duration-ms="5222" status="PASS">
          <params>
            <param index="0">
              <value>
                <![CDATA["Verify that user is able to navigate to "Arrays in Python" page"]]>
              </value>
            </param>
            <param index="1">
              <value>
                <![CDATA["Array Page of DSAlgo portal"]]>
              </value>
            </param>
          </params>
          <reporter-output>
          </reporter-output>
        </test-method> <!-- runScenario -->
        <test-method signature="runScenario(io.cucumber.testng.PickleWrapper,io.cucumber.testng.FeatureWrapper)[pri:0, instance:Runner.TestRunner@72e34f77]" started-at="2025-05-12T18:29:37 CDT" name="runScenario" description="Runs Cucumber Scenarios" data-provider="scenarios" finished-at="2025-05-12T18:29:43 CDT" duration-ms="5312" status="PASS">
          <params>
            <param index="0">
              <value>
                <![CDATA["Verify that user is able to navigate to "try Editor" page for "Arrays in Python" page"]]>
              </value>
            </param>
            <param index="1">
              <value>
                <![CDATA["Array Page of DSAlgo portal"]]>
              </value>
            </param>
          </params>
          <reporter-output>
          </reporter-output>
        </test-method> <!-- runScenario -->
        <test-method signature="runScenario(io.cucumber.testng.PickleWrapper,io.cucumber.testng.FeatureWrapper)[pri:0, instance:Runner.TestRunner@72e34f77]" started-at="2025-05-12T18:29:43 CDT" name="runScenario" description="Runs Cucumber Scenarios" data-provider="scenarios" finished-at="2025-05-12T18:29:49 CDT" duration-ms="6167" status="FAIL">
          <params>
            <param index="0">
              <value>
                <![CDATA["Verify that user receives error when click on Run button for "Arrays in Python" try Editor page"]]>
              </value>
            </param>
            <param index="1">
              <value>
                <![CDATA["Array Page of DSAlgo portal"]]>
              </value>
            </param>
          </params>
          <exception class="java.lang.AssertionError">
            <message>
              <![CDATA[expected [true] but found [false]]]>
            </message>
            <full-stacktrace>
              <![CDATA[java.lang.AssertionError: expected [true] but found [false]
at org.testng.Assert.fail(Assert.java:111)
at org.testng.Assert.failNotEquals(Assert.java:1590)
at org.testng.Assert.assertTrue(Assert.java:57)
at org.testng.Assert.assertTrue(Assert.java:67)
at StepDefinitions.ArrayPageStep.the_user_should_able_to_see_a_error_message_from_and(ArrayPageStep.java:121)
at ✽.The user should able to see a error message from "TryCode" and 1(file:///C:/Users/jimre/eclipse-workspace/DSAlgoBDD_ClubNinjas/clubNinjas-BDD/src/test/resources/features/ArrayPage.feature:35)
]]>
            </full-stacktrace>
          </exception> <!-- java.lang.AssertionError -->
          <reporter-output>
          </reporter-output>
        </test-method> <!-- runScenario -->
        <test-method signature="runScenario(io.cucumber.testng.PickleWrapper,io.cucumber.testng.FeatureWrapper)[pri:0, instance:Runner.TestRunner@72e34f77]" started-at="2025-05-12T18:29:49 CDT" name="runScenario" description="Runs Cucumber Scenarios" data-provider="scenarios" finished-at="2025-05-12T18:29:55 CDT" duration-ms="5709" status="PASS">
          <params>
            <param index="0">
              <value>
                <![CDATA["Verify that user receives error when click on Run button for "Arrays in Python" try Editor page"]]>
              </value>
            </param>
            <param index="1">
              <value>
                <![CDATA["Array Page of DSAlgo portal"]]>
              </value>
            </param>
          </params>
          <reporter-output>
          </reporter-output>
        </test-method> <!-- runScenario -->
        <test-method signature="runScenario(io.cucumber.testng.PickleWrapper,io.cucumber.testng.FeatureWrapper)[pri:0, instance:Runner.TestRunner@72e34f77]" started-at="2025-05-12T18:29:55 CDT" name="runScenario" description="Runs Cucumber Scenarios" data-provider="scenarios" finished-at="2025-05-12T18:30:00 CDT" duration-ms="5777" status="PASS">
          <params>
            <param index="0">
              <value>
                <![CDATA["Verify that user receives error when click on Run button for "Arrays in Python" try Editor page"]]>
              </value>
            </param>
            <param index="1">
              <value>
                <![CDATA["Array Page of DSAlgo portal"]]>
              </value>
            </param>
          </params>
          <reporter-output>
          </reporter-output>
        </test-method> <!-- runScenario -->
        <test-method signature="runScenario(io.cucumber.testng.PickleWrapper,io.cucumber.testng.FeatureWrapper)[pri:0, instance:Runner.TestRunner@72e34f77]" started-at="2025-05-12T18:30:00 CDT" name="runScenario" description="Runs Cucumber Scenarios" data-provider="scenarios" finished-at="2025-05-12T18:30:06 CDT" duration-ms="5577" status="PASS">
          <params>
            <param index="0">
              <value>
                <![CDATA["Verify that user is able to see output for valid python code for "Arrays in Python" try Editor page"]]>
              </value>
            </param>
            <param index="1">
              <value>
                <![CDATA["Array Page of DSAlgo portal"]]>
              </value>
            </param>
          </params>
          <reporter-output>
          </reporter-output>
        </test-method> <!-- runScenario -->
        <test-method signature="runScenario(io.cucumber.testng.PickleWrapper,io.cucumber.testng.FeatureWrapper)[pri:0, instance:Runner.TestRunner@72e34f77]" started-at="2025-05-12T18:30:06 CDT" name="runScenario" description="Runs Cucumber Scenarios" data-provider="scenarios" finished-at="2025-05-12T18:30:11 CDT" duration-ms="5034" status="PASS">
          <params>
            <param index="0">
              <value>
                <![CDATA["Verify that user is able to navigate to "Practice Questions" Page from "Arrays in Python" page"]]>
              </value>
            </param>
            <param index="1">
              <value>
                <![CDATA["Array Page of DSAlgo portal"]]>
              </value>
            </param>
          </params>
          <reporter-output>
          </reporter-output>
        </test-method> <!-- runScenario -->
        <test-method signature="runScenario(io.cucumber.testng.PickleWrapper,io.cucumber.testng.FeatureWrapper)[pri:0, instance:Runner.TestRunner@72e34f77]" started-at="2025-05-12T18:30:11 CDT" name="runScenario" description="Runs Cucumber Scenarios" data-provider="scenarios" finished-at="2025-05-12T18:30:17 CDT" duration-ms="5512" status="PASS">
          <params>
            <param index="0">
              <value>
                <![CDATA["Verify that user is able to navigate to "Search the array" Page from Practice question page of "Arrays in Python" page"]]>
              </value>
            </param>
            <param index="1">
              <value>
                <![CDATA["Array Page of DSAlgo portal"]]>
              </value>
            </param>
          </params>
          <reporter-output>
          </reporter-output>
        </test-method> <!-- runScenario -->
        <test-method signature="runScenario(io.cucumber.testng.PickleWrapper,io.cucumber.testng.FeatureWrapper)[pri:0, instance:Runner.TestRunner@72e34f77]" started-at="2025-05-12T18:30:17 CDT" name="runScenario" description="Runs Cucumber Scenarios" data-provider="scenarios" finished-at="2025-05-12T18:30:23 CDT" duration-ms="6263" status="PASS">
          <params>
            <param index="0">
              <value>
                <![CDATA["Verify that user receives NameError, SyntaxError for invalid python code on running "Search the array" question"]]>
              </value>
            </param>
            <param index="1">
              <value>
                <![CDATA["Array Page of DSAlgo portal"]]>
              </value>
            </param>
          </params>
          <reporter-output>
          </reporter-output>
        </test-method> <!-- runScenario -->
        <test-method signature="runScenario(io.cucumber.testng.PickleWrapper,io.cucumber.testng.FeatureWrapper)[pri:0, instance:Runner.TestRunner@72e34f77]" started-at="2025-05-12T18:30:23 CDT" name="runScenario" description="Runs Cucumber Scenarios" data-provider="scenarios" finished-at="2025-05-12T18:30:29 CDT" duration-ms="5892" status="PASS">
          <params>
            <param index="0">
              <value>
                <![CDATA["Verify that user receives NameError, SyntaxError for invalid python code on running "Search the array" question"]]>
              </value>
            </param>
            <param index="1">
              <value>
                <![CDATA["Array Page of DSAlgo portal"]]>
              </value>
            </param>
          </params>
          <reporter-output>
          </reporter-output>
        </test-method> <!-- runScenario -->
        <test-method signature="runScenario(io.cucumber.testng.PickleWrapper,io.cucumber.testng.FeatureWrapper)[pri:0, instance:Runner.TestRunner@72e34f77]" started-at="2025-05-12T18:30:29 CDT" name="runScenario" description="Runs Cucumber Scenarios" data-provider="scenarios" finished-at="2025-05-12T18:30:35 CDT" duration-ms="6416" status="PASS">
          <params>
            <param index="0">
              <value>
                <![CDATA["Verify that user is able to run valid python code for "Search the array" question"]]>
              </value>
            </param>
            <param index="1">
              <value>
                <![CDATA["Array Page of DSAlgo portal"]]>
              </value>
            </param>
          </params>
          <reporter-output>
          </reporter-output>
        </test-method> <!-- runScenario -->
        <test-method signature="runScenario(io.cucumber.testng.PickleWrapper,io.cucumber.testng.FeatureWrapper)[pri:0, instance:Runner.TestRunner@72e34f77]" started-at="2025-05-12T18:30:35 CDT" name="runScenario" description="Runs Cucumber Scenarios" data-provider="scenarios" finished-at="2025-05-12T18:30:42 CDT" duration-ms="6500" status="PASS">
          <params>
            <param index="0">
              <value>
                <![CDATA["Verify that user receives error on submitting invalid python code, incorrect answer for "Search the array" question"]]>
              </value>
            </param>
            <param index="1">
              <value>
                <![CDATA["Array Page of DSAlgo portal"]]>
              </value>
            </param>
          </params>
          <reporter-output>
          </reporter-output>
        </test-method> <!-- runScenario -->
        <test-method signature="runScenario(io.cucumber.testng.PickleWrapper,io.cucumber.testng.FeatureWrapper)[pri:0, instance:Runner.TestRunner@72e34f77]" started-at="2025-05-12T18:30:42 CDT" name="runScenario" description="Runs Cucumber Scenarios" data-provider="scenarios" finished-at="2025-05-12T18:30:48 CDT" duration-ms="6233" status="PASS">
          <params>
            <param index="0">
              <value>
                <![CDATA["Verify that user receives error on submitting invalid python code, incorrect answer for "Search the array" question"]]>
              </value>
            </param>
            <param index="1">
              <value>
                <![CDATA["Array Page of DSAlgo portal"]]>
              </value>
            </param>
          </params>
          <reporter-output>
          </reporter-output>
        </test-method> <!-- runScenario -->
        <test-method signature="runScenario(io.cucumber.testng.PickleWrapper,io.cucumber.testng.FeatureWrapper)[pri:0, instance:Runner.TestRunner@72e34f77]" started-at="2025-05-12T18:30:48 CDT" name="runScenario" description="Runs Cucumber Scenarios" data-provider="scenarios" finished-at="2025-05-12T18:30:55 CDT" duration-ms="6737" status="FAIL">
          <params>
            <param index="0">
              <value>
                <![CDATA["Verify that user is able to successfully submit valid correct python code for "Search the array" question"]]>
              </value>
            </param>
            <param index="1">
              <value>
                <![CDATA["Array Page of DSAlgo portal"]]>
              </value>
            </param>
          </params>
          <exception class="java.lang.AssertionError">
            <message>
              <![CDATA[expected [Submission Successful] but found [ Some Tests failed. Please review code]]]>
            </message>
            <full-stacktrace>
              <![CDATA[java.lang.AssertionError: expected [Submission Successful] but found [ Some Tests failed. Please review code]
at org.testng.Assert.fail(Assert.java:111)
at org.testng.Assert.failNotEquals(Assert.java:1590)
at org.testng.Assert.assertEqualsImpl(Assert.java:150)
at org.testng.Assert.assertEquals(Assert.java:132)
at org.testng.Assert.assertEquals(Assert.java:656)
at org.testng.Assert.assertEquals(Assert.java:666)
at StepDefinitions.ArrayPageStep.the_user_should_see_a_message(ArrayPageStep.java:217)
at ✽.The user should see a message from "PracticeQns" and 6(file:///C:/Users/jimre/eclipse-workspace/DSAlgoBDD_ClubNinjas/clubNinjas-BDD/src/test/resources/features/ArrayPage.feature:98)
]]>
            </full-stacktrace>
          </exception> <!-- java.lang.AssertionError -->
          <reporter-output>
          </reporter-output>
        </test-method> <!-- runScenario -->
        <test-method signature="runScenario(io.cucumber.testng.PickleWrapper,io.cucumber.testng.FeatureWrapper)[pri:0, instance:Runner.TestRunner@72e34f77]" started-at="2025-05-12T18:30:55 CDT" name="runScenario" description="Runs Cucumber Scenarios" data-provider="scenarios" finished-at="2025-05-12T18:31:00 CDT" duration-ms="5656" status="PASS">
          <params>
            <param index="0">
              <value>
                <![CDATA["Verify that user is able to navigate to "Max Consecutive Ones" Page from Practice question page of "Arrays in Python" page"]]>
              </value>
            </param>
            <param index="1">
              <value>
                <![CDATA["Array Page of DSAlgo portal"]]>
              </value>
            </param>
          </params>
          <reporter-output>
          </reporter-output>
        </test-method> <!-- runScenario -->
        <test-method signature="runScenario(io.cucumber.testng.PickleWrapper,io.cucumber.testng.FeatureWrapper)[pri:0, instance:Runner.TestRunner@72e34f77]" started-at="2025-05-12T18:31:00 CDT" name="runScenario" description="Runs Cucumber Scenarios" data-provider="scenarios" finished-at="2025-05-12T18:31:07 CDT" duration-ms="6819" status="PASS">
          <params>
            <param index="0">
              <value>
                <![CDATA["Verify that user receives NameError, SyntaxError for invalid python code on running "Max Consecutive Ones" question"]]>
              </value>
            </param>
            <param index="1">
              <value>
                <![CDATA["Array Page of DSAlgo portal"]]>
              </value>
            </param>
          </params>
          <reporter-output>
          </reporter-output>
        </test-method> <!-- runScenario -->
        <test-method signature="runScenario(io.cucumber.testng.PickleWrapper,io.cucumber.testng.FeatureWrapper)[pri:0, instance:Runner.TestRunner@72e34f77]" started-at="2025-05-12T18:31:07 CDT" name="runScenario" description="Runs Cucumber Scenarios" data-provider="scenarios" finished-at="2025-05-12T18:31:13 CDT" duration-ms="5912" status="PASS">
          <params>
            <param index="0">
              <value>
                <![CDATA["Verify that user receives NameError, SyntaxError for invalid python code on running "Max Consecutive Ones" question"]]>
              </value>
            </param>
            <param index="1">
              <value>
                <![CDATA["Array Page of DSAlgo portal"]]>
              </value>
            </param>
          </params>
          <reporter-output>
          </reporter-output>
        </test-method> <!-- runScenario -->
        <test-method signature="runScenario(io.cucumber.testng.PickleWrapper,io.cucumber.testng.FeatureWrapper)[pri:0, instance:Runner.TestRunner@72e34f77]" started-at="2025-05-12T18:31:13 CDT" name="runScenario" description="Runs Cucumber Scenarios" data-provider="scenarios" finished-at="2025-05-12T18:31:19 CDT" duration-ms="5778" status="PASS">
          <params>
            <param index="0">
              <value>
                <![CDATA["Verify that user is able to run valid python code for "Max Consecutive Ones" question"]]>
              </value>
            </param>
            <param index="1">
              <value>
                <![CDATA["Array Page of DSAlgo portal"]]>
              </value>
            </param>
          </params>
          <reporter-output>
          </reporter-output>
        </test-method> <!-- runScenario -->
        <test-method signature="runScenario(io.cucumber.testng.PickleWrapper,io.cucumber.testng.FeatureWrapper)[pri:0, instance:Runner.TestRunner@72e34f77]" started-at="2025-05-12T18:31:19 CDT" name="runScenario" description="Runs Cucumber Scenarios" data-provider="scenarios" finished-at="2025-05-12T18:31:25 CDT" duration-ms="6255" status="PASS">
          <params>
            <param index="0">
              <value>
                <![CDATA["Verify that user receives error on submitting invalid python code, incorrect answer for "Max Consecutive Ones" question"]]>
              </value>
            </param>
            <param index="1">
              <value>
                <![CDATA["Array Page of DSAlgo portal"]]>
              </value>
            </param>
          </params>
          <reporter-output>
          </reporter-output>
        </test-method> <!-- runScenario -->
        <test-method signature="runScenario(io.cucumber.testng.PickleWrapper,io.cucumber.testng.FeatureWrapper)[pri:0, instance:Runner.TestRunner@72e34f77]" started-at="2025-05-12T18:31:25 CDT" name="runScenario" description="Runs Cucumber Scenarios" data-provider="scenarios" finished-at="2025-05-12T18:31:31 CDT" duration-ms="6212" status="PASS">
          <params>
            <param index="0">
              <value>
                <![CDATA["Verify that user receives error on submitting invalid python code, incorrect answer for "Max Consecutive Ones" question"]]>
              </value>
            </param>
            <param index="1">
              <value>
                <![CDATA["Array Page of DSAlgo portal"]]>
              </value>
            </param>
          </params>
          <reporter-output>
          </reporter-output>
        </test-method> <!-- runScenario -->
        <test-method signature="runScenario(io.cucumber.testng.PickleWrapper,io.cucumber.testng.FeatureWrapper)[pri:0, instance:Runner.TestRunner@72e34f77]" started-at="2025-05-12T18:31:31 CDT" name="runScenario" description="Runs Cucumber Scenarios" data-provider="scenarios" finished-at="2025-05-12T18:31:39 CDT" duration-ms="7986" status="FAIL">
          <params>
            <param index="0">
              <value>
                <![CDATA["Verify that user is able to successfully submit valid correct python code for "Max Consecutive Ones" question"]]>
              </value>
            </param>
            <param index="1">
              <value>
                <![CDATA["Array Page of DSAlgo portal"]]>
              </value>
            </param>
          </params>
          <exception class="java.lang.AssertionError">
            <message>
              <![CDATA[expected [Submission Successful] but found [ Some Tests failed. Please review code]]]>
            </message>
            <full-stacktrace>
              <![CDATA[java.lang.AssertionError: expected [Submission Successful] but found [ Some Tests failed. Please review code]
at org.testng.Assert.fail(Assert.java:111)
at org.testng.Assert.failNotEquals(Assert.java:1590)
at org.testng.Assert.assertEqualsImpl(Assert.java:150)
at org.testng.Assert.assertEquals(Assert.java:132)
at org.testng.Assert.assertEquals(Assert.java:656)
at org.testng.Assert.assertEquals(Assert.java:666)
at StepDefinitions.ArrayPageStep.the_user_should_see_a_message(ArrayPageStep.java:217)
at ✽.The user should see a message from "PracticeQns" and 8(file:///C:/Users/jimre/eclipse-workspace/DSAlgoBDD_ClubNinjas/clubNinjas-BDD/src/test/resources/features/ArrayPage.feature:142)
]]>
            </full-stacktrace>
          </exception> <!-- java.lang.AssertionError -->
          <reporter-output>
          </reporter-output>
        </test-method> <!-- runScenario -->
        <test-method signature="runScenario(io.cucumber.testng.PickleWrapper,io.cucumber.testng.FeatureWrapper)[pri:0, instance:Runner.TestRunner@72e34f77]" started-at="2025-05-12T18:31:39 CDT" name="runScenario" description="Runs Cucumber Scenarios" data-provider="scenarios" finished-at="2025-05-12T18:31:46 CDT" duration-ms="6333" status="PASS">
          <params>
            <param index="0">
              <value>
                <![CDATA["Verify that user is able to navigate to "Find Numbers with Even Number of Digits" Page from Practice question page of "Arrays in Python" page"]]>
              </value>
            </param>
            <param index="1">
              <value>
                <![CDATA["Array Page of DSAlgo portal"]]>
              </value>
            </param>
          </params>
          <reporter-output>
          </reporter-output>
        </test-method> <!-- runScenario -->
        <test-method signature="runScenario(io.cucumber.testng.PickleWrapper,io.cucumber.testng.FeatureWrapper)[pri:0, instance:Runner.TestRunner@72e34f77]" started-at="2025-05-12T18:31:46 CDT" name="runScenario" description="Runs Cucumber Scenarios" data-provider="scenarios" finished-at="2025-05-12T18:31:51 CDT" duration-ms="5833" status="PASS">
          <params>
            <param index="0">
              <value>
                <![CDATA["Verify that user receives NameError, SyntaxError for invalid python code on running "Find Numbers with Even Number of Digits" question"]]>
              </value>
            </param>
            <param index="1">
              <value>
                <![CDATA["Array Page of DSAlgo portal"]]>
              </value>
            </param>
          </params>
          <reporter-output>
          </reporter-output>
        </test-method> <!-- runScenario -->
        <test-method signature="runScenario(io.cucumber.testng.PickleWrapper,io.cucumber.testng.FeatureWrapper)[pri:0, instance:Runner.TestRunner@72e34f77]" started-at="2025-05-12T18:31:51 CDT" name="runScenario" description="Runs Cucumber Scenarios" data-provider="scenarios" finished-at="2025-05-12T18:31:58 CDT" duration-ms="6403" status="PASS">
          <params>
            <param index="0">
              <value>
                <![CDATA["Verify that user receives NameError, SyntaxError for invalid python code on running "Find Numbers with Even Number of Digits" question"]]>
              </value>
            </param>
            <param index="1">
              <value>
                <![CDATA["Array Page of DSAlgo portal"]]>
              </value>
            </param>
          </params>
          <reporter-output>
          </reporter-output>
        </test-method> <!-- runScenario -->
        <test-method signature="runScenario(io.cucumber.testng.PickleWrapper,io.cucumber.testng.FeatureWrapper)[pri:0, instance:Runner.TestRunner@72e34f77]" started-at="2025-05-12T18:31:58 CDT" name="runScenario" description="Runs Cucumber Scenarios" data-provider="scenarios" finished-at="2025-05-12T18:32:04 CDT" duration-ms="5764" status="PASS">
          <params>
            <param index="0">
              <value>
                <![CDATA["Verify that user is able to run valid python code for "Find Numbers with Even Number of Digits" question"]]>
              </value>
            </param>
            <param index="1">
              <value>
                <![CDATA["Array Page of DSAlgo portal"]]>
              </value>
            </param>
          </params>
          <reporter-output>
          </reporter-output>
        </test-method> <!-- runScenario -->
        <test-method signature="runScenario(io.cucumber.testng.PickleWrapper,io.cucumber.testng.FeatureWrapper)[pri:0, instance:Runner.TestRunner@72e34f77]" started-at="2025-05-12T18:32:04 CDT" name="runScenario" description="Runs Cucumber Scenarios" data-provider="scenarios" finished-at="2025-05-12T18:32:10 CDT" duration-ms="6239" status="PASS">
          <params>
            <param index="0">
              <value>
                <![CDATA["Verify that user receives error on submitting invalid python code, incorrect answer for "Find Numbers with Even Number of Digits" question"]]>
              </value>
            </param>
            <param index="1">
              <value>
                <![CDATA["Array Page of DSAlgo portal"]]>
              </value>
            </param>
          </params>
          <reporter-output>
          </reporter-output>
        </test-method> <!-- runScenario -->
        <test-method signature="runScenario(io.cucumber.testng.PickleWrapper,io.cucumber.testng.FeatureWrapper)[pri:0, instance:Runner.TestRunner@72e34f77]" started-at="2025-05-12T18:32:10 CDT" name="runScenario" description="Runs Cucumber Scenarios" data-provider="scenarios" finished-at="2025-05-12T18:32:16 CDT" duration-ms="6385" status="PASS">
          <params>
            <param index="0">
              <value>
                <![CDATA["Verify that user receives error on submitting invalid python code, incorrect answer for "Find Numbers with Even Number of Digits" question"]]>
              </value>
            </param>
            <param index="1">
              <value>
                <![CDATA["Array Page of DSAlgo portal"]]>
              </value>
            </param>
          </params>
          <reporter-output>
          </reporter-output>
        </test-method> <!-- runScenario -->
        <test-method signature="runScenario(io.cucumber.testng.PickleWrapper,io.cucumber.testng.FeatureWrapper)[pri:0, instance:Runner.TestRunner@72e34f77]" started-at="2025-05-12T18:32:16 CDT" name="runScenario" description="Runs Cucumber Scenarios" data-provider="scenarios" finished-at="2025-05-12T18:32:24 CDT" duration-ms="7313" status="PASS">
          <params>
            <param index="0">
              <value>
                <![CDATA["Verify that user is able to successfully submit valid correct python code for "Find Numbers with Even Number of Digits" question"]]>
              </value>
            </param>
            <param index="1">
              <value>
                <![CDATA["Array Page of DSAlgo portal"]]>
              </value>
            </param>
          </params>
          <reporter-output>
          </reporter-output>
        </test-method> <!-- runScenario -->
        <test-method signature="runScenario(io.cucumber.testng.PickleWrapper,io.cucumber.testng.FeatureWrapper)[pri:0, instance:Runner.TestRunner@72e34f77]" started-at="2025-05-12T18:32:24 CDT" name="runScenario" description="Runs Cucumber Scenarios" data-provider="scenarios" finished-at="2025-05-12T18:32:29 CDT" duration-ms="5870" status="PASS">
          <params>
            <param index="0">
              <value>
                <![CDATA["Verify that user is able to navigate to "Squares of a Sorted Array" Page from Practice question page of "Arrays in Python" page"]]>
              </value>
            </param>
            <param index="1">
              <value>
                <![CDATA["Array Page of DSAlgo portal"]]>
              </value>
            </param>
          </params>
          <reporter-output>
          </reporter-output>
        </test-method> <!-- runScenario -->
        <test-method signature="runScenario(io.cucumber.testng.PickleWrapper,io.cucumber.testng.FeatureWrapper)[pri:0, instance:Runner.TestRunner@72e34f77]" started-at="2025-05-12T18:32:29 CDT" name="runScenario" description="Runs Cucumber Scenarios" data-provider="scenarios" finished-at="2025-05-12T18:32:35 CDT" duration-ms="5873" status="PASS">
          <params>
            <param index="0">
              <value>
                <![CDATA["Verify that user receives NameError, SyntaxError for invalid python code on running "Squares of a Sorted Array" question"]]>
              </value>
            </param>
            <param index="1">
              <value>
                <![CDATA["Array Page of DSAlgo portal"]]>
              </value>
            </param>
          </params>
          <reporter-output>
          </reporter-output>
        </test-method> <!-- runScenario -->
        <test-method signature="runScenario(io.cucumber.testng.PickleWrapper,io.cucumber.testng.FeatureWrapper)[pri:0, instance:Runner.TestRunner@72e34f77]" started-at="2025-05-12T18:32:35 CDT" name="runScenario" description="Runs Cucumber Scenarios" data-provider="scenarios" finished-at="2025-05-12T18:32:42 CDT" duration-ms="6568" status="PASS">
          <params>
            <param index="0">
              <value>
                <![CDATA["Verify that user receives NameError, SyntaxError for invalid python code on running "Squares of a Sorted Array" question"]]>
              </value>
            </param>
            <param index="1">
              <value>
                <![CDATA["Array Page of DSAlgo portal"]]>
              </value>
            </param>
          </params>
          <reporter-output>
          </reporter-output>
        </test-method> <!-- runScenario -->
        <test-method signature="runScenario(io.cucumber.testng.PickleWrapper,io.cucumber.testng.FeatureWrapper)[pri:0, instance:Runner.TestRunner@72e34f77]" started-at="2025-05-12T18:32:42 CDT" name="runScenario" description="Runs Cucumber Scenarios" data-provider="scenarios" finished-at="2025-05-12T18:32:47 CDT" duration-ms="5601" status="PASS">
          <params>
            <param index="0">
              <value>
                <![CDATA["Verify that user is able to run valid python code for "Squares of a Sorted Array" question"]]>
              </value>
            </param>
            <param index="1">
              <value>
                <![CDATA["Array Page of DSAlgo portal"]]>
              </value>
            </param>
          </params>
          <reporter-output>
          </reporter-output>
        </test-method> <!-- runScenario -->
        <test-method signature="runScenario(io.cucumber.testng.PickleWrapper,io.cucumber.testng.FeatureWrapper)[pri:0, instance:Runner.TestRunner@72e34f77]" started-at="2025-05-12T18:32:47 CDT" name="runScenario" description="Runs Cucumber Scenarios" data-provider="scenarios" finished-at="2025-05-12T18:32:54 CDT" duration-ms="6677" status="FAIL">
          <params>
            <param index="0">
              <value>
                <![CDATA["Verify that user receives error on submitting invalid python code, incorrect code for "Squares of a Sorted Array" question"]]>
              </value>
            </param>
            <param index="1">
              <value>
                <![CDATA["Array Page of DSAlgo portal"]]>
              </value>
            </param>
          </params>
          <exception class="java.lang.AssertionError">
            <message>
              <![CDATA[expected [Error occurred during submission] but found [ No tests were collected]]]>
            </message>
            <full-stacktrace>
              <![CDATA[java.lang.AssertionError: expected [Error occurred during submission] but found [ No tests were collected]
at org.testng.Assert.fail(Assert.java:111)
at org.testng.Assert.failNotEquals(Assert.java:1590)
at org.testng.Assert.assertEqualsImpl(Assert.java:150)
at org.testng.Assert.assertEquals(Assert.java:132)
at org.testng.Assert.assertEquals(Assert.java:656)
at org.testng.Assert.assertEquals(Assert.java:666)
at StepDefinitions.ArrayPageStep.the_user_should_see_a_message(ArrayPageStep.java:217)
at ✽.The user should see a message from "PracticeQns" and 3(file:///C:/Users/jimre/eclipse-workspace/DSAlgoBDD_ClubNinjas/clubNinjas-BDD/src/test/resources/features/ArrayPage.feature:220)
]]>
            </full-stacktrace>
          </exception> <!-- java.lang.AssertionError -->
          <reporter-output>
          </reporter-output>
        </test-method> <!-- runScenario -->
        <test-method signature="runScenario(io.cucumber.testng.PickleWrapper,io.cucumber.testng.FeatureWrapper)[pri:0, instance:Runner.TestRunner@72e34f77]" started-at="2025-05-12T18:32:54 CDT" name="runScenario" description="Runs Cucumber Scenarios" data-provider="scenarios" finished-at="2025-05-12T18:33:01 CDT" duration-ms="6790" status="FAIL">
          <params>
            <param index="0">
              <value>
                <![CDATA["Verify that user receives error on submitting invalid python code, incorrect code for "Squares of a Sorted Array" question"]]>
              </value>
            </param>
            <param index="1">
              <value>
                <![CDATA["Array Page of DSAlgo portal"]]>
              </value>
            </param>
          </params>
          <exception class="java.lang.AssertionError">
            <message>
              <![CDATA[expected [Error occurred during submission] but found [ No tests were collected]]]>
            </message>
            <full-stacktrace>
              <![CDATA[java.lang.AssertionError: expected [Error occurred during submission] but found [ No tests were collected]
at org.testng.Assert.fail(Assert.java:111)
at org.testng.Assert.failNotEquals(Assert.java:1590)
at org.testng.Assert.assertEqualsImpl(Assert.java:150)
at org.testng.Assert.assertEquals(Assert.java:132)
at org.testng.Assert.assertEquals(Assert.java:656)
at org.testng.Assert.assertEquals(Assert.java:666)
at StepDefinitions.ArrayPageStep.the_user_should_see_a_message(ArrayPageStep.java:217)
at ✽.The user should see a message from "PracticeQns" and 4(file:///C:/Users/jimre/eclipse-workspace/DSAlgoBDD_ClubNinjas/clubNinjas-BDD/src/test/resources/features/ArrayPage.feature:220)
]]>
            </full-stacktrace>
          </exception> <!-- java.lang.AssertionError -->
          <reporter-output>
          </reporter-output>
        </test-method> <!-- runScenario -->
        <test-method signature="runScenario(io.cucumber.testng.PickleWrapper,io.cucumber.testng.FeatureWrapper)[pri:0, instance:Runner.TestRunner@72e34f77]" started-at="2025-05-12T18:33:01 CDT" name="runScenario" description="Runs Cucumber Scenarios" data-provider="scenarios" finished-at="2025-05-12T18:33:08 CDT" duration-ms="6678" status="FAIL">
          <params>
            <param index="0">
              <value>
                <![CDATA["Verify that user is able to successfully submit valid correct python code for "Squares of a Sorted Array" question"]]>
              </value>
            </param>
            <param index="1">
              <value>
                <![CDATA["Array Page of DSAlgo portal"]]>
              </value>
            </param>
          </params>
          <exception class="java.lang.AssertionError">
            <message>
              <![CDATA[expected [Submission Successful] but found [ No tests were collected]]]>
            </message>
            <full-stacktrace>
              <![CDATA[java.lang.AssertionError: expected [Submission Successful] but found [ No tests were collected]
at org.testng.Assert.fail(Assert.java:111)
at org.testng.Assert.failNotEquals(Assert.java:1590)
at org.testng.Assert.assertEqualsImpl(Assert.java:150)
at org.testng.Assert.assertEquals(Assert.java:132)
at org.testng.Assert.assertEquals(Assert.java:656)
at org.testng.Assert.assertEquals(Assert.java:666)
at StepDefinitions.ArrayPageStep.the_user_should_see_a_message(ArrayPageStep.java:217)
at ✽.The user should see a message from "PracticeQns" and 12(file:///C:/Users/jimre/eclipse-workspace/DSAlgoBDD_ClubNinjas/clubNinjas-BDD/src/test/resources/features/ArrayPage.feature:231)
]]>
            </full-stacktrace>
          </exception> <!-- java.lang.AssertionError -->
          <reporter-output>
          </reporter-output>
        </test-method> <!-- runScenario -->
        <test-method signature="runScenario(io.cucumber.testng.PickleWrapper,io.cucumber.testng.FeatureWrapper)[pri:0, instance:Runner.TestRunner@72e34f77]" started-at="2025-05-12T18:33:08 CDT" name="runScenario" description="Runs Cucumber Scenarios" data-provider="scenarios" finished-at="2025-05-12T18:33:12 CDT" duration-ms="4700" status="PASS">
          <params>
            <param index="0">
              <value>
                <![CDATA["Verify that user is able to navigate to "Arrays Using List" page"]]>
              </value>
            </param>
            <param index="1">
              <value>
                <![CDATA["Array Page of DSAlgo portal"]]>
              </value>
            </param>
          </params>
          <reporter-output>
          </reporter-output>
        </test-method> <!-- runScenario -->
        <test-method signature="runScenario(io.cucumber.testng.PickleWrapper,io.cucumber.testng.FeatureWrapper)[pri:0, instance:Runner.TestRunner@72e34f77]" started-at="2025-05-12T18:33:12 CDT" name="runScenario" description="Runs Cucumber Scenarios" data-provider="scenarios" finished-at="2025-05-12T18:33:17 CDT" duration-ms="5149" status="PASS">
          <params>
            <param index="0">
              <value>
                <![CDATA["Verify that user is able to navigate to "try Editor" page for "Arrays Using List" page"]]>
              </value>
            </param>
            <param index="1">
              <value>
                <![CDATA["Array Page of DSAlgo portal"]]>
              </value>
            </param>
          </params>
          <reporter-output>
          </reporter-output>
        </test-method> <!-- runScenario -->
        <test-method signature="runScenario(io.cucumber.testng.PickleWrapper,io.cucumber.testng.FeatureWrapper)[pri:0, instance:Runner.TestRunner@72e34f77]" started-at="2025-05-12T18:33:17 CDT" name="runScenario" description="Runs Cucumber Scenarios" data-provider="scenarios" finished-at="2025-05-12T18:33:23 CDT" duration-ms="6022" status="FAIL">
          <params>
            <param index="0">
              <value>
                <![CDATA["Verify that user receives error when click on Run button without entering code for "Arrays Using List" try Editor page"]]>
              </value>
            </param>
            <param index="1">
              <value>
                <![CDATA["Array Page of DSAlgo portal"]]>
              </value>
            </param>
          </params>
          <exception class="java.lang.AssertionError">
            <message>
              <![CDATA[expected [true] but found [false]]]>
            </message>
            <full-stacktrace>
              <![CDATA[java.lang.AssertionError: expected [true] but found [false]
at org.testng.Assert.fail(Assert.java:111)
at org.testng.Assert.failNotEquals(Assert.java:1590)
at org.testng.Assert.assertTrue(Assert.java:57)
at org.testng.Assert.assertTrue(Assert.java:67)
at StepDefinitions.ArrayPageStep.the_user_should_able_to_see_a_error_message_from_and(ArrayPageStep.java:121)
at ✽.The user should able to see a error message from "TryCode" and 1(file:///C:/Users/jimre/eclipse-workspace/DSAlgoBDD_ClubNinjas/clubNinjas-BDD/src/test/resources/features/ArrayPage.feature:250)
]]>
            </full-stacktrace>
          </exception> <!-- java.lang.AssertionError -->
          <reporter-output>
          </reporter-output>
        </test-method> <!-- runScenario -->
        <test-method signature="runScenario(io.cucumber.testng.PickleWrapper,io.cucumber.testng.FeatureWrapper)[pri:0, instance:Runner.TestRunner@72e34f77]" started-at="2025-05-12T18:33:23 CDT" name="runScenario" description="Runs Cucumber Scenarios" data-provider="scenarios" finished-at="2025-05-12T18:33:29 CDT" duration-ms="5304" status="PASS">
          <params>
            <param index="0">
              <value>
                <![CDATA["Verify that user receives error when click on Run button without entering code for "Arrays Using List" try Editor page"]]>
              </value>
            </param>
            <param index="1">
              <value>
                <![CDATA["Array Page of DSAlgo portal"]]>
              </value>
            </param>
          </params>
          <reporter-output>
          </reporter-output>
        </test-method> <!-- runScenario -->
        <test-method signature="runScenario(io.cucumber.testng.PickleWrapper,io.cucumber.testng.FeatureWrapper)[pri:0, instance:Runner.TestRunner@72e34f77]" started-at="2025-05-12T18:33:29 CDT" name="runScenario" description="Runs Cucumber Scenarios" data-provider="scenarios" finished-at="2025-05-12T18:33:34 CDT" duration-ms="5588" status="PASS">
          <params>
            <param index="0">
              <value>
                <![CDATA["Verify that user receives error when click on Run button without entering code for "Arrays Using List" try Editor page"]]>
              </value>
            </param>
            <param index="1">
              <value>
                <![CDATA["Array Page of DSAlgo portal"]]>
              </value>
            </param>
          </params>
          <reporter-output>
          </reporter-output>
        </test-method> <!-- runScenario -->
        <test-method signature="runScenario(io.cucumber.testng.PickleWrapper,io.cucumber.testng.FeatureWrapper)[pri:0, instance:Runner.TestRunner@72e34f77]" started-at="2025-05-12T18:33:34 CDT" name="runScenario" description="Runs Cucumber Scenarios" data-provider="scenarios" finished-at="2025-05-12T18:33:40 CDT" duration-ms="5448" status="PASS">
          <params>
            <param index="0">
              <value>
                <![CDATA["Verify that user is able to see output for valid python code for "Arrays Using List" try Editor page"]]>
              </value>
            </param>
            <param index="1">
              <value>
                <![CDATA["Array Page of DSAlgo portal"]]>
              </value>
            </param>
          </params>
          <reporter-output>
          </reporter-output>
        </test-method> <!-- runScenario -->
        <test-method signature="runScenario(io.cucumber.testng.PickleWrapper,io.cucumber.testng.FeatureWrapper)[pri:0, instance:Runner.TestRunner@72e34f77]" started-at="2025-05-12T18:33:40 CDT" name="runScenario" description="Runs Cucumber Scenarios" data-provider="scenarios" finished-at="2025-05-12T18:33:45 CDT" duration-ms="5034" status="PASS">
          <params>
            <param index="0">
              <value>
                <![CDATA["Verify that user is able to navigate to "Practice Questions" Page from "Arrays Using List" page"]]>
              </value>
            </param>
            <param index="1">
              <value>
                <![CDATA["Array Page of DSAlgo portal"]]>
              </value>
            </param>
          </params>
          <reporter-output>
          </reporter-output>
        </test-method> <!-- runScenario -->
        <test-method signature="runScenario(io.cucumber.testng.PickleWrapper,io.cucumber.testng.FeatureWrapper)[pri:0, instance:Runner.TestRunner@72e34f77]" started-at="2025-05-12T18:33:45 CDT" name="runScenario" description="Runs Cucumber Scenarios" data-provider="scenarios" finished-at="2025-05-12T18:33:49 CDT" duration-ms="4078" status="PASS">
          <params>
            <param index="0">
              <value>
                <![CDATA["Verify that user is able to navigate to "Basic Operations in Lists" page"]]>
              </value>
            </param>
            <param index="1">
              <value>
                <![CDATA["Array Page of DSAlgo portal"]]>
              </value>
            </param>
          </params>
          <reporter-output>
          </reporter-output>
        </test-method> <!-- runScenario -->
        <test-method signature="runScenario(io.cucumber.testng.PickleWrapper,io.cucumber.testng.FeatureWrapper)[pri:0, instance:Runner.TestRunner@72e34f77]" started-at="2025-05-12T18:33:49 CDT" name="runScenario" description="Runs Cucumber Scenarios" data-provider="scenarios" finished-at="2025-05-12T18:33:54 CDT" duration-ms="5407" status="PASS">
          <params>
            <param index="0">
              <value>
                <![CDATA["Verify that user is able to navigate to "try Editor" page for "Basic Operations in Lists" page"]]>
              </value>
            </param>
            <param index="1">
              <value>
                <![CDATA["Array Page of DSAlgo portal"]]>
              </value>
            </param>
          </params>
          <reporter-output>
          </reporter-output>
        </test-method> <!-- runScenario -->
        <test-method signature="runScenario(io.cucumber.testng.PickleWrapper,io.cucumber.testng.FeatureWrapper)[pri:0, instance:Runner.TestRunner@72e34f77]" started-at="2025-05-12T18:33:54 CDT" name="runScenario" description="Runs Cucumber Scenarios" data-provider="scenarios" finished-at="2025-05-12T18:34:00 CDT" duration-ms="5736" status="FAIL">
          <params>
            <param index="0">
              <value>
                <![CDATA["Verify that user receives error when click on Run button without entering code for "Basic Operations in Lists" try Editor page"]]>
              </value>
            </param>
            <param index="1">
              <value>
                <![CDATA["Array Page of DSAlgo portal"]]>
              </value>
            </param>
          </params>
          <exception class="java.lang.AssertionError">
            <message>
              <![CDATA[expected [true] but found [false]]]>
            </message>
            <full-stacktrace>
              <![CDATA[java.lang.AssertionError: expected [true] but found [false]
at org.testng.Assert.fail(Assert.java:111)
at org.testng.Assert.failNotEquals(Assert.java:1590)
at org.testng.Assert.assertTrue(Assert.java:57)
at org.testng.Assert.assertTrue(Assert.java:67)
at StepDefinitions.ArrayPageStep.the_user_should_able_to_see_a_error_message_from_and(ArrayPageStep.java:121)
at ✽.The user should able to see a error message from "TryCode" and 1(file:///C:/Users/jimre/eclipse-workspace/DSAlgoBDD_ClubNinjas/clubNinjas-BDD/src/test/resources/features/ArrayPage.feature:285)
]]>
            </full-stacktrace>
          </exception> <!-- java.lang.AssertionError -->
          <reporter-output>
          </reporter-output>
        </test-method> <!-- runScenario -->
        <test-method signature="runScenario(io.cucumber.testng.PickleWrapper,io.cucumber.testng.FeatureWrapper)[pri:0, instance:Runner.TestRunner@72e34f77]" started-at="2025-05-12T18:34:00 CDT" name="runScenario" description="Runs Cucumber Scenarios" data-provider="scenarios" finished-at="2025-05-12T18:34:06 CDT" duration-ms="6091" status="PASS">
          <params>
            <param index="0">
              <value>
                <![CDATA["Verify that user receives error when click on Run button without entering code for "Basic Operations in Lists" try Editor page"]]>
              </value>
            </param>
            <param index="1">
              <value>
                <![CDATA["Array Page of DSAlgo portal"]]>
              </value>
            </param>
          </params>
          <reporter-output>
          </reporter-output>
        </test-method> <!-- runScenario -->
        <test-method signature="runScenario(io.cucumber.testng.PickleWrapper,io.cucumber.testng.FeatureWrapper)[pri:0, instance:Runner.TestRunner@72e34f77]" started-at="2025-05-12T18:34:06 CDT" name="runScenario" description="Runs Cucumber Scenarios" data-provider="scenarios" finished-at="2025-05-12T18:34:12 CDT" duration-ms="5549" status="PASS">
          <params>
            <param index="0">
              <value>
                <![CDATA["Verify that user receives error when click on Run button without entering code for "Basic Operations in Lists" try Editor page"]]>
              </value>
            </param>
            <param index="1">
              <value>
                <![CDATA["Array Page of DSAlgo portal"]]>
              </value>
            </param>
          </params>
          <reporter-output>
          </reporter-output>
        </test-method> <!-- runScenario -->
        <test-method signature="runScenario(io.cucumber.testng.PickleWrapper,io.cucumber.testng.FeatureWrapper)[pri:0, instance:Runner.TestRunner@72e34f77]" started-at="2025-05-12T18:34:12 CDT" name="runScenario" description="Runs Cucumber Scenarios" data-provider="scenarios" finished-at="2025-05-12T18:34:17 CDT" duration-ms="5306" status="PASS">
          <params>
            <param index="0">
              <value>
                <![CDATA["Verify that user is able to see output for valid python code for "Basic Operations in Lists"try Editor page"]]>
              </value>
            </param>
            <param index="1">
              <value>
                <![CDATA["Array Page of DSAlgo portal"]]>
              </value>
            </param>
          </params>
          <reporter-output>
          </reporter-output>
        </test-method> <!-- runScenario -->
        <test-method signature="runScenario(io.cucumber.testng.PickleWrapper,io.cucumber.testng.FeatureWrapper)[pri:0, instance:Runner.TestRunner@72e34f77]" started-at="2025-05-12T18:34:17 CDT" name="runScenario" description="Runs Cucumber Scenarios" data-provider="scenarios" finished-at="2025-05-12T18:34:21 CDT" duration-ms="3997" status="PASS">
          <params>
            <param index="0">
              <value>
                <![CDATA["Verify that user is able to navigate to "Practice Questions" Page from "Basic Operations in Lists" page"]]>
              </value>
            </param>
            <param index="1">
              <value>
                <![CDATA["Array Page of DSAlgo portal"]]>
              </value>
            </param>
          </params>
          <reporter-output>
          </reporter-output>
        </test-method> <!-- runScenario -->
        <test-method signature="runScenario(io.cucumber.testng.PickleWrapper,io.cucumber.testng.FeatureWrapper)[pri:0, instance:Runner.TestRunner@72e34f77]" started-at="2025-05-12T18:34:21 CDT" name="runScenario" description="Runs Cucumber Scenarios" data-provider="scenarios" finished-at="2025-05-12T18:34:26 CDT" duration-ms="4972" status="PASS">
          <params>
            <param index="0">
              <value>
                <![CDATA["Verify that user is able to navigate to "Applications of Array" page"]]>
              </value>
            </param>
            <param index="1">
              <value>
                <![CDATA["Array Page of DSAlgo portal"]]>
              </value>
            </param>
          </params>
          <reporter-output>
          </reporter-output>
        </test-method> <!-- runScenario -->
        <test-method signature="runScenario(io.cucumber.testng.PickleWrapper,io.cucumber.testng.FeatureWrapper)[pri:0, instance:Runner.TestRunner@72e34f77]" started-at="2025-05-12T18:34:26 CDT" name="runScenario" description="Runs Cucumber Scenarios" data-provider="scenarios" finished-at="2025-05-12T18:34:32 CDT" duration-ms="5684" status="PASS">
          <params>
            <param index="0">
              <value>
                <![CDATA["Verify that user is able to navigate to "try Editor" page for "Applications of Array" page"]]>
              </value>
            </param>
            <param index="1">
              <value>
                <![CDATA["Array Page of DSAlgo portal"]]>
              </value>
            </param>
          </params>
          <reporter-output>
          </reporter-output>
        </test-method> <!-- runScenario -->
        <test-method signature="runScenario(io.cucumber.testng.PickleWrapper,io.cucumber.testng.FeatureWrapper)[pri:0, instance:Runner.TestRunner@72e34f77]" started-at="2025-05-12T18:34:32 CDT" name="runScenario" description="Runs Cucumber Scenarios" data-provider="scenarios" finished-at="2025-05-12T18:34:37 CDT" duration-ms="5742" status="FAIL">
          <params>
            <param index="0">
              <value>
                <![CDATA["Verify that user receives error when click on Run button without entering code for "Applications of Array" page"]]>
              </value>
            </param>
            <param index="1">
              <value>
                <![CDATA["Array Page of DSAlgo portal"]]>
              </value>
            </param>
          </params>
          <exception class="java.lang.AssertionError">
            <message>
              <![CDATA[expected [true] but found [false]]]>
            </message>
            <full-stacktrace>
              <![CDATA[java.lang.AssertionError: expected [true] but found [false]
at org.testng.Assert.fail(Assert.java:111)
at org.testng.Assert.failNotEquals(Assert.java:1590)
at org.testng.Assert.assertTrue(Assert.java:57)
at org.testng.Assert.assertTrue(Assert.java:67)
at StepDefinitions.ArrayPageStep.the_user_should_able_to_see_a_error_message_from_and(ArrayPageStep.java:121)
at ✽.The user should able to see a error message from "TryCode" and 1(file:///C:/Users/jimre/eclipse-workspace/DSAlgoBDD_ClubNinjas/clubNinjas-BDD/src/test/resources/features/ArrayPage.feature:320)
]]>
            </full-stacktrace>
          </exception> <!-- java.lang.AssertionError -->
          <reporter-output>
          </reporter-output>
        </test-method> <!-- runScenario -->
        <test-method signature="runScenario(io.cucumber.testng.PickleWrapper,io.cucumber.testng.FeatureWrapper)[pri:0, instance:Runner.TestRunner@72e34f77]" started-at="2025-05-12T18:34:37 CDT" name="runScenario" description="Runs Cucumber Scenarios" data-provider="scenarios" finished-at="2025-05-12T18:34:43 CDT" duration-ms="5395" status="PASS">
          <params>
            <param index="0">
              <value>
                <![CDATA["Verify that user receives error when click on Run button without entering code for "Applications of Array" page"]]>
              </value>
            </param>
            <param index="1">
              <value>
                <![CDATA["Array Page of DSAlgo portal"]]>
              </value>
            </param>
          </params>
          <reporter-output>
          </reporter-output>
        </test-method> <!-- runScenario -->
        <test-method signature="runScenario(io.cucumber.testng.PickleWrapper,io.cucumber.testng.FeatureWrapper)[pri:0, instance:Runner.TestRunner@72e34f77]" started-at="2025-05-12T18:34:43 CDT" name="runScenario" description="Runs Cucumber Scenarios" data-provider="scenarios" finished-at="2025-05-12T18:34:48 CDT" duration-ms="5461" status="PASS">
          <params>
            <param index="0">
              <value>
                <![CDATA["Verify that user receives error when click on Run button without entering code for "Applications of Array" page"]]>
              </value>
            </param>
            <param index="1">
              <value>
                <![CDATA["Array Page of DSAlgo portal"]]>
              </value>
            </param>
          </params>
          <reporter-output>
          </reporter-output>
        </test-method> <!-- runScenario -->
        <test-method signature="runScenario(io.cucumber.testng.PickleWrapper,io.cucumber.testng.FeatureWrapper)[pri:0, instance:Runner.TestRunner@72e34f77]" started-at="2025-05-12T18:34:48 CDT" name="runScenario" description="Runs Cucumber Scenarios" data-provider="scenarios" finished-at="2025-05-12T18:34:54 CDT" duration-ms="5302" status="PASS">
          <params>
            <param index="0">
              <value>
                <![CDATA["Verify that user is able to see output for valid python code for "Applications of Array" try Editor page"]]>
              </value>
            </param>
            <param index="1">
              <value>
                <![CDATA["Array Page of DSAlgo portal"]]>
              </value>
            </param>
          </params>
          <reporter-output>
          </reporter-output>
        </test-method> <!-- runScenario -->
        <test-method signature="runScenario(io.cucumber.testng.PickleWrapper,io.cucumber.testng.FeatureWrapper)[pri:0, instance:Runner.TestRunner@72e34f77]" started-at="2025-05-12T18:34:54 CDT" name="runScenario" description="Runs Cucumber Scenarios" data-provider="scenarios" finished-at="2025-05-12T18:34:59 CDT" duration-ms="4997" status="PASS">
          <params>
            <param index="0">
              <value>
                <![CDATA["Verify that user is able to navigate to "Practice Questions" Page for "Applications of Array" try Editor page"]]>
              </value>
            </param>
            <param index="1">
              <value>
                <![CDATA["Array Page of DSAlgo portal"]]>
              </value>
            </param>
          </params>
          <reporter-output>
          </reporter-output>
        </test-method> <!-- runScenario -->
        <test-method signature="runScenario(io.cucumber.testng.PickleWrapper,io.cucumber.testng.FeatureWrapper)[pri:0, instance:Runner.TestRunner@72e34f77]" started-at="2025-05-12T18:34:59 CDT" name="runScenario" description="Runs Cucumber Scenarios" data-provider="scenarios" finished-at="2025-05-12T18:35:03 CDT" duration-ms="4468" status="PASS">
          <params>
            <param index="0">
              <value>
                <![CDATA["Verify that user is able to navigate to "Data Structures - Introduction" page"]]>
              </value>
            </param>
            <param index="1">
              <value>
                <![CDATA["Data Structures - Introduction"]]>
              </value>
            </param>
          </params>
          <reporter-output>
          </reporter-output>
        </test-method> <!-- runScenario -->
        <test-method signature="runScenario(io.cucumber.testng.PickleWrapper,io.cucumber.testng.FeatureWrapper)[pri:0, instance:Runner.TestRunner@72e34f77]" started-at="2025-05-12T18:35:03 CDT" name="runScenario" description="Runs Cucumber Scenarios" data-provider="scenarios" finished-at="2025-05-12T18:35:08 CDT" duration-ms="4574" status="PASS">
          <params>
            <param index="0">
              <value>
                <![CDATA["Verify that user is able to navigate to "Time Complexity" page"]]>
              </value>
            </param>
            <param index="1">
              <value>
                <![CDATA["Data Structures - Introduction"]]>
              </value>
            </param>
          </params>
          <reporter-output>
          </reporter-output>
        </test-method> <!-- runScenario -->
        <test-method signature="runScenario(io.cucumber.testng.PickleWrapper,io.cucumber.testng.FeatureWrapper)[pri:0, instance:Runner.TestRunner@72e34f77]" started-at="2025-05-12T18:35:08 CDT" name="runScenario" description="Runs Cucumber Scenarios" data-provider="scenarios" finished-at="2025-05-12T18:35:13 CDT" duration-ms="5149" status="PASS">
          <params>
            <param index="0">
              <value>
                <![CDATA["Verify that user is able to navigate to "Practice Questions" page"]]>
              </value>
            </param>
            <param index="1">
              <value>
                <![CDATA["Data Structures - Introduction"]]>
              </value>
            </param>
          </params>
          <reporter-output>
          </reporter-output>
        </test-method> <!-- runScenario -->
        <test-method signature="runScenario(io.cucumber.testng.PickleWrapper,io.cucumber.testng.FeatureWrapper)[pri:0, instance:Runner.TestRunner@72e34f77]" started-at="2025-05-12T18:35:13 CDT" name="runScenario" description="Runs Cucumber Scenarios" data-provider="scenarios" finished-at="2025-05-12T18:35:18 CDT" duration-ms="5266" status="PASS">
          <params>
            <param index="0">
              <value>
                <![CDATA["Verify that user is able to navigate to "Try here" in "Time Complexity" page"]]>
              </value>
            </param>
            <param index="1">
              <value>
                <![CDATA["Data Structures - Introduction"]]>
              </value>
            </param>
          </params>
          <reporter-output>
          </reporter-output>
        </test-method> <!-- runScenario -->
        <test-method signature="runScenario(io.cucumber.testng.PickleWrapper,io.cucumber.testng.FeatureWrapper)[pri:0, instance:Runner.TestRunner@72e34f77]" started-at="2025-05-12T18:35:18 CDT" name="runScenario" description="Runs Cucumber Scenarios" data-provider="scenarios" finished-at="2025-05-12T18:35:23 CDT" duration-ms="4910" status="FAIL">
          <params>
            <param index="0">
              <value>
                <![CDATA["Verify that user receives error when click on Run button without entering code"]]>
              </value>
            </param>
            <param index="1">
              <value>
                <![CDATA["Data Structures - Introduction"]]>
              </value>
            </param>
          </params>
          <exception class="java.lang.AssertionError">
            <message>
              <![CDATA[No Alert found]]>
            </message>
            <full-stacktrace>
              <![CDATA[java.lang.AssertionError: No Alert found
at org.testng.Assert.fail(Assert.java:111)
at PageObject.DataStructurePageObject.acceptAlert(DataStructurePageObject.java:142)
at StepDefinitions.DataStructureStep.the_user_should_able_to_see_a_error_message_from_and_on_time_complexity_try_editor_popup(DataStructureStep.java:152)
at ✽.The user should able to see a error message from "DataStructures" and 4 on Time Complexity tryEditor popup(file:///C:/Users/jimre/eclipse-workspace/DSAlgoBDD_ClubNinjas/clubNinjas-BDD/src/test/resources/features/DataStructure.feature:32)
]]>
            </full-stacktrace>
          </exception> <!-- java.lang.AssertionError -->
          <reporter-output>
          </reporter-output>
        </test-method> <!-- runScenario -->
        <test-method signature="runScenario(io.cucumber.testng.PickleWrapper,io.cucumber.testng.FeatureWrapper)[pri:0, instance:Runner.TestRunner@72e34f77]" started-at="2025-05-12T18:35:23 CDT" name="runScenario" description="Runs Cucumber Scenarios" data-provider="scenarios" finished-at="2025-05-12T18:35:29 CDT" duration-ms="5934" status="PASS">
          <params>
            <param index="0">
              <value>
                <![CDATA["Verify that user receives error for invalid python code in Time Complexity Try Editor"]]>
              </value>
            </param>
            <param index="1">
              <value>
                <![CDATA["Data Structures - Introduction"]]>
              </value>
            </param>
          </params>
          <reporter-output>
          </reporter-output>
        </test-method> <!-- runScenario -->
        <test-method signature="runScenario(io.cucumber.testng.PickleWrapper,io.cucumber.testng.FeatureWrapper)[pri:0, instance:Runner.TestRunner@72e34f77]" started-at="2025-05-12T18:35:29 CDT" name="runScenario" description="Runs Cucumber Scenarios" data-provider="scenarios" finished-at="2025-05-12T18:35:34 CDT" duration-ms="5455" status="PASS">
          <params>
            <param index="0">
              <value>
                <![CDATA["Verify that user is able to see output for valid python code in Time Complexity Try Editor"]]>
              </value>
            </param>
            <param index="1">
              <value>
                <![CDATA["Data Structures - Introduction"]]>
              </value>
            </param>
          </params>
          <reporter-output>
          </reporter-output>
        </test-method> <!-- runScenario -->
        <test-method signature="runScenario(io.cucumber.testng.PickleWrapper,io.cucumber.testng.FeatureWrapper)[pri:0, instance:Runner.TestRunner@72e34f77]" started-at="2025-05-12T18:35:34 CDT" name="runScenario" description="Runs Cucumber Scenarios" data-provider="scenarios" finished-at="2025-05-12T18:35:40 CDT" duration-ms="5293" status="PASS">
          <params>
            <param index="0">
              <value>
                <![CDATA["Verify that user is able to see output for valid python code in Time Complexity Try Editor"]]>
              </value>
            </param>
            <param index="1">
              <value>
                <![CDATA["Data Structures - Introduction"]]>
              </value>
            </param>
          </params>
          <reporter-output>
          </reporter-output>
        </test-method> <!-- runScenario -->
        <test-method signature="runScenario(io.cucumber.testng.PickleWrapper,io.cucumber.testng.FeatureWrapper)[pri:0, instance:Runner.TestRunner@72e34f77]" started-at="2025-05-12T18:35:40 CDT" name="runScenario" description="Runs Cucumber Scenarios" data-provider="scenarios" finished-at="2025-05-12T18:35:44 CDT" duration-ms="4528" status="PASS">
          <params>
            <param index="0">
              <value>
                <![CDATA["Verify that user able to see warning message while selecting Graph from the dropdown Data Structures without Sign in"]]>
              </value>
            </param>
            <param index="1">
              <value>
                <![CDATA["Graph"]]>
              </value>
            </param>
          </params>
          <reporter-output>
          </reporter-output>
        </test-method> <!-- runScenario -->
        <test-method signature="runScenario(io.cucumber.testng.PickleWrapper,io.cucumber.testng.FeatureWrapper)[pri:0, instance:Runner.TestRunner@72e34f77]" started-at="2025-05-12T18:35:44 CDT" name="runScenario" description="Runs Cucumber Scenarios" data-provider="scenarios" finished-at="2025-05-12T18:35:47 CDT" duration-ms="3166" status="PASS">
          <params>
            <param index="0">
              <value>
                <![CDATA["Verify that user able to see warning message on clicking "Get Started" buttons of "Graph" on the home page without Sign in"]]>
              </value>
            </param>
            <param index="1">
              <value>
                <![CDATA["Graph"]]>
              </value>
            </param>
          </params>
          <reporter-output>
          </reporter-output>
        </test-method> <!-- runScenario -->
        <test-method signature="runScenario(io.cucumber.testng.PickleWrapper,io.cucumber.testng.FeatureWrapper)[pri:0, instance:Runner.TestRunner@72e34f77]" started-at="2025-05-12T18:35:47 CDT" name="runScenario" description="Runs Cucumber Scenarios" data-provider="scenarios" finished-at="2025-05-12T18:35:52 CDT" duration-ms="4475" status="PASS">
          <params>
            <param index="0">
              <value>
                <![CDATA["Verify that user is able to click on graphs Get started button of Graph on the home page after giving valid username and password"]]>
              </value>
            </param>
            <param index="1">
              <value>
                <![CDATA["Graph"]]>
              </value>
            </param>
          </params>
          <reporter-output>
          </reporter-output>
        </test-method> <!-- runScenario -->
        <test-method signature="runScenario(io.cucumber.testng.PickleWrapper,io.cucumber.testng.FeatureWrapper)[pri:0, instance:Runner.TestRunner@72e34f77]" started-at="2025-05-12T18:35:52 CDT" name="runScenario" description="Runs Cucumber Scenarios" data-provider="scenarios" finished-at="2025-05-12T18:35:56 CDT" duration-ms="4449" status="PASS">
          <params>
            <param index="0">
              <value>
                <![CDATA["Verify that user is able to click on the sublink Graph from the Tree page"]]>
              </value>
            </param>
            <param index="1">
              <value>
                <![CDATA["Graph"]]>
              </value>
            </param>
          </params>
          <reporter-output>
          </reporter-output>
        </test-method> <!-- runScenario -->
        <test-method signature="runScenario(io.cucumber.testng.PickleWrapper,io.cucumber.testng.FeatureWrapper)[pri:0, instance:Runner.TestRunner@72e34f77]" started-at="2025-05-12T18:35:56 CDT" name="runScenario" description="Runs Cucumber Scenarios" data-provider="scenarios" finished-at="2025-05-12T18:36:02 CDT" duration-ms="5583" status="PASS">
          <params>
            <param index="0">
              <value>
                <![CDATA["Verify that user is able to click on the button Try here >>> from the sublink Graph page"]]>
              </value>
            </param>
            <param index="1">
              <value>
                <![CDATA["Graph"]]>
              </value>
            </param>
          </params>
          <reporter-output>
          </reporter-output>
        </test-method> <!-- runScenario -->
        <test-method signature="runScenario(io.cucumber.testng.PickleWrapper,io.cucumber.testng.FeatureWrapper)[pri:0, instance:Runner.TestRunner@72e34f77]" started-at="2025-05-12T18:36:02 CDT" name="runScenario" description="Runs Cucumber Scenarios" data-provider="scenarios" finished-at="2025-05-12T18:36:08 CDT" duration-ms="5755" status="PASS">
          <params>
            <param index="0">
              <value>
                <![CDATA["Verify that user is able to type python code in the text area of sublink Graph page"]]>
              </value>
            </param>
            <param index="1">
              <value>
                <![CDATA["Graph"]]>
              </value>
            </param>
          </params>
          <reporter-output>
          </reporter-output>
        </test-method> <!-- runScenario -->
        <test-method signature="runScenario(io.cucumber.testng.PickleWrapper,io.cucumber.testng.FeatureWrapper)[pri:0, instance:Runner.TestRunner@72e34f77]" started-at="2025-05-12T18:36:08 CDT" name="runScenario" description="Runs Cucumber Scenarios" data-provider="scenarios" finished-at="2025-05-12T18:36:13 CDT" duration-ms="5583" status="PASS">
          <params>
            <param index="0">
              <value>
                <![CDATA["User submits different codes and receives an alert"]]>
              </value>
            </param>
            <param index="1">
              <value>
                <![CDATA["Graph"]]>
              </value>
            </param>
          </params>
          <reporter-output>
          </reporter-output>
        </test-method> <!-- runScenario -->
        <test-method signature="runScenario(io.cucumber.testng.PickleWrapper,io.cucumber.testng.FeatureWrapper)[pri:0, instance:Runner.TestRunner@72e34f77]" started-at="2025-05-12T18:36:13 CDT" name="runScenario" description="Runs Cucumber Scenarios" data-provider="scenarios" finished-at="2025-05-12T18:36:19 CDT" duration-ms="5387" status="PASS">
          <params>
            <param index="0">
              <value>
                <![CDATA["User submits different codes and receives an alert"]]>
              </value>
            </param>
            <param index="1">
              <value>
                <![CDATA["Graph"]]>
              </value>
            </param>
          </params>
          <reporter-output>
          </reporter-output>
        </test-method> <!-- runScenario -->
        <test-method signature="runScenario(io.cucumber.testng.PickleWrapper,io.cucumber.testng.FeatureWrapper)[pri:0, instance:Runner.TestRunner@72e34f77]" started-at="2025-05-12T18:36:19 CDT" name="runScenario" description="Runs Cucumber Scenarios" data-provider="scenarios" finished-at="2025-05-12T18:36:24 CDT" duration-ms="5863" status="FAIL">
          <params>
            <param index="0">
              <value>
                <![CDATA["User submits different codes and receives an alert"]]>
              </value>
            </param>
            <param index="1">
              <value>
                <![CDATA["Graph"]]>
              </value>
            </param>
          </params>
          <exception class="java.lang.AssertionError">
            <message>
              <![CDATA[expected [true] but found [false]]]>
            </message>
            <full-stacktrace>
              <![CDATA[java.lang.AssertionError: expected [true] but found [false]
at org.testng.Assert.fail(Assert.java:111)
at org.testng.Assert.failNotEquals(Assert.java:1590)
at org.testng.Assert.assertTrue(Assert.java:57)
at org.testng.Assert.assertTrue(Assert.java:67)
at StepDefinitions.GraphPageStep.the_user_should_be_able_to_receive_an_alert_message_from_excel_sheet_and(GraphPageStep.java:162)
at ✽.The user should be able to receive an alert message from excel sheet 'Graph' and 5(file:///C:/Users/jimre/eclipse-workspace/DSAlgoBDD_ClubNinjas/clubNinjas-BDD/src/test/resources/features/GraphPage.feature:51)
]]>
            </full-stacktrace>
          </exception> <!-- java.lang.AssertionError -->
          <reporter-output>
          </reporter-output>
        </test-method> <!-- runScenario -->
        <test-method signature="runScenario(io.cucumber.testng.PickleWrapper,io.cucumber.testng.FeatureWrapper)[pri:0, instance:Runner.TestRunner@72e34f77]" started-at="2025-05-12T18:36:24 CDT" name="runScenario" description="Runs Cucumber Scenarios" data-provider="scenarios" finished-at="2025-05-12T18:36:30 CDT" duration-ms="5497" status="PASS">
          <params>
            <param index="0">
              <value>
                <![CDATA["User submits different codes and receives an alert"]]>
              </value>
            </param>
            <param index="1">
              <value>
                <![CDATA["Graph"]]>
              </value>
            </param>
          </params>
          <reporter-output>
          </reporter-output>
        </test-method> <!-- runScenario -->
        <test-method signature="runScenario(io.cucumber.testng.PickleWrapper,io.cucumber.testng.FeatureWrapper)[pri:0, instance:Runner.TestRunner@72e34f77]" started-at="2025-05-12T18:36:30 CDT" name="runScenario" description="Runs Cucumber Scenarios" data-provider="scenarios" finished-at="2025-05-12T18:36:36 CDT" duration-ms="5699" status="PASS">
          <params>
            <param index="0">
              <value>
                <![CDATA["Verify user is able to  navigate to the previous page sublink Graph on clicking browser back button"]]>
              </value>
            </param>
            <param index="1">
              <value>
                <![CDATA["Graph"]]>
              </value>
            </param>
          </params>
          <reporter-output>
          </reporter-output>
        </test-method> <!-- runScenario -->
        <test-method signature="runScenario(io.cucumber.testng.PickleWrapper,io.cucumber.testng.FeatureWrapper)[pri:0, instance:Runner.TestRunner@72e34f77]" started-at="2025-05-12T18:36:36 CDT" name="runScenario" description="Runs Cucumber Scenarios" data-provider="scenarios" finished-at="2025-05-12T18:36:41 CDT" duration-ms="5058" status="PASS">
          <params>
            <param index="0">
              <value>
                <![CDATA["Verify that user is able to click on the link Graph Representations from the Graph page"]]>
              </value>
            </param>
            <param index="1">
              <value>
                <![CDATA["Graph"]]>
              </value>
            </param>
          </params>
          <reporter-output>
          </reporter-output>
        </test-method> <!-- runScenario -->
        <test-method signature="runScenario(io.cucumber.testng.PickleWrapper,io.cucumber.testng.FeatureWrapper)[pri:0, instance:Runner.TestRunner@72e34f77]" started-at="2025-05-12T18:36:41 CDT" name="runScenario" description="Runs Cucumber Scenarios" data-provider="scenarios" finished-at="2025-05-12T18:36:46 CDT" duration-ms="5530" status="PASS">
          <params>
            <param index="0">
              <value>
                <![CDATA["Verify that user is able to click on the button Try here >>> from the Graph Representations page"]]>
              </value>
            </param>
            <param index="1">
[...]
          <params>
            <param index="0">
              <value>
                <![CDATA["Verify that user receives error when click on Run button for "Traversal" try Editor page"]]>
              </value>
            </param>
            <param index="1">
              <value>
                <![CDATA["Linked list functionality"]]>
              </value>
            </param>
          </params>
          <reporter-output>
          </reporter-output>
        </test-method> <!-- runScenario -->
        <test-method signature="runScenario(io.cucumber.testng.PickleWrapper,io.cucumber.testng.FeatureWrapper)[pri:0, instance:Runner.TestRunner@72e34f77]" started-at="2025-05-12T18:55:38 CDT" name="runScenario" description="Runs Cucumber Scenarios" data-provider="scenarios" finished-at="2025-05-12T18:55:44 CDT" duration-ms="5384" status="PASS">
          <params>
            <param index="0">
              <value>
                <![CDATA["Verify that user receives error when click on Run button for "Traversal" try Editor page"]]>
              </value>
            </param>
            <param index="1">
              <value>
                <![CDATA["Linked list functionality"]]>
              </value>
            </param>
          </params>
          <reporter-output>
          </reporter-output>
        </test-method> <!-- runScenario -->
        <test-method signature="runScenario(io.cucumber.testng.PickleWrapper,io.cucumber.testng.FeatureWrapper)[pri:0, instance:Runner.TestRunner@72e34f77]" started-at="2025-05-12T18:55:44 CDT" name="runScenario" description="Runs Cucumber Scenarios" data-provider="scenarios" finished-at="2025-05-12T18:55:49 CDT" duration-ms="5394" status="PASS">
          <params>
            <param index="0">
              <value>
                <![CDATA["Verify that user is able to see output for valid python code for "Traversal" try Editor page"]]>
              </value>
            </param>
            <param index="1">
              <value>
                <![CDATA["Linked list functionality"]]>
              </value>
            </param>
          </params>
          <reporter-output>
          </reporter-output>
        </test-method> <!-- runScenario -->
        <test-method signature="runScenario(io.cucumber.testng.PickleWrapper,io.cucumber.testng.FeatureWrapper)[pri:0, instance:Runner.TestRunner@72e34f77]" started-at="2025-05-12T18:55:49 CDT" name="runScenario" description="Runs Cucumber Scenarios" data-provider="scenarios" finished-at="2025-05-12T18:56:04 CDT" duration-ms="15313" status="FAIL">
          <params>
            <param index="0">
              <value>
                <![CDATA["Verify that user is able to navigate to "Practice Questions" Page for Traversal page"]]>
              </value>
            </param>
            <param index="1">
              <value>
                <![CDATA["Linked list functionality"]]>
              </value>
            </param>
          </params>
          <exception class="java.lang.AssertionError">
            <message>
              <![CDATA[No Practise Questions found expected [true] but found [false]]]>
            </message>
            <full-stacktrace>
              <![CDATA[java.lang.AssertionError: No Practise Questions found expected [true] but found [false]
at org.testng.Assert.fail(Assert.java:111)
at org.testng.Assert.failNotEquals(Assert.java:1590)
at org.testng.Assert.assertTrue(Assert.java:57)
at StepDefinitions.LinkeListStep.the_user_should_be_redirected_to_the_practice_page(LinkeListStep.java:152)
at ✽.The user should be redirected to the Practice page(file:///C:/Users/jimre/eclipse-workspace/DSAlgoBDD_ClubNinjas/clubNinjas-BDD/src/test/resources/features/linkedlist.feature:200)
]]>
            </full-stacktrace>
          </exception> <!-- java.lang.AssertionError -->
          <reporter-output>
          </reporter-output>
        </test-method> <!-- runScenario -->
        <test-method signature="runScenario(io.cucumber.testng.PickleWrapper,io.cucumber.testng.FeatureWrapper)[pri:0, instance:Runner.TestRunner@72e34f77]" started-at="2025-05-12T18:56:04 CDT" name="runScenario" description="Runs Cucumber Scenarios" data-provider="scenarios" finished-at="2025-05-12T18:56:09 CDT" duration-ms="4614" status="PASS">
          <params>
            <param index="0">
              <value>
                <![CDATA["Verify that user is able to navigate to "Insertion" page"]]>
              </value>
            </param>
            <param index="1">
              <value>
                <![CDATA["Linked list functionality"]]>
              </value>
            </param>
          </params>
          <reporter-output>
          </reporter-output>
        </test-method> <!-- runScenario -->
        <test-method signature="runScenario(io.cucumber.testng.PickleWrapper,io.cucumber.testng.FeatureWrapper)[pri:0, instance:Runner.TestRunner@72e34f77]" started-at="2025-05-12T18:56:09 CDT" name="runScenario" description="Runs Cucumber Scenarios" data-provider="scenarios" finished-at="2025-05-12T18:56:14 CDT" duration-ms="5251" status="PASS">
          <params>
            <param index="0">
              <value>
                <![CDATA["Verify that user is able to navigate to "try Editor" page for "Insertion" page"]]>
              </value>
            </param>
            <param index="1">
              <value>
                <![CDATA["Linked list functionality"]]>
              </value>
            </param>
          </params>
          <reporter-output>
          </reporter-output>
        </test-method> <!-- runScenario -->
        <test-method signature="runScenario(io.cucumber.testng.PickleWrapper,io.cucumber.testng.FeatureWrapper)[pri:0, instance:Runner.TestRunner@72e34f77]" started-at="2025-05-12T18:56:14 CDT" name="runScenario" description="Runs Cucumber Scenarios" data-provider="scenarios" finished-at="2025-05-12T18:56:20 CDT" duration-ms="5785" status="FAIL">
          <params>
            <param index="0">
              <value>
                <![CDATA["Verify that user receives error when click on Run button for "Insertion" try Editor page"]]>
              </value>
            </param>
            <param index="1">
              <value>
                <![CDATA["Linked list functionality"]]>
              </value>
            </param>
          </params>
          <exception class="java.lang.AssertionError">
            <message>
              <![CDATA[expected [true] but found [false]]]>
            </message>
            <full-stacktrace>
              <![CDATA[java.lang.AssertionError: expected [true] but found [false]
at org.testng.Assert.fail(Assert.java:111)
at org.testng.Assert.failNotEquals(Assert.java:1590)
at org.testng.Assert.assertTrue(Assert.java:57)
at org.testng.Assert.assertTrue(Assert.java:67)
at StepDefinitions.LinkeListStep.the_user_should_able_to_see_a_error_message_from_excel_sheet_and_the(LinkeListStep.java:130)
at ✽.The user should able to see a error message from excel sheet "TryCode" and the  1(file:///C:/Users/jimre/eclipse-workspace/DSAlgoBDD_ClubNinjas/clubNinjas-BDD/src/test/resources/features/linkedlist.feature:216)
]]>
            </full-stacktrace>
          </exception> <!-- java.lang.AssertionError -->
          <reporter-output>
          </reporter-output>
        </test-method> <!-- runScenario -->
        <test-method signature="runScenario(io.cucumber.testng.PickleWrapper,io.cucumber.testng.FeatureWrapper)[pri:0, instance:Runner.TestRunner@72e34f77]" started-at="2025-05-12T18:56:20 CDT" name="runScenario" description="Runs Cucumber Scenarios" data-provider="scenarios" finished-at="2025-05-12T18:56:26 CDT" duration-ms="5446" status="PASS">
          <params>
            <param index="0">
              <value>
                <![CDATA["Verify that user receives error when click on Run button for "Insertion" try Editor page"]]>
              </value>
            </param>
            <param index="1">
              <value>
                <![CDATA["Linked list functionality"]]>
              </value>
            </param>
          </params>
          <reporter-output>
          </reporter-output>
        </test-method> <!-- runScenario -->
        <test-method signature="runScenario(io.cucumber.testng.PickleWrapper,io.cucumber.testng.FeatureWrapper)[pri:0, instance:Runner.TestRunner@72e34f77]" started-at="2025-05-12T18:56:26 CDT" name="runScenario" description="Runs Cucumber Scenarios" data-provider="scenarios" finished-at="2025-05-12T18:56:31 CDT" duration-ms="5418" status="PASS">
          <params>
            <param index="0">
              <value>
                <![CDATA["Verify that user receives error when click on Run button for "Insertion" try Editor page"]]>
              </value>
            </param>
            <param index="1">
              <value>
                <![CDATA["Linked list functionality"]]>
              </value>
            </param>
          </params>
          <reporter-output>
          </reporter-output>
        </test-method> <!-- runScenario -->
        <test-method signature="runScenario(io.cucumber.testng.PickleWrapper,io.cucumber.testng.FeatureWrapper)[pri:0, instance:Runner.TestRunner@72e34f77]" started-at="2025-05-12T18:56:31 CDT" name="runScenario" description="Runs Cucumber Scenarios" data-provider="scenarios" finished-at="2025-05-12T18:56:37 CDT" duration-ms="5553" status="PASS">
          <params>
            <param index="0">
              <value>
                <![CDATA["Verify that user is able to see output for valid python code for "Insertion" try Editor page"]]>
              </value>
            </param>
            <param index="1">
              <value>
                <![CDATA["Linked list functionality"]]>
              </value>
            </param>
          </params>
          <reporter-output>
          </reporter-output>
        </test-method> <!-- runScenario -->
        <test-method signature="runScenario(io.cucumber.testng.PickleWrapper,io.cucumber.testng.FeatureWrapper)[pri:0, instance:Runner.TestRunner@72e34f77]" started-at="2025-05-12T18:56:37 CDT" name="runScenario" description="Runs Cucumber Scenarios" data-provider="scenarios" finished-at="2025-05-12T18:56:52 CDT" duration-ms="15215" status="FAIL">
          <params>
            <param index="0">
              <value>
                <![CDATA["Verify that user is able to navigate to "Practice Questions" Page for Insertion page"]]>
              </value>
            </param>
            <param index="1">
              <value>
                <![CDATA["Linked list functionality"]]>
              </value>
            </param>
          </params>
          <exception class="java.lang.AssertionError">
            <message>
              <![CDATA[No Practise Questions found expected [true] but found [false]]]>
            </message>
            <full-stacktrace>
              <![CDATA[java.lang.AssertionError: No Practise Questions found expected [true] but found [false]
at org.testng.Assert.fail(Assert.java:111)
at org.testng.Assert.failNotEquals(Assert.java:1590)
at org.testng.Assert.assertTrue(Assert.java:57)
at StepDefinitions.LinkeListStep.the_user_should_be_redirected_to_the_practice_page(LinkeListStep.java:152)
at ✽.The user should be redirected to the Practice page(file:///C:/Users/jimre/eclipse-workspace/DSAlgoBDD_ClubNinjas/clubNinjas-BDD/src/test/resources/features/linkedlist.feature:237)
]]>
            </full-stacktrace>
          </exception> <!-- java.lang.AssertionError -->
          <reporter-output>
          </reporter-output>
        </test-method> <!-- runScenario -->
        <test-method signature="runScenario(io.cucumber.testng.PickleWrapper,io.cucumber.testng.FeatureWrapper)[pri:0, instance:Runner.TestRunner@72e34f77]" started-at="2025-05-12T18:56:52 CDT" name="runScenario" description="Runs Cucumber Scenarios" data-provider="scenarios" finished-at="2025-05-12T18:56:56 CDT" duration-ms="4653" status="PASS">
          <params>
            <param index="0">
              <value>
                <![CDATA["Verify that user is able to navigate to "Deletion" page"]]>
              </value>
            </param>
            <param index="1">
              <value>
                <![CDATA["Linked list functionality"]]>
              </value>
            </param>
          </params>
          <reporter-output>
          </reporter-output>
        </test-method> <!-- runScenario -->
        <test-method signature="runScenario(io.cucumber.testng.PickleWrapper,io.cucumber.testng.FeatureWrapper)[pri:0, instance:Runner.TestRunner@72e34f77]" started-at="2025-05-12T18:56:56 CDT" name="runScenario" description="Runs Cucumber Scenarios" data-provider="scenarios" finished-at="2025-05-12T18:57:02 CDT" duration-ms="5272" status="PASS">
          <params>
            <param index="0">
              <value>
                <![CDATA["Verify that user is able to navigate to "try Editor" page for "Deletion" page"]]>
              </value>
            </param>
            <param index="1">
              <value>
                <![CDATA["Linked list functionality"]]>
              </value>
            </param>
          </params>
          <reporter-output>
          </reporter-output>
        </test-method> <!-- runScenario -->
        <test-method signature="runScenario(io.cucumber.testng.PickleWrapper,io.cucumber.testng.FeatureWrapper)[pri:0, instance:Runner.TestRunner@72e34f77]" started-at="2025-05-12T18:57:02 CDT" name="runScenario" description="Runs Cucumber Scenarios" data-provider="scenarios" finished-at="2025-05-12T18:57:08 CDT" duration-ms="6017" status="FAIL">
          <params>
            <param index="0">
              <value>
                <![CDATA["Verify that user receives error when click on Run button for "Deletion" try Editor page"]]>
              </value>
            </param>
            <param index="1">
              <value>
                <![CDATA["Linked list functionality"]]>
              </value>
            </param>
          </params>
          <exception class="java.lang.AssertionError">
            <message>
              <![CDATA[expected [true] but found [false]]]>
            </message>
            <full-stacktrace>
              <![CDATA[java.lang.AssertionError: expected [true] but found [false]
at org.testng.Assert.fail(Assert.java:111)
at org.testng.Assert.failNotEquals(Assert.java:1590)
at org.testng.Assert.assertTrue(Assert.java:57)
at org.testng.Assert.assertTrue(Assert.java:67)
at StepDefinitions.LinkeListStep.the_user_should_able_to_see_a_error_message_from_excel_sheet_and_the(LinkeListStep.java:130)
at ✽.The user should able to see a error message from excel sheet "TryCode" and the  1(file:///C:/Users/jimre/eclipse-workspace/DSAlgoBDD_ClubNinjas/clubNinjas-BDD/src/test/resources/features/linkedlist.feature:252)
]]>
            </full-stacktrace>
          </exception> <!-- java.lang.AssertionError -->
          <reporter-output>
          </reporter-output>
        </test-method> <!-- runScenario -->
        <test-method signature="runScenario(io.cucumber.testng.PickleWrapper,io.cucumber.testng.FeatureWrapper)[pri:0, instance:Runner.TestRunner@72e34f77]" started-at="2025-05-12T18:57:08 CDT" name="runScenario" description="Runs Cucumber Scenarios" data-provider="scenarios" finished-at="2025-05-12T18:57:13 CDT" duration-ms="5468" status="PASS">
          <params>
            <param index="0">
              <value>
                <![CDATA["Verify that user receives error when click on Run button for "Deletion" try Editor page"]]>
              </value>
            </param>
            <param index="1">
              <value>
                <![CDATA["Linked list functionality"]]>
              </value>
            </param>
          </params>
          <reporter-output>
          </reporter-output>
        </test-method> <!-- runScenario -->
        <test-method signature="runScenario(io.cucumber.testng.PickleWrapper,io.cucumber.testng.FeatureWrapper)[pri:0, instance:Runner.TestRunner@72e34f77]" started-at="2025-05-12T18:57:13 CDT" name="runScenario" description="Runs Cucumber Scenarios" data-provider="scenarios" finished-at="2025-05-12T18:57:19 CDT" duration-ms="5969" status="PASS">
          <params>
            <param index="0">
              <value>
                <![CDATA["Verify that user receives error when click on Run button for "Deletion" try Editor page"]]>
              </value>
            </param>
            <param index="1">
              <value>
                <![CDATA["Linked list functionality"]]>
              </value>
            </param>
          </params>
          <reporter-output>
          </reporter-output>
        </test-method> <!-- runScenario -->
        <test-method signature="runScenario(io.cucumber.testng.PickleWrapper,io.cucumber.testng.FeatureWrapper)[pri:0, instance:Runner.TestRunner@72e34f77]" started-at="2025-05-12T18:57:19 CDT" name="runScenario" description="Runs Cucumber Scenarios" data-provider="scenarios" finished-at="2025-05-12T18:57:25 CDT" duration-ms="5403" status="PASS">
          <params>
            <param index="0">
              <value>
                <![CDATA["Verify that user is able to see output for valid python code for "Deletion" try Editor page"]]>
              </value>
            </param>
            <param index="1">
              <value>
                <![CDATA["Linked list functionality"]]>
              </value>
            </param>
          </params>
          <reporter-output>
          </reporter-output>
        </test-method> <!-- runScenario -->
        <test-method signature="runScenario(io.cucumber.testng.PickleWrapper,io.cucumber.testng.FeatureWrapper)[pri:0, instance:Runner.TestRunner@72e34f77]" started-at="2025-05-12T18:57:25 CDT" name="runScenario" description="Runs Cucumber Scenarios" data-provider="scenarios" finished-at="2025-05-12T18:57:40 CDT" duration-ms="15250" status="FAIL">
          <params>
            <param index="0">
              <value>
                <![CDATA["Verify that user is able to navigate to "Practice Questions" Page for Deletion page"]]>
              </value>
            </param>
            <param index="1">
              <value>
                <![CDATA["Linked list functionality"]]>
              </value>
            </param>
          </params>
          <exception class="java.lang.AssertionError">
            <message>
              <![CDATA[No Practise Questions found expected [true] but found [false]]]>
            </message>
            <full-stacktrace>
              <![CDATA[java.lang.AssertionError: No Practise Questions found expected [true] but found [false]
at org.testng.Assert.fail(Assert.java:111)
at org.testng.Assert.failNotEquals(Assert.java:1590)
at org.testng.Assert.assertTrue(Assert.java:57)
at StepDefinitions.LinkeListStep.the_user_should_be_redirected_to_the_practice_page(LinkeListStep.java:152)
at ✽.The user should be redirected to the Practice page(file:///C:/Users/jimre/eclipse-workspace/DSAlgoBDD_ClubNinjas/clubNinjas-BDD/src/test/resources/features/linkedlist.feature:272)
]]>
            </full-stacktrace>
          </exception> <!-- java.lang.AssertionError -->
          <reporter-output>
          </reporter-output>
        </test-method> <!-- runScenario -->
        <test-method is-config="true" signature="tearDownClass()[pri:0, instance:Runner.TestRunner@72e34f77]" started-at="2025-05-12T18:57:40 CDT" name="tearDownClass" finished-at="2025-05-12T18:58:11 CDT" duration-ms="30834" status="PASS">
          <reporter-output>
          </reporter-output>
        </test-method> <!-- tearDownClass -->
      </class> <!-- Runner.TestRunner -->
    </test> <!-- Default test -->
  </suite> <!-- Default suite -->
</testng-results>
