<?xml version="1.0" encoding="UTF-8"?>
<!-- Generated by org.testng.reporters.JUnitReportReporter -->
<testsuite hostname="KAITLYN" failures="51" tests="302" name="Runner.TestRunner" time="1502.269" errors="10" timestamp="2025-05-12T14:51:56 CDT" skipped="0">
  <testcase classname="Runner.TestRunner" name="runScenario" time="5.752">
    <failure message="expected [Submission Successful] but found [ Some Tests failed. Please review code]" type="java.lang.AssertionError">
      <![CDATA[java.lang.AssertionError: expected [Submission Successful] but found [ Some Tests failed. Please review code]
at org.testng.Assert.fail(Assert.java:111)
at org.testng.Assert.failNotEquals(Assert.java:1590)
at org.testng.Assert.assertEqualsImpl(Assert.java:150)
at org.testng.Assert.assertEquals(Assert.java:132)
at org.testng.Assert.assertEquals(Assert.java:656)
at org.testng.Assert.assertEquals(Assert.java:666)
at StepDefinitions.ArrayPageStep.the_user_should_see_a_message(ArrayPageStep.java:217)
at ✽.The user should see a message from "PracticeQns" and 6(file:///C:/Users/jimre/eclipse-workspace/DSAlgoBDD_ClubNinjas/clubNinjas-BDD/src/test/resources/features/ArrayPage.feature:98)
]]>
    </failure>
  </testcase> <!-- runScenario -->
  <testcase classname="Runner.TestRunner" name="runScenario" time="4.085"/>
  <testcase classname="Runner.TestRunner" name="runScenario" time="2.535"/>
  <testcase classname="Runner.TestRunner" name="runScenario" time="4.281"/>
  <testcase classname="Runner.TestRunner" name="runScenario" time="3.781"/>
  <testcase classname="Runner.TestRunner" name="runScenario" time="4.125"/>
  <testcase classname="Runner.TestRunner" name="runScenario" time="4.501"/>
  <testcase classname="Runner.TestRunner" name="runScenario" time="13.736">
    <error message="no such element: Unable to locate element: {&quot;method&quot;:&quot;link text&quot;,&quot;selector&quot;:&quot; Practice Questions &quot;}
  (Session info: chrome=136.0.7103.93)
For documentation on this error, please visit: https://www.selenium.dev/documentation/webdriver/troubleshooting/errors#no-such-element-exception
Build info: version: &#039;4.32.0&#039;, revision: &#039;d17c8aa950&#039;
System info: os.name: &#039;Windows 11&#039;, os.arch: &#039;amd64&#039;, os.version: &#039;10.0&#039;, java.version: &#039;21.0.3&#039;
Driver info: org.openqa.selenium.chrome.ChromeDriver
Command: [c9fd45196e9bbcc2ec6b2ac61f623c1c, findElement {using=link text, value= Practice Questions }]
Capabilities {acceptInsecureCerts: false, browserName: chrome, browserVersion: 136.0.7103.93, chrome: {chromedriverVersion: 136.0.7103.92 (cb81a4cc5087..., userDataDir: C:\Users\jimre\AppData\Loca...}, fedcm:accounts: true, goog:chromeOptions: {debuggerAddress: localhost:50944}, networkConnectionEnabled: false, pageLoadStrategy: normal, platformName: windows, proxy: Proxy(), se:cdp: ws://localhost:50944/devtoo..., se:cdpVersion: 136.0.7103.93, setWindowRect: true, strictFileInteractability: false, timeouts: {implicit: 0, pageLoad: 300000, script: 30000}, unhandledPromptBehavior: dismiss and notify, webauthn:extension:credBlob: true, webauthn:extension:largeBlob: true, webauthn:extension:minPinLength: true, webauthn:extension:prf: true, webauthn:virtualAuthenticators: true}
Session ID: c9fd45196e9bbcc2ec6b2ac61f623c1c" type="org.openqa.selenium.NoSuchElementException">
      <![CDATA[org.openqa.selenium.NoSuchElementException: no such element: Unable to locate element: {"method":"link text","selector":" Practice Questions "}
  (Session info: chrome=136.0.7103.93)
For documentation on this error, please visit: https://www.selenium.dev/documentation/webdriver/troubleshooting/errors#no-such-element-exception
Build info: version: '4.32.0', revision: 'd17c8aa950'
System info: os.name: 'Windows 11', os.arch: 'amd64', os.version: '10.0', java.version: '21.0.3'
Driver info: org.openqa.selenium.chrome.ChromeDriver
Command: [c9fd45196e9bbcc2ec6b2ac61f623c1c, findElement {using=link text, value= Practice Questions }]
Capabilities {acceptInsecureCerts: false, browserName: chrome, browserVersion: 136.0.7103.93, chrome: {chromedriverVersion: 136.0.7103.92 (cb81a4cc5087..., userDataDir: C:\Users\jimre\AppData\Loca...}, fedcm:accounts: true, goog:chromeOptions: {debuggerAddress: localhost:50944}, networkConnectionEnabled: false, pageLoadStrategy: normal, platformName: windows, proxy: Proxy(), se:cdp: ws://localhost:50944/devtoo..., se:cdpVersion: 136.0.7103.93, setWindowRect: true, strictFileInteractability: false, timeouts: {implicit: 0, pageLoad: 300000, script: 30000}, unhandledPromptBehavior: dismiss and notify, webauthn:extension:credBlob: true, webauthn:extension:largeBlob: true, webauthn:extension:minPinLength: true, webauthn:extension:prf: true, webauthn:virtualAuthenticators: true}
Session ID: c9fd45196e9bbcc2ec6b2ac61f623c1c
at java.base/jdk.internal.reflect.DirectConstructorHandleAccessor.newInstance(DirectConstructorHandleAccessor.java:62)
at java.base/java.lang.reflect.Constructor.newInstanceWithCaller(Constructor.java:502)
at java.base/java.lang.reflect.Constructor.newInstance(Constructor.java:486)
at org.openqa.selenium.remote.ErrorCodec.decode(ErrorCodec.java:167)
at org.openqa.selenium.remote.codec.w3c.W3CHttpResponseCodec.decode(W3CHttpResponseCodec.java:138)
at org.openqa.selenium.remote.codec.w3c.W3CHttpResponseCodec.decode(W3CHttpResponseCodec.java:50)
at org.openqa.selenium.remote.HttpCommandExecutor.execute(HttpCommandExecutor.java:215)
at org.openqa.selenium.remote.service.DriverCommandExecutor.invokeExecute(DriverCommandExecutor.java:216)
at org.openqa.selenium.remote.service.DriverCommandExecutor.execute(DriverCommandExecutor.java:174)
at org.openqa.selenium.remote.RemoteWebDriver.execute(RemoteWebDriver.java:545)
at org.openqa.selenium.remote.ElementLocation$ElementFinder$2.findElement(ElementLocation.java:165)
at org.openqa.selenium.remote.ElementLocation.findElement(ElementLocation.java:59)
at org.openqa.selenium.remote.RemoteWebDriver.findElement(RemoteWebDriver.java:368)
at org.openqa.selenium.remote.RemoteWebDriver.findElement(RemoteWebDriver.java:362)
at PageObject.TreePageObject.click_practiceQns_link(TreePageObject.java:171)
at StepDefinitions.TreePageStep.the_user_is_on_the_given_page_in_tree_data_structure(TreePageStep.java:120)
at ✽.The user on the " Practice Questions " page in Tree Data Structure(file:///C:/Users/jimre/eclipse-workspace/DSAlgoBDD_ClubNinjas/clubNinjas-BDD/src/test/resources/features/Tree.feature:531)
]]>
    </error>
  </testcase> <!-- runScenario -->
  <testcase classname="Runner.TestRunner" name="runScenario" time="4.627"/>
  <testcase classname="Runner.TestRunner" name="runScenario" time="4.528"/>
  <testcase classname="Runner.TestRunner" name="runScenario" time="4.124"/>
  <testcase classname="Runner.TestRunner" name="runScenario" time="4.769"/>
  <testcase classname="Runner.TestRunner" name="runScenario" time="5.162"/>
  <testcase classname="Runner.TestRunner" name="runScenario" time="4.619">
    <failure message="expected [true] but found [false]" type="java.lang.AssertionError">
      <![CDATA[java.lang.AssertionError: expected [true] but found [false]
at org.testng.Assert.fail(Assert.java:111)
at org.testng.Assert.failNotEquals(Assert.java:1590)
at org.testng.Assert.assertTrue(Assert.java:57)
at org.testng.Assert.assertTrue(Assert.java:67)
at StepDefinitions.ArrayPageStep.the_user_should_able_to_see_a_error_message_from_and(ArrayPageStep.java:121)
at ✽.The user should able to see a error message from "TryCode" and 1(file:///C:/Users/jimre/eclipse-workspace/DSAlgoBDD_ClubNinjas/clubNinjas-BDD/src/test/resources/features/QueuePage.feature:129)
]]>
    </failure>
  </testcase> <!-- runScenario -->
  <testcase classname="Runner.TestRunner" name="runScenario" time="3.516">
    <error message="unknown error: unhandled inspector error: {&quot;code&quot;:-32000,&quot;message&quot;:&quot;Node with given id does not belong to the document&quot;}
  (Session info: chrome=136.0.7103.93)
Build info: version: &#039;4.32.0&#039;, revision: &#039;d17c8aa950&#039;
System info: os.name: &#039;Windows 11&#039;, os.arch: &#039;amd64&#039;, os.version: &#039;10.0&#039;, java.version: &#039;21.0.3&#039;
Driver info: org.openqa.selenium.chrome.ChromeDriver
Command: [6ee230b0a9f3f7921fdf8e6eae16f2ad, clickElement {id=f.3CB591F595C7894C3D86572190A5F7E7.d.A95E656885BC0E1AF07B3F609CDEB747.e.24}]
Capabilities {acceptInsecureCerts: false, browserName: chrome, browserVersion: 136.0.7103.93, chrome: {chromedriverVersion: 136.0.7103.92 (cb81a4cc5087..., userDataDir: C:\Users\jimre\AppData\Loca...}, fedcm:accounts: true, goog:chromeOptions: {debuggerAddress: localhost:51161}, networkConnectionEnabled: false, pageLoadStrategy: normal, platformName: windows, proxy: Proxy(), se:cdp: ws://localhost:51161/devtoo..., se:cdpVersion: 136.0.7103.93, setWindowRect: true, strictFileInteractability: false, timeouts: {implicit: 0, pageLoad: 300000, script: 30000}, unhandledPromptBehavior: dismiss and notify, webauthn:extension:credBlob: true, webauthn:extension:largeBlob: true, webauthn:extension:minPinLength: true, webauthn:extension:prf: true, webauthn:virtualAuthenticators: true}
Element: [[ChromeDriver: chrome on windows (6ee230b0a9f3f7921fdf8e6eae16f2ad)] -&gt; xpath: //div[@class=&#039;nav-item dropdown&#039;]]
Session ID: 6ee230b0a9f3f7921fdf8e6eae16f2ad" type="org.openqa.selenium.WebDriverException">
      <![CDATA[org.openqa.selenium.WebDriverException: unknown error: unhandled inspector error: {"code":-32000,"message":"Node with given id does not belong to the document"}
  (Session info: chrome=136.0.7103.93)
Build info: version: '4.32.0', revision: 'd17c8aa950'
System info: os.name: 'Windows 11', os.arch: 'amd64', os.version: '10.0', java.version: '21.0.3'
Driver info: org.openqa.selenium.chrome.ChromeDriver
Command: [6ee230b0a9f3f7921fdf8e6eae16f2ad, clickElement {id=f.3CB591F595C7894C3D86572190A5F7E7.d.A95E656885BC0E1AF07B3F609CDEB747.e.24}]
Capabilities {acceptInsecureCerts: false, browserName: chrome, browserVersion: 136.0.7103.93, chrome: {chromedriverVersion: 136.0.7103.92 (cb81a4cc5087..., userDataDir: C:\Users\jimre\AppData\Loca...}, fedcm:accounts: true, goog:chromeOptions: {debuggerAddress: localhost:51161}, networkConnectionEnabled: false, pageLoadStrategy: normal, platformName: windows, proxy: Proxy(), se:cdp: ws://localhost:51161/devtoo..., se:cdpVersion: 136.0.7103.93, setWindowRect: true, strictFileInteractability: false, timeouts: {implicit: 0, pageLoad: 300000, script: 30000}, unhandledPromptBehavior: dismiss and notify, webauthn:extension:credBlob: true, webauthn:extension:largeBlob: true, webauthn:extension:minPinLength: true, webauthn:extension:prf: true, webauthn:virtualAuthenticators: true}
Element: [[ChromeDriver: chrome on windows (6ee230b0a9f3f7921fdf8e6eae16f2ad)] -> xpath: //div[@class='nav-item dropdown']]
Session ID: 6ee230b0a9f3f7921fdf8e6eae16f2ad
at java.base/jdk.internal.reflect.DirectConstructorHandleAccessor.newInstance(DirectConstructorHandleAccessor.java:62)
at java.base/java.lang.reflect.Constructor.newInstanceWithCaller(Constructor.java:502)
at java.base/java.lang.reflect.Constructor.newInstance(Constructor.java:486)
at org.openqa.selenium.remote.ErrorCodec.decode(ErrorCodec.java:167)
at org.openqa.selenium.remote.codec.w3c.W3CHttpResponseCodec.decode(W3CHttpResponseCodec.java:138)
at org.openqa.selenium.remote.codec.w3c.W3CHttpResponseCodec.decode(W3CHttpResponseCodec.java:50)
at org.openqa.selenium.remote.HttpCommandExecutor.execute(HttpCommandExecutor.java:215)
at org.openqa.selenium.remote.service.DriverCommandExecutor.invokeExecute(DriverCommandExecutor.java:216)
at org.openqa.selenium.remote.service.DriverCommandExecutor.execute(DriverCommandExecutor.java:174)
at org.openqa.selenium.remote.RemoteWebDriver.execute(RemoteWebDriver.java:545)
at org.openqa.selenium.remote.RemoteWebElement.execute(RemoteWebElement.java:223)
at org.openqa.selenium.remote.RemoteWebElement.click(RemoteWebElement.java:76)
at PageObject.LinkeListPageObject.click_dataStructutrDropDown(LinkeListPageObject.java:53)
at StepDefinitions.LinkeListStep.the_user_select_linke_list_from_drop_down_menu(LinkeListStep.java:62)
at ✽.The user select LinkeList from drop down menu(file:///C:/Users/jimre/eclipse-workspace/DSAlgoBDD_ClubNinjas/clubNinjas-BDD/src/test/resources/features/linkedlist.feature:16)
]]>
    </error>
  </testcase> <!-- runScenario -->
  <testcase classname="Runner.TestRunner" name="runScenario" time="4.950"/>
  <testcase classname="Runner.TestRunner" name="runScenario" time="3.480"/>
  <testcase classname="Runner.TestRunner" name="runScenario" time="4.528"/>
  <testcase classname="Runner.TestRunner" name="runScenario" time="4.966"/>
  <testcase classname="Runner.TestRunner" name="runScenario" time="4.438"/>
  <testcase classname="Runner.TestRunner" name="runScenario" time="4.768">
    <failure message="expected [true] but found [false]" type="java.lang.AssertionError">
      <![CDATA[java.lang.AssertionError: expected [true] but found [false]
at org.testng.Assert.fail(Assert.java:111)
at org.testng.Assert.failNotEquals(Assert.java:1590)
at org.testng.Assert.assertTrue(Assert.java:57)
at org.testng.Assert.assertTrue(Assert.java:67)
at StepDefinitions.ArrayPageStep.the_user_should_able_to_see_a_error_message_from_and(ArrayPageStep.java:121)
at ✽.The user should able to see a error message from "TryCode" and 1(file:///C:/Users/jimre/eclipse-workspace/DSAlgoBDD_ClubNinjas/clubNinjas-BDD/src/test/resources/features/QueuePage.feature:99)
]]>
    </failure>
  </testcase> <!-- runScenario -->
  <testcase classname="Runner.TestRunner" name="runScenario" time="2.708"/>
  <testcase classname="Runner.TestRunner" name="runScenario" time="4.382"/>
  <testcase classname="Runner.TestRunner" name="runScenario" time="3.126"/>
  <testcase classname="Runner.TestRunner" name="runScenario" time="3.794"/>
  <testcase classname="Runner.TestRunner" name="runScenario" time="4.645">
    <failure message="expected [true] but found [false]" type="java.lang.AssertionError">
      <![CDATA[java.lang.AssertionError: expected [true] but found [false]
at org.testng.Assert.fail(Assert.java:111)
at org.testng.Assert.failNotEquals(Assert.java:1590)
at org.testng.Assert.assertTrue(Assert.java:57)
at org.testng.Assert.assertTrue(Assert.java:67)
at StepDefinitions.ArrayPageStep.the_user_should_able_to_see_a_error_message_from_and(ArrayPageStep.java:121)
at ✽.The user should able to see a error message from "TryCode" and 1(file:///C:/Users/jimre/eclipse-workspace/DSAlgoBDD_ClubNinjas/clubNinjas-BDD/src/test/resources/features/QueuePage.feature:69)
]]>
    </failure>
  </testcase> <!-- runScenario -->
  <testcase classname="Runner.TestRunner" name="runScenario" time="4.765"/>
  <testcase classname="Runner.TestRunner" name="runScenario" time="3.466"/>
  <testcase classname="Runner.TestRunner" name="runScenario" time="4.886"/>
  <testcase classname="Runner.TestRunner" name="runScenario" time="4.452"/>
  <testcase classname="Runner.TestRunner" name="runScenario" time="4.209"/>
  <testcase classname="Runner.TestRunner" name="runScenario" time="4.837"/>
  <testcase classname="Runner.TestRunner" name="runScenario" time="14.133">
    <failure message="No Practise Questions found expected [true] but found [false]" type="java.lang.AssertionError">
      <![CDATA[java.lang.AssertionError: No Practise Questions found expected [true] but found [false]
at org.testng.Assert.fail(Assert.java:111)
at org.testng.Assert.failNotEquals(Assert.java:1590)
at org.testng.Assert.assertTrue(Assert.java:57)
at StepDefinitions.ArrayPageStep.the_user_should_be_redirected_to_practice_page(ArrayPageStep.java:142)
at ✽.The user should be redirected to Practice page(file:///C:/Users/jimre/eclipse-workspace/DSAlgoBDD_ClubNinjas/clubNinjas-BDD/src/test/resources/features/StackPage.feature:120)
]]>
    </failure>
  </testcase> <!-- runScenario -->
  <testcase classname="Runner.TestRunner" name="runScenario" time="4.590"/>
  <testcase classname="Runner.TestRunner" name="runScenario" time="5.398"/>
  <testcase classname="Runner.TestRunner" name="runScenario" time="2.361"/>
  <testcase classname="Runner.TestRunner" name="runScenario" time="3.451"/>
  <testcase classname="Runner.TestRunner" name="runScenario" time="4.667"/>
  <testcase classname="Runner.TestRunner" name="runScenario" time="14.976">
    <error message="no such element: Unable to locate element: {&quot;method&quot;:&quot;xpath&quot;,&quot;selector&quot;:&quot;//div[@class=&#039;alert alert-primary&#039;]&quot;}
  (Session info: chrome=136.0.7103.93)
For documentation on this error, please visit: https://www.selenium.dev/documentation/webdriver/troubleshooting/errors#no-such-element-exception
Build info: version: &#039;4.32.0&#039;, revision: &#039;d17c8aa950&#039;
System info: os.name: &#039;Windows 11&#039;, os.arch: &#039;amd64&#039;, os.version: &#039;10.0&#039;, java.version: &#039;21.0.3&#039;
Driver info: org.openqa.selenium.chrome.ChromeDriver
Command: [eb9ef6506bebbe72ee90902385c5183b, findElement {using=xpath, value=//div[@class=&#039;alert alert-primary&#039;]}]
Capabilities {acceptInsecureCerts: false, browserName: chrome, browserVersion: 136.0.7103.93, chrome: {chromedriverVersion: 136.0.7103.92 (cb81a4cc5087..., userDataDir: C:\Users\jimre\AppData\Loca...}, fedcm:accounts: true, goog:chromeOptions: {debuggerAddress: localhost:63807}, networkConnectionEnabled: false, pageLoadStrategy: normal, platformName: windows, proxy: Proxy(), se:cdp: ws://localhost:63807/devtoo..., se:cdpVersion: 136.0.7103.93, setWindowRect: true, strictFileInteractability: false, timeouts: {implicit: 0, pageLoad: 300000, script: 30000}, unhandledPromptBehavior: dismiss and notify, webauthn:extension:credBlob: true, webauthn:extension:largeBlob: true, webauthn:extension:minPinLength: true, webauthn:extension:prf: true, webauthn:virtualAuthenticators: true}
Session ID: eb9ef6506bebbe72ee90902385c5183b" type="org.openqa.selenium.NoSuchElementException">
      <![CDATA[org.openqa.selenium.NoSuchElementException: no such element: Unable to locate element: {"method":"xpath","selector":"//div[@class='alert alert-primary']"}
  (Session info: chrome=136.0.7103.93)
For documentation on this error, please visit: https://www.selenium.dev/documentation/webdriver/troubleshooting/errors#no-such-element-exception
Build info: version: '4.32.0', revision: 'd17c8aa950'
System info: os.name: 'Windows 11', os.arch: 'amd64', os.version: '10.0', java.version: '21.0.3'
Driver info: org.openqa.selenium.chrome.ChromeDriver
Command: [eb9ef6506bebbe72ee90902385c5183b, findElement {using=xpath, value=//div[@class='alert alert-primary']}]
Capabilities {acceptInsecureCerts: false, browserName: chrome, browserVersion: 136.0.7103.93, chrome: {chromedriverVersion: 136.0.7103.92 (cb81a4cc5087..., userDataDir: C:\Users\jimre\AppData\Loca...}, fedcm:accounts: true, goog:chromeOptions: {debuggerAddress: localhost:63807}, networkConnectionEnabled: false, pageLoadStrategy: normal, platformName: windows, proxy: Proxy(), se:cdp: ws://localhost:63807/devtoo..., se:cdpVersion: 136.0.7103.93, setWindowRect: true, strictFileInteractability: false, timeouts: {implicit: 0, pageLoad: 300000, script: 30000}, unhandledPromptBehavior: dismiss and notify, webauthn:extension:credBlob: true, webauthn:extension:largeBlob: true, webauthn:extension:minPinLength: true, webauthn:extension:prf: true, webauthn:virtualAuthenticators: true}
Session ID: eb9ef6506bebbe72ee90902385c5183b
at java.base/jdk.internal.reflect.DirectConstructorHandleAccessor.newInstance(DirectConstructorHandleAccessor.java:62)
at java.base/java.lang.reflect.Constructor.newInstanceWithCaller(Constructor.java:502)
at java.base/java.lang.reflect.Constructor.newInstance(Constructor.java:486)
at org.openqa.selenium.remote.ErrorCodec.decode(ErrorCodec.java:167)
at org.openqa.selenium.remote.codec.w3c.W3CHttpResponseCodec.decode(W3CHttpResponseCodec.java:138)
at org.openqa.selenium.remote.codec.w3c.W3CHttpResponseCodec.decode(W3CHttpResponseCodec.java:50)
at org.openqa.selenium.remote.HttpCommandExecutor.execute(HttpCommandExecutor.java:215)
at org.openqa.selenium.remote.service.DriverCommandExecutor.invokeExecute(DriverCommandExecutor.java:216)
at org.openqa.selenium.remote.service.DriverCommandExecutor.execute(DriverCommandExecutor.java:174)
at org.openqa.selenium.remote.RemoteWebDriver.execute(RemoteWebDriver.java:545)
at org.openqa.selenium.remote.ElementLocation$ElementFinder$2.findElement(ElementLocation.java:165)
at org.openqa.selenium.remote.ElementLocation.findElement(ElementLocation.java:59)
at org.openqa.selenium.remote.RemoteWebDriver.findElement(RemoteWebDriver.java:368)
at org.openqa.selenium.remote.RemoteWebDriver.findElement(RemoteWebDriver.java:362)
at PageObject.RegistrationPageObject.errorMessageDisplayed(RegistrationPageObject.java:71)
at StepDefinitions.RegistrationPageStep.user_gets_error_message_for_username_in_the_register_page(RegistrationPageStep.java:93)
at ✽.User gets error message for username in the Register page(file:///C:/Users/jimre/eclipse-workspace/DSAlgoBDD_ClubNinjas/clubNinjas-BDD/src/test/resources/features/RegisterPage.feature:26)
]]>
    </error>
  </testcase> <!-- runScenario -->
  <testcase classname="Runner.TestRunner" name="runScenario" time="4.144"/>
  <testcase classname="Runner.TestRunner" name="runScenario" time="4.375"/>
  <testcase classname="Runner.TestRunner" name="runScenario" time="5.669"/>
  <testcase classname="Runner.TestRunner" name="runScenario" time="4.714"/>
  <testcase classname="Runner.TestRunner" name="runScenario" time="14.195">
    <failure message="No Practise Questions found expected [true] but found [false]" type="java.lang.AssertionError">
      <![CDATA[java.lang.AssertionError: No Practise Questions found expected [true] but found [false]
at org.testng.Assert.fail(Assert.java:111)
at org.testng.Assert.failNotEquals(Assert.java:1590)
at org.testng.Assert.assertTrue(Assert.java:57)
at StepDefinitions.LinkeListStep.the_user_should_be_redirected_to_the_practice_page(LinkeListStep.java:164)
at ✽.The user should be redirected to the Practice page(file:///C:/Users/jimre/eclipse-workspace/DSAlgoBDD_ClubNinjas/clubNinjas-BDD/src/test/resources/features/linkedlist.feature:237)
]]>
    </failure>
  </testcase> <!-- runScenario -->
  <testcase classname="Runner.TestRunner" name="runScenario" time="5.163"/>
  <testcase classname="Runner.TestRunner" name="runScenario" time="4.551">
    <failure message="expected [true] but found [false]" type="java.lang.AssertionError">
      <![CDATA[java.lang.AssertionError: expected [true] but found [false]
at org.testng.Assert.fail(Assert.java:111)
at org.testng.Assert.failNotEquals(Assert.java:1590)
at org.testng.Assert.assertTrue(Assert.java:57)
at org.testng.Assert.assertTrue(Assert.java:67)
at StepDefinitions.LinkeListStep.the_user_should_able_to_see_a_error_message_from_excel_sheet_and_the(LinkeListStep.java:142)
at ✽.The user should able to see a error message from excel sheet "TryCode" and the  1(file:///C:/Users/jimre/eclipse-workspace/DSAlgoBDD_ClubNinjas/clubNinjas-BDD/src/test/resources/features/linkedlist.feature:71)
]]>
    </failure>
  </testcase> <!-- runScenario -->
  <testcase classname="Runner.TestRunner" name="runScenario" time="5.709"/>
  <testcase classname="Runner.TestRunner" name="runScenario" time="4.201"/>
  <testcase classname="Runner.TestRunner" name="runScenario" time="4.067"/>
  <testcase classname="Runner.TestRunner" name="runScenario" time="2.418"/>
  <testcase classname="Runner.TestRunner" name="runScenario" time="4.590">
    <failure message="No Alert found" type="java.lang.AssertionError">
      <![CDATA[java.lang.AssertionError: No Alert found
at org.testng.Assert.fail(Assert.java:111)
at PageObject.TreePageObject.acceptAlert(TreePageObject.java:205)
at StepDefinitions.TreePageStep.the_user_should_able_to_see_a_error_message_from_and_on_tree_try_editor_alert(TreePageStep.java:281)
at ✽.The user should able to see a error message from "Tree" and 4 on Tree Data Structure tryEditor alert(file:///C:/Users/jimre/eclipse-workspace/DSAlgoBDD_ClubNinjas/clubNinjas-BDD/src/test/resources/features/Tree.feature:343)
]]>
    </failure>
  </testcase> <!-- runScenario -->
  <testcase classname="Runner.TestRunner" name="runScenario" time="5.041"/>
  <testcase classname="Runner.TestRunner" name="runScenario" time="3.654"/>
  <testcase classname="Runner.TestRunner" name="runScenario" time="4.484"/>
  <testcase classname="Runner.TestRunner" name="runScenario" time="3.808"/>
  <testcase classname="Runner.TestRunner" name="runScenario" time="3.163"/>
  <testcase classname="Runner.TestRunner" name="runScenario" time="3.674"/>
  <testcase classname="Runner.TestRunner" name="runScenario" time="5.763">
    <failure message="expected [Error occurred during submission] but found [ No tests were collected]" type="java.lang.AssertionError">
      <![CDATA[java.lang.AssertionError: expected [Error occurred during submission] but found [ No tests were collected]
at org.testng.Assert.fail(Assert.java:111)
at org.testng.Assert.failNotEquals(Assert.java:1590)
at org.testng.Assert.assertEqualsImpl(Assert.java:150)
at org.testng.Assert.assertEquals(Assert.java:132)
at org.testng.Assert.assertEquals(Assert.java:656)
at org.testng.Assert.assertEquals(Assert.java:666)
at StepDefinitions.ArrayPageStep.the_user_should_see_a_message(ArrayPageStep.java:217)
at ✽.The user should see a message from "PracticeQns" and 4(file:///C:/Users/jimre/eclipse-workspace/DSAlgoBDD_ClubNinjas/clubNinjas-BDD/src/test/resources/features/ArrayPage.feature:220)
]]>
    </failure>
  </testcase> <!-- runScenario -->
  <testcase classname="Runner.TestRunner" name="runScenario" time="4.229"/>
  <testcase classname="Runner.TestRunner" name="runScenario" time="4.622"/>
  <testcase classname="Runner.TestRunner" name="runScenario" time="4.876"/>
  <testcase classname="Runner.TestRunner" name="runScenario" time="4.506">
    <failure message="No Alert found" type="java.lang.AssertionError">
      <![CDATA[java.lang.AssertionError: No Alert found
at org.testng.Assert.fail(Assert.java:111)
at PageObject.TreePageObject.acceptAlert(TreePageObject.java:205)
at StepDefinitions.TreePageStep.the_user_should_able_to_see_a_error_message_from_and_on_tree_try_editor_alert(TreePageStep.java:281)
at ✽.The user should able to see a error message from "Tree" and 4 on Tree Data Structure tryEditor alert(file:///C:/Users/jimre/eclipse-workspace/DSAlgoBDD_ClubNinjas/clubNinjas-BDD/src/test/resources/features/Tree.feature:421)
]]>
    </failure>
  </testcase> <!-- runScenario -->
  <testcase classname="Runner.TestRunner" name="runScenario" time="4.451"/>
  <testcase classname="Runner.TestRunner" name="runScenario" time="4.990"/>
  <testcase classname="Runner.TestRunner" name="runScenario" time="2.273"/>
  <testcase classname="Runner.TestRunner" name="runScenario" time="4.247"/>
  <testcase classname="Runner.TestRunner" name="runScenario" time="14.535">
    <failure message="No Practise Questions found expected [true] but found [false]" type="java.lang.AssertionError">
      <![CDATA[java.lang.AssertionError: No Practise Questions found expected [true] but found [false]
at org.testng.Assert.fail(Assert.java:111)
at org.testng.Assert.failNotEquals(Assert.java:1590)
at org.testng.Assert.assertTrue(Assert.java:57)
at StepDefinitions.StackPageStep.The_user_should_be_redirected_to_Practice_page_links(StackPageStep.java:155)
at ✽.The user should be redirected to Practice page links(file:///C:/Users/jimre/eclipse-workspace/DSAlgoBDD_ClubNinjas/clubNinjas-BDD/src/test/resources/features/StackPage.feature:49)
]]>
    </failure>
  </testcase> <!-- runScenario -->
  <testcase classname="Runner.TestRunner" name="runScenario" time="3.955">
    <failure message="expected [Creating Linked List] but found [Creating Linked LIst]" type="java.lang.AssertionError">
      <![CDATA[java.lang.AssertionError: expected [Creating Linked List] but found [Creating Linked LIst]
at org.testng.Assert.fail(Assert.java:111)
at org.testng.Assert.failNotEquals(Assert.java:1590)
at org.testng.Assert.assertEqualsImpl(Assert.java:150)
at org.testng.Assert.assertEquals(Assert.java:132)
at org.testng.Assert.assertEquals(Assert.java:656)
at org.testng.Assert.assertEquals(Assert.java:666)
at StepDefinitions.LinkeListStep.the_user_should_be_redirected_to_creating_linked_list_page(LinkeListStep.java:182)
at ✽.The user should be redirected to Creating Linked list page(file:///C:/Users/jimre/eclipse-workspace/DSAlgoBDD_ClubNinjas/clubNinjas-BDD/src/test/resources/features/linkedlist.feature:61)
]]>
    </failure>
  </testcase> <!-- runScenario -->
  <testcase classname="Runner.TestRunner" name="runScenario" time="4.434"/>
  <testcase classname="Runner.TestRunner" name="runScenario" time="5.109"/>
  <testcase classname="Runner.TestRunner" name="runScenario" time="4.210"/>
  <testcase classname="Runner.TestRunner" name="runScenario" time="2.553"/>
  <testcase classname="Runner.TestRunner" name="runScenario" time="14.290">
    <failure message="No Practise Questions found expected [true] but found [false]" type="java.lang.AssertionError">
      <![CDATA[java.lang.AssertionError: No Practise Questions found expected [true] but found [false]
at org.testng.Assert.fail(Assert.java:111)
at org.testng.Assert.failNotEquals(Assert.java:1590)
at org.testng.Assert.assertTrue(Assert.java:57)
at StepDefinitions.LinkeListStep.the_user_should_be_redirected_to_the_practice_page(LinkeListStep.java:164)
at ✽.The user should be redirected to the Practice page(file:///C:/Users/jimre/eclipse-workspace/DSAlgoBDD_ClubNinjas/clubNinjas-BDD/src/test/resources/features/linkedlist.feature:272)
]]>
    </failure>
  </testcase> <!-- runScenario -->
  <testcase classname="Runner.TestRunner" name="runScenario" time="4.935">
    <failure message="No Alert found" type="java.lang.AssertionError">
      <![CDATA[java.lang.AssertionError: No Alert found
at org.testng.Assert.fail(Assert.java:111)
at PageObject.TreePageObject.acceptAlert(TreePageObject.java:205)
at StepDefinitions.TreePageStep.the_user_should_able_to_see_a_error_message_from_and_on_tree_try_editor_alert(TreePageStep.java:281)
at ✽.The user should able to see a error message from "Tree" and 4 on Tree Data Structure tryEditor alert(file:///C:/Users/jimre/eclipse-workspace/DSAlgoBDD_ClubNinjas/clubNinjas-BDD/src/test/resources/features/Tree.feature:70)
]]>
    </failure>
  </testcase> <!-- runScenario -->
  <testcase classname="Runner.TestRunner" name="runScenario" time="3.464"/>
  <testcase classname="Runner.TestRunner" name="runScenario" time="2.383"/>
  <testcase classname="Runner.TestRunner" name="runScenario" time="4.445"/>
  <testcase classname="Runner.TestRunner" name="runScenario" time="4.481"/>
  <testcase classname="Runner.TestRunner" name="runScenario" time="3.792"/>
  <testcase classname="Runner.TestRunner" name="runScenario" time="5.161">
    <failure message="expected [true] but found [false]" type="java.lang.AssertionError">
      <![CDATA[java.lang.AssertionError: expected [true] but found [false]
at org.testng.Assert.fail(Assert.java:111)
at org.testng.Assert.failNotEquals(Assert.java:1590)
at org.testng.Assert.assertTrue(Assert.java:57)
at org.testng.Assert.assertTrue(Assert.java:67)
at StepDefinitions.StackPageStep.The_user_should_able_to_see_a_error_message_from_excel_sheet_and_the(StackPageStep.java:121)
at ✽.The user should able to see a error message from excel sheet "TryCode" and the 1(file:///C:/Users/jimre/eclipse-workspace/DSAlgoBDD_ClubNinjas/clubNinjas-BDD/src/test/resources/features/StackPage.feature:29)
]]>
    </failure>
  </testcase> <!-- runScenario -->
  <testcase classname="Runner.TestRunner" name="runScenario" time="2.364"/>
  <testcase classname="Runner.TestRunner" name="runScenario" time="4.443"/>
  <testcase classname="Runner.TestRunner" name="runScenario" time="4.475"/>
  <testcase classname="Runner.TestRunner" name="runScenario" time="5.070"/>
  <testcase classname="Runner.TestRunner" name="runScenario" time="4.485"/>
  <testcase classname="Runner.TestRunner" name="runScenario" time="2.795"/>
  <testcase classname="Runner.TestRunner" name="runScenario" time="4.553"/>
  <testcase classname="Runner.TestRunner" name="runScenario" time="4.071"/>
  <testcase classname="Runner.TestRunner" name="runScenario" time="14.059">
    <error message="no such element: Unable to locate element: {&quot;method&quot;:&quot;link text&quot;,&quot;selector&quot;:&quot; Practice Questions &quot;}
  (Session info: chrome=136.0.7103.93)
For documentation on this error, please visit: https://www.selenium.dev/documentation/webdriver/troubleshooting/errors#no-such-element-exception
Build info: version: &#039;4.32.0&#039;, revision: &#039;d17c8aa950&#039;
System info: os.name: &#039;Windows 11&#039;, os.arch: &#039;amd64&#039;, os.version: &#039;10.0&#039;, java.version: &#039;21.0.3&#039;
Driver info: org.openqa.selenium.chrome.ChromeDriver
Command: [150cfdda9df3100f1f3c50c02f77e48c, findElement {using=link text, value= Practice Questions }]
Capabilities {acceptInsecureCerts: false, browserName: chrome, browserVersion: 136.0.7103.93, chrome: {chromedriverVersion: 136.0.7103.92 (cb81a4cc5087..., userDataDir: C:\Users\jimre\AppData\Loca...}, fedcm:accounts: true, goog:chromeOptions: {debuggerAddress: localhost:51058}, networkConnectionEnabled: false, pageLoadStrategy: normal, platformName: windows, proxy: Proxy(), se:cdp: ws://localhost:51058/devtoo..., se:cdpVersion: 136.0.7103.93, setWindowRect: true, strictFileInteractability: false, timeouts: {implicit: 0, pageLoad: 300000, script: 30000}, unhandledPromptBehavior: dismiss and notify, webauthn:extension:credBlob: true, webauthn:extension:largeBlob: true, webauthn:extension:minPinLength: true, webauthn:extension:prf: true, webauthn:virtualAuthenticators: true}
Session ID: 150cfdda9df3100f1f3c50c02f77e48c" type="org.openqa.selenium.NoSuchElementException">
      <![CDATA[org.openqa.selenium.NoSuchElementException: no such element: Unable to locate element: {"method":"link text","selector":" Practice Questions "}
  (Session info: chrome=136.0.7103.93)
For documentation on this error, please visit: https://www.selenium.dev/documentation/webdriver/troubleshooting/errors#no-such-element-exception
Build info: version: '4.32.0', revision: 'd17c8aa950'
System info: os.name: 'Windows 11', os.arch: 'amd64', os.version: '10.0', java.version: '21.0.3'
Driver info: org.openqa.selenium.chrome.ChromeDriver
Command: [150cfdda9df3100f1f3c50c02f77e48c, findElement {using=link text, value= Practice Questions }]
Capabilities {acceptInsecureCerts: false, browserName: chrome, browserVersion: 136.0.7103.93, chrome: {chromedriverVersion: 136.0.7103.92 (cb81a4cc5087..., userDataDir: C:\Users\jimre\AppData\Loca...}, fedcm:accounts: true, goog:chromeOptions: {debuggerAddress: localhost:51058}, networkConnectionEnabled: false, pageLoadStrategy: normal, platformName: windows, proxy: Proxy(), se:cdp: ws://localhost:51058/devtoo..., se:cdpVersion: 136.0.7103.93, setWindowRect: true, strictFileInteractability: false, timeouts: {implicit: 0, pageLoad: 300000, script: 30000}, unhandledPromptBehavior: dismiss and notify, webauthn:extension:credBlob: true, webauthn:extension:largeBlob: true, webauthn:extension:minPinLength: true, webauthn:extension:prf: true, webauthn:virtualAuthenticators: true}
Session ID: 150cfdda9df3100f1f3c50c02f77e48c
at java.base/jdk.internal.reflect.DirectConstructorHandleAccessor.newInstance(DirectConstructorHandleAccessor.java:62)
at java.base/java.lang.reflect.Constructor.newInstanceWithCaller(Constructor.java:502)
at java.base/java.lang.reflect.Constructor.newInstance(Constructor.java:486)
at org.openqa.selenium.remote.ErrorCodec.decode(ErrorCodec.java:167)
at org.openqa.selenium.remote.codec.w3c.W3CHttpResponseCodec.decode(W3CHttpResponseCodec.java:138)
at org.openqa.selenium.remote.codec.w3c.W3CHttpResponseCodec.decode(W3CHttpResponseCodec.java:50)
at org.openqa.selenium.remote.HttpCommandExecutor.execute(HttpCommandExecutor.java:215)
at org.openqa.selenium.remote.service.DriverCommandExecutor.invokeExecute(DriverCommandExecutor.java:216)
at org.openqa.selenium.remote.service.DriverCommandExecutor.execute(DriverCommandExecutor.java:174)
at org.openqa.selenium.remote.RemoteWebDriver.execute(RemoteWebDriver.java:545)
at org.openqa.selenium.remote.ElementLocation$ElementFinder$2.findElement(ElementLocation.java:165)
at org.openqa.selenium.remote.ElementLocation.findElement(ElementLocation.java:59)
at org.openqa.selenium.remote.RemoteWebDriver.findElement(RemoteWebDriver.java:368)
at org.openqa.selenium.remote.RemoteWebDriver.findElement(RemoteWebDriver.java:362)
at PageObject.TreePageObject.click_practiceQns_link(TreePageObject.java:171)
at StepDefinitions.TreePageStep.the_user_is_on_the_tryEditor_page_of_given_section_in_tree_data_structure(TreePageStep.java:256)
at ✽.The user is on the Try Editor page of " Practice Questions " page in Tree Data Structure(file:///C:/Users/jimre/eclipse-workspace/DSAlgoBDD_ClubNinjas/clubNinjas-BDD/src/test/resources/features/Tree.feature:554)
]]>
    </error>
  </testcase> <!-- runScenario -->
  <testcase classname="Runner.TestRunner" name="runScenario" time="2.156"/>
  <testcase classname="Runner.TestRunner" name="runScenario" time="4.404"/>
  <testcase classname="Runner.TestRunner" name="runScenario" time="15.619">
    <error message="no such element: Unable to locate element: {&quot;method&quot;:&quot;link text&quot;,&quot;selector&quot;:&quot; Practice Questions &quot;}
  (Session info: chrome=136.0.7103.93)
For documentation on this error, please visit: https://www.selenium.dev/documentation/webdriver/troubleshooting/errors#no-such-element-exception
Build info: version: &#039;4.32.0&#039;, revision: &#039;d17c8aa950&#039;
System info: os.name: &#039;Windows 11&#039;, os.arch: &#039;amd64&#039;, os.version: &#039;10.0&#039;, java.version: &#039;21.0.3&#039;
Driver info: org.openqa.selenium.chrome.ChromeDriver
Command: [4bbd6fdf3cf9dc9ced6b51e335e41192, findElement {using=link text, value= Practice Questions }]
Capabilities {acceptInsecureCerts: false, browserName: chrome, browserVersion: 136.0.7103.93, chrome: {chromedriverVersion: 136.0.7103.92 (cb81a4cc5087..., userDataDir: C:\Users\jimre\AppData\Loca...}, fedcm:accounts: true, goog:chromeOptions: {debuggerAddress: localhost:51097}, networkConnectionEnabled: false, pageLoadStrategy: normal, platformName: windows, proxy: Proxy(), se:cdp: ws://localhost:51097/devtoo..., se:cdpVersion: 136.0.7103.93, setWindowRect: true, strictFileInteractability: false, timeouts: {implicit: 0, pageLoad: 300000, script: 30000}, unhandledPromptBehavior: dismiss and notify, webauthn:extension:credBlob: true, webauthn:extension:largeBlob: true, webauthn:extension:minPinLength: true, webauthn:extension:prf: true, webauthn:virtualAuthenticators: true}
Session ID: 4bbd6fdf3cf9dc9ced6b51e335e41192" type="org.openqa.selenium.NoSuchElementException">
      <![CDATA[org.openqa.selenium.NoSuchElementException: no such element: Unable to locate element: {"method":"link text","selector":" Practice Questions "}
  (Session info: chrome=136.0.7103.93)
For documentation on this error, please visit: https://www.selenium.dev/documentation/webdriver/troubleshooting/errors#no-such-element-exception
Build info: version: '4.32.0', revision: 'd17c8aa950'
System info: os.name: 'Windows 11', os.arch: 'amd64', os.version: '10.0', java.version: '21.0.3'
Driver info: org.openqa.selenium.chrome.ChromeDriver
Command: [4bbd6fdf3cf9dc9ced6b51e335e41192, findElement {using=link text, value= Practice Questions }]
Capabilities {acceptInsecureCerts: false, browserName: chrome, browserVersion: 136.0.7103.93, chrome: {chromedriverVersion: 136.0.7103.92 (cb81a4cc5087..., userDataDir: C:\Users\jimre\AppData\Loca...}, fedcm:accounts: true, goog:chromeOptions: {debuggerAddress: localhost:51097}, networkConnectionEnabled: false, pageLoadStrategy: normal, platformName: windows, proxy: Proxy(), se:cdp: ws://localhost:51097/devtoo..., se:cdpVersion: 136.0.7103.93, setWindowRect: true, strictFileInteractability: false, timeouts: {implicit: 0, pageLoad: 300000, script: 30000}, unhandledPromptBehavior: dismiss and notify, webauthn:extension:credBlob: true, webauthn:extension:largeBlob: true, webauthn:extension:minPinLength: true, webauthn:extension:prf: true, webauthn:virtualAuthenticators: true}
Session ID: 4bbd6fdf3cf9dc9ced6b51e335e41192
at java.base/jdk.internal.reflect.DirectConstructorHandleAccessor.newInstance(DirectConstructorHandleAccessor.java:62)
at java.base/java.lang.reflect.Constructor.newInstanceWithCaller(Constructor.java:502)
at java.base/java.lang.reflect.Constructor.newInstance(Constructor.java:486)
at org.openqa.selenium.remote.ErrorCodec.decode(ErrorCodec.java:167)
at org.openqa.selenium.remote.codec.w3c.W3CHttpResponseCodec.decode(W3CHttpResponseCodec.java:138)
at org.openqa.selenium.remote.codec.w3c.W3CHttpResponseCodec.decode(W3CHttpResponseCodec.java:50)
at org.openqa.selenium.remote.HttpCommandExecutor.execute(HttpCommandExecutor.java:215)
at org.openqa.selenium.remote.service.DriverCommandExecutor.invokeExecute(DriverCommandExecutor.java:216)
at org.openqa.selenium.remote.service.DriverCommandExecutor.execute(DriverCommandExecutor.java:174)
at org.openqa.selenium.remote.RemoteWebDriver.execute(RemoteWebDriver.java:545)
at org.openqa.selenium.remote.ElementLocation$ElementFinder$2.findElement(ElementLocation.java:165)
at org.openqa.selenium.remote.ElementLocation.findElement(ElementLocation.java:59)
at org.openqa.selenium.remote.RemoteWebDriver.findElement(RemoteWebDriver.java:368)
at org.openqa.selenium.remote.RemoteWebDriver.findElement(RemoteWebDriver.java:362)
at PageObject.TreePageObject.click_practiceQns_link(TreePageObject.java:171)
at StepDefinitions.TreePageStep.the_user_is_on_the_tryEditor_page_of_given_section_in_tree_data_structure(TreePageStep.java:256)
at ✽.The user is on the Try Editor page of " Practice Questions " page in Tree Data Structure(file:///C:/Users/jimre/eclipse-workspace/DSAlgoBDD_ClubNinjas/clubNinjas-BDD/src/test/resources/features/Tree.feature:554)
]]>
    </error>
  </testcase> <!-- runScenario -->
  <testcase classname="Runner.TestRunner" name="runScenario" time="3.779"/>
  <testcase classname="Runner.TestRunner" name="runScenario" time="4.788"/>
  <testcase classname="Runner.TestRunner" name="runScenario" time="3.960"/>
  <testcase classname="Runner.TestRunner" name="runScenario" time="5.103"/>
  <testcase classname="Runner.TestRunner" name="runScenario" time="2.366"/>
  <testcase classname="Runner.TestRunner" name="runScenario" time="4.368"/>
  <testcase classname="Runner.TestRunner" name="runScenario" time="3.658"/>
  <testcase classname="Runner.TestRunner" name="runScenario" time="4.670">
    <failure message="expected [true] but found [false]" type="java.lang.AssertionError">
      <![CDATA[java.lang.AssertionError: expected [true] but found [false]
at org.testng.Assert.fail(Assert.java:111)
at org.testng.Assert.failNotEquals(Assert.java:1590)
at org.testng.Assert.assertTrue(Assert.java:57)
at org.testng.Assert.assertTrue(Assert.java:67)
at StepDefinitions.StackPageStep.The_user_should_able_to_see_a_error_message_from_excel_sheet_and_the(StackPageStep.java:121)
at ✽.The user should able to see a error message from excel sheet "TryCode" and the 1(file:///C:/Users/jimre/eclipse-workspace/DSAlgoBDD_ClubNinjas/clubNinjas-BDD/src/test/resources/features/StackPage.feature:64)
]]>
    </failure>
  </testcase> <!-- runScenario -->
  <testcase classname="Runner.TestRunner" name="runScenario" time="4.265"/>
  <testcase classname="Runner.TestRunner" name="runScenario" time="3.962"/>
  <testcase classname="Runner.TestRunner" name="runScenario" time="4.586"/>
  <testcase classname="Runner.TestRunner" name="runScenario" time="4.281"/>
  <testcase classname="Runner.TestRunner" name="runScenario" time="4.930">
    <failure message="expected [true] but found [false]" type="java.lang.AssertionError">
      <![CDATA[java.lang.AssertionError: expected [true] but found [false]
at org.testng.Assert.fail(Assert.java:111)
at org.testng.Assert.failNotEquals(Assert.java:1590)
at org.testng.Assert.assertTrue(Assert.java:57)
at org.testng.Assert.assertTrue(Assert.java:67)
at StepDefinitions.GraphPageStep.the_user_should_be_able_to_receive_an_alert_message_from_excel_sheet_and(GraphPageStep.java:162)
at ✽.The user should be able to receive an alert message from excel sheet 'Graph' and 5(file:///C:/Users/jimre/eclipse-workspace/DSAlgoBDD_ClubNinjas/clubNinjas-BDD/src/test/resources/features/GraphPage.feature:51)
]]>
    </failure>
  </testcase> <!-- runScenario -->
  <testcase classname="Runner.TestRunner" name="runScenario" time="3.597"/>
  <testcase classname="Runner.TestRunner" name="runScenario" time="3.741"/>
  <testcase classname="Runner.TestRunner" name="runScenario" time="4.865">
    <failure message="No Alert found" type="java.lang.AssertionError">
      <![CDATA[java.lang.AssertionError: No Alert found
at org.testng.Assert.fail(Assert.java:111)
at PageObject.TreePageObject.acceptAlert(TreePageObject.java:205)
at StepDefinitions.TreePageStep.the_user_should_able_to_see_a_error_message_from_and_on_tree_try_editor_alert(TreePageStep.java:281)
at ✽.The user should able to see a error message from "Tree" and 4 on Tree Data Structure tryEditor alert(file:///C:/Users/jimre/eclipse-workspace/DSAlgoBDD_ClubNinjas/clubNinjas-BDD/src/test/resources/features/Tree.feature:304)
]]>
    </failure>
  </testcase> <!-- runScenario -->
  <testcase classname="Runner.TestRunner" name="runScenario" time="2.529"/>
  <testcase classname="Runner.TestRunner" name="runScenario" time="4.254"/>
  <testcase classname="Runner.TestRunner" name="runScenario" time="4.324"/>
  <testcase classname="Runner.TestRunner" name="runScenario" time="5.072"/>
  <testcase classname="Runner.TestRunner" name="runScenario" time="4.002"/>
  <testcase classname="Runner.TestRunner" name="runScenario" time="4.579"/>
  <testcase classname="Runner.TestRunner" name="runScenario" time="4.662">
    <failure message="expected [true] but found [false]" type="java.lang.AssertionError">
      <![CDATA[java.lang.AssertionError: expected [true] but found [false]
at org.testng.Assert.fail(Assert.java:111)
at org.testng.Assert.failNotEquals(Assert.java:1590)
at org.testng.Assert.assertTrue(Assert.java:57)
at org.testng.Assert.assertTrue(Assert.java:67)
at StepDefinitions.LinkeListStep.the_user_should_able_to_see_a_error_message_from_excel_sheet_and_the(LinkeListStep.java:142)
at ✽.The user should able to see a error message from excel sheet "TryCode" and the  1(file:///C:/Users/jimre/eclipse-workspace/DSAlgoBDD_ClubNinjas/clubNinjas-BDD/src/test/resources/features/linkedlist.feature:35)
]]>
    </failure>
  </testcase> <!-- runScenario -->
  <testcase classname="Runner.TestRunner" name="runScenario" time="4.109"/>
  <testcase classname="Runner.TestRunner" name="runScenario" time="4.440"/>
  <testcase classname="Runner.TestRunner" name="runScenario" time="4.366"/>
  <testcase classname="Runner.TestRunner" name="runScenario" time="4.893"/>
  <testcase classname="Runner.TestRunner" name="runScenario" time="14.267">
    <failure message="No Practise Questions found expected [true] but found [false]" type="java.lang.AssertionError">
      <![CDATA[java.lang.AssertionError: No Practise Questions found expected [true] but found [false]
at org.testng.Assert.fail(Assert.java:111)
at org.testng.Assert.failNotEquals(Assert.java:1590)
at org.testng.Assert.assertTrue(Assert.java:57)
at StepDefinitions.ArrayPageStep.the_user_should_be_redirected_to_practice_page(ArrayPageStep.java:142)
at ✽.The user should be redirected to Practice page(file:///C:/Users/jimre/eclipse-workspace/DSAlgoBDD_ClubNinjas/clubNinjas-BDD/src/test/resources/features/StackPage.feature:84)
]]>
    </failure>
  </testcase> <!-- runScenario -->
  <testcase classname="Runner.TestRunner" name="runScenario" time="4.456"/>
  <testcase classname="Runner.TestRunner" name="runScenario" time="2.833"/>
  <testcase classname="Runner.TestRunner" name="runScenario" time="14.900">
    <error message="no such element: Unable to locate element: {&quot;method&quot;:&quot;xpath&quot;,&quot;selector&quot;:&quot;//div[@class=&#039;alert alert-primary&#039;]&quot;}
  (Session info: chrome=136.0.7103.93)
For documentation on this error, please visit: https://www.selenium.dev/documentation/webdriver/troubleshooting/errors#no-such-element-exception
Build info: version: &#039;4.32.0&#039;, revision: &#039;d17c8aa950&#039;
System info: os.name: &#039;Windows 11&#039;, os.arch: &#039;amd64&#039;, os.version: &#039;10.0&#039;, java.version: &#039;21.0.3&#039;
Driver info: org.openqa.selenium.chrome.ChromeDriver
Command: [bd2b4f6471f944f0b4e1fc3ebc2704eb, findElement {using=xpath, value=//div[@class=&#039;alert alert-primary&#039;]}]
Capabilities {acceptInsecureCerts: false, browserName: chrome, browserVersion: 136.0.7103.93, chrome: {chromedriverVersion: 136.0.7103.92 (cb81a4cc5087..., userDataDir: C:\Users\jimre\AppData\Loca...}, fedcm:accounts: true, goog:chromeOptions: {debuggerAddress: localhost:63948}, networkConnectionEnabled: false, pageLoadStrategy: normal, platformName: windows, proxy: Proxy(), se:cdp: ws://localhost:63948/devtoo..., se:cdpVersion: 136.0.7103.93, setWindowRect: true, strictFileInteractability: false, timeouts: {implicit: 0, pageLoad: 300000, script: 30000}, unhandledPromptBehavior: dismiss and notify, webauthn:extension:credBlob: true, webauthn:extension:largeBlob: true, webauthn:extension:minPinLength: true, webauthn:extension:prf: true, webauthn:virtualAuthenticators: true}
Session ID: bd2b4f6471f944f0b4e1fc3ebc2704eb" type="org.openqa.selenium.NoSuchElementException">
      <![CDATA[org.openqa.selenium.NoSuchElementException: no such element: Unable to locate element: {"method":"xpath","selector":"//div[@class='alert alert-primary']"}
  (Session info: chrome=136.0.7103.93)
For documentation on this error, please visit: https://www.selenium.dev/documentation/webdriver/troubleshooting/errors#no-such-element-exception
Build info: version: '4.32.0', revision: 'd17c8aa950'
System info: os.name: 'Windows 11', os.arch: 'amd64', os.version: '10.0', java.version: '21.0.3'
Driver info: org.openqa.selenium.chrome.ChromeDriver
Command: [bd2b4f6471f944f0b4e1fc3ebc2704eb, findElement {using=xpath, value=//div[@class='alert alert-primary']}]
Capabilities {acceptInsecureCerts: false, browserName: chrome, browserVersion: 136.0.7103.93, chrome: {chromedriverVersion: 136.0.7103.92 (cb81a4cc5087..., userDataDir: C:\Users\jimre\AppData\Loca...}, fedcm:accounts: true, goog:chromeOptions: {debuggerAddress: localhost:63948}, networkConnectionEnabled: false, pageLoadStrategy: normal, platformName: windows, proxy: Proxy(), se:cdp: ws://localhost:63948/devtoo..., se:cdpVersion: 136.0.7103.93, setWindowRect: true, strictFileInteractability: false, timeouts: {implicit: 0, pageLoad: 300000, script: 30000}, unhandledPromptBehavior: dismiss and notify, webauthn:extension:credBlob: true, webauthn:extension:largeBlob: true, webauthn:extension:minPinLength: true, webauthn:extension:prf: true, webauthn:virtualAuthenticators: true}
Session ID: bd2b4f6471f944f0b4e1fc3ebc2704eb
at java.base/jdk.internal.reflect.DirectConstructorHandleAccessor.newInstance(DirectConstructorHandleAccessor.java:62)
at java.base/java.lang.reflect.Constructor.newInstanceWithCaller(Constructor.java:502)
at java.base/java.lang.reflect.Constructor.newInstance(Constructor.java:486)
at org.openqa.selenium.remote.ErrorCodec.decode(ErrorCodec.java:167)
at org.openqa.selenium.remote.codec.w3c.W3CHttpResponseCodec.decode(W3CHttpResponseCodec.java:138)
at org.openqa.selenium.remote.codec.w3c.W3CHttpResponseCodec.decode(W3CHttpResponseCodec.java:50)
at org.openqa.selenium.remote.HttpCommandExecutor.execute(HttpCommandExecutor.java:215)
at org.openqa.selenium.remote.service.DriverCommandExecutor.invokeExecute(DriverCommandExecutor.java:216)
at org.openqa.selenium.remote.service.DriverCommandExecutor.execute(DriverCommandExecutor.java:174)
at org.openqa.selenium.remote.RemoteWebDriver.execute(RemoteWebDriver.java:545)
at org.openqa.selenium.remote.ElementLocation$ElementFinder$2.findElement(ElementLocation.java:165)
at org.openqa.selenium.remote.ElementLocation.findElement(ElementLocation.java:59)
at org.openqa.selenium.remote.RemoteWebDriver.findElement(RemoteWebDriver.java:368)
at org.openqa.selenium.remote.RemoteWebDriver.findElement(RemoteWebDriver.java:362)
at PageObject.RegistrationPageObject.errorMessageDisplayed(RegistrationPageObject.java:71)
at StepDefinitions.RegistrationPageStep.user_gets_an_error_message_for_password_in_the_register_page(RegistrationPageStep.java:127)
at ✽.User gets an error message for password in the Register page(file:///C:/Users/jimre/eclipse-workspace/DSAlgoBDD_ClubNinjas/clubNinjas-BDD/src/test/resources/features/RegisterPage.feature:47)
]]>
    </error>
  </testcase> <!-- runScenario -->
  <testcase classname="Runner.TestRunner" name="runScenario" time="4.233"/>
  <testcase classname="Runner.TestRunner" name="runScenario" time="4.191"/>
  <testcase classname="Runner.TestRunner" name="runScenario" time="3.613"/>
  <testcase classname="Runner.TestRunner" name="runScenario" time="4.549"/>
  <testcase classname="Runner.TestRunner" name="runScenario" time="3.408"/>
  <testcase classname="Runner.TestRunner" name="runScenario" time="4.931">
    <failure message="expected [true] but found [false]" type="java.lang.AssertionError">
      <![CDATA[java.lang.AssertionError: expected [true] but found [false]
at org.testng.Assert.fail(Assert.java:111)
at org.testng.Assert.failNotEquals(Assert.java:1590)
at org.testng.Assert.assertTrue(Assert.java:57)
at org.testng.Assert.assertTrue(Assert.java:67)
at StepDefinitions.ArrayPageStep.the_user_should_able_to_see_a_error_message_from_and(ArrayPageStep.java:121)
at ✽.The user should able to see a error message from "TryCode" and 1(file:///C:/Users/jimre/eclipse-workspace/DSAlgoBDD_ClubNinjas/clubNinjas-BDD/src/test/resources/features/ArrayPage.feature:250)
]]>
    </failure>
  </testcase> <!-- runScenario -->
  <testcase classname="Runner.TestRunner" name="runScenario" time="14.221">
    <failure message="No Practise Questions found expected [true] but found [false]" type="java.lang.AssertionError">
      <![CDATA[java.lang.AssertionError: No Practise Questions found expected [true] but found [false]
at org.testng.Assert.fail(Assert.java:111)
at org.testng.Assert.failNotEquals(Assert.java:1590)
at org.testng.Assert.assertTrue(Assert.java:57)
at StepDefinitions.LinkeListStep.the_user_should_be_redirected_to_the_practice_page(LinkeListStep.java:164)
at ✽.The user should be redirected to the Practice page(file:///C:/Users/jimre/eclipse-workspace/DSAlgoBDD_ClubNinjas/clubNinjas-BDD/src/test/resources/features/linkedlist.feature:200)
]]>
    </failure>
  </testcase> <!-- runScenario -->
  <testcase classname="Runner.TestRunner" name="runScenario" time="3.268"/>
  <testcase classname="Runner.TestRunner" name="runScenario" time="3.232"/>
  <testcase classname="Runner.TestRunner" name="runScenario" time="4.403"/>
  <testcase classname="Runner.TestRunner" name="runScenario" time="4.683">
    <failure message="No Alert found" type="java.lang.AssertionError">
      <![CDATA[java.lang.AssertionError: No Alert found
at org.testng.Assert.fail(Assert.java:111)
at PageObject.TreePageObject.acceptAlert(TreePageObject.java:205)
at StepDefinitions.TreePageStep.the_user_should_able_to_see_a_error_message_from_and_on_tree_try_editor_alert(TreePageStep.java:281)
at ✽.The user should able to see a error message from "Tree" and 4 on Tree Data Structure tryEditor alert(file:///C:/Users/jimre/eclipse-workspace/DSAlgoBDD_ClubNinjas/clubNinjas-BDD/src/test/resources/features/Tree.feature:265)
]]>
    </failure>
  </testcase> <!-- runScenario -->
  <testcase classname="Runner.TestRunner" name="runScenario" time="4.008"/>
  <testcase classname="Runner.TestRunner" name="runScenario" time="4.424"/>
  <testcase classname="Runner.TestRunner" name="runScenario" time="4.334"/>
  <testcase classname="Runner.TestRunner" name="runScenario" time="4.788">
    <failure message="expected [true] but found [false]" type="java.lang.AssertionError">
      <![CDATA[java.lang.AssertionError: expected [true] but found [false]
at org.testng.Assert.fail(Assert.java:111)
at org.testng.Assert.failNotEquals(Assert.java:1590)
at org.testng.Assert.assertTrue(Assert.java:57)
at org.testng.Assert.assertTrue(Assert.java:67)
at StepDefinitions.GraphPageStep.the_user_should_be_able_to_receive_an_alert_message_from_excel_sheet_and(GraphPageStep.java:162)
at ✽.The user should be able to receive an alert message from excel sheet 'Graph' and 5(file:///C:/Users/jimre/eclipse-workspace/DSAlgoBDD_ClubNinjas/clubNinjas-BDD/src/test/resources/features/GraphPage.feature:92)
]]>
    </failure>
  </testcase> <!-- runScenario -->
  <testcase classname="Runner.TestRunner" name="runScenario" time="5.481"/>
  <testcase classname="Runner.TestRunner" name="runScenario" time="5.338">
    <failure message="expected [true] but found [false]" type="java.lang.AssertionError">
      <![CDATA[java.lang.AssertionError: expected [true] but found [false]
at org.testng.Assert.fail(Assert.java:111)
at org.testng.Assert.failNotEquals(Assert.java:1590)
at org.testng.Assert.assertTrue(Assert.java:57)
at org.testng.Assert.assertTrue(Assert.java:67)
at StepDefinitions.ArrayPageStep.the_user_should_able_to_see_a_error_message_from_and(ArrayPageStep.java:121)
at ✽.The user should able to see a error message from "TryCode" and 1(file:///C:/Users/jimre/eclipse-workspace/DSAlgoBDD_ClubNinjas/clubNinjas-BDD/src/test/resources/features/QueuePage.feature:33)
]]>
    </failure>
  </testcase> <!-- runScenario -->
  <testcase classname="Runner.TestRunner" name="runScenario" time="14.597">
    <error message="no such element: Unable to locate element: {&quot;method&quot;:&quot;link text&quot;,&quot;selector&quot;:&quot; Practice Questions &quot;}
  (Session info: chrome=136.0.7103.93)
For documentation on this error, please visit: https://www.selenium.dev/documentation/webdriver/troubleshooting/errors#no-such-element-exception
Build info: version: &#039;4.32.0&#039;, revision: &#039;d17c8aa950&#039;
System info: os.name: &#039;Windows 11&#039;, os.arch: &#039;amd64&#039;, os.version: &#039;10.0&#039;, java.version: &#039;21.0.3&#039;
Driver info: org.openqa.selenium.chrome.ChromeDriver
Command: [78f322745a409d13617e4d92d256e2ac, findElement {using=link text, value= Practice Questions }]
Capabilities {acceptInsecureCerts: false, browserName: chrome, browserVersion: 136.0.7103.93, chrome: {chromedriverVersion: 136.0.7103.92 (cb81a4cc5087..., userDataDir: C:\Users\jimre\AppData\Loca...}, fedcm:accounts: true, goog:chromeOptions: {debuggerAddress: localhost:51021}, networkConnectionEnabled: false, pageLoadStrategy: normal, platformName: windows, proxy: Proxy(), se:cdp: ws://localhost:51021/devtoo..., se:cdpVersion: 136.0.7103.93, setWindowRect: true, strictFileInteractability: false, timeouts: {implicit: 0, pageLoad: 300000, script: 30000}, unhandledPromptBehavior: dismiss and notify, webauthn:extension:credBlob: true, webauthn:extension:largeBlob: true, webauthn:extension:minPinLength: true, webauthn:extension:prf: true, webauthn:virtualAuthenticators: true}
Session ID: 78f322745a409d13617e4d92d256e2ac" type="org.openqa.selenium.NoSuchElementException">
      <![CDATA[org.openqa.selenium.NoSuchElementException: no such element: Unable to locate element: {"method":"link text","selector":" Practice Questions "}
  (Session info: chrome=136.0.7103.93)
For documentation on this error, please visit: https://www.selenium.dev/documentation/webdriver/troubleshooting/errors#no-such-element-exception
Build info: version: '4.32.0', revision: 'd17c8aa950'
System info: os.name: 'Windows 11', os.arch: 'amd64', os.version: '10.0', java.version: '21.0.3'
Driver info: org.openqa.selenium.chrome.ChromeDriver
Command: [78f322745a409d13617e4d92d256e2ac, findElement {using=link text, value= Practice Questions }]
Capabilities {acceptInsecureCerts: false, browserName: chrome, browserVersion: 136.0.7103.93, chrome: {chromedriverVersion: 136.0.7103.92 (cb81a4cc5087..., userDataDir: C:\Users\jimre\AppData\Loca...}, fedcm:accounts: true, goog:chromeOptions: {debuggerAddress: localhost:51021}, networkConnectionEnabled: false, pageLoadStrategy: normal, platformName: windows, proxy: Proxy(), se:cdp: ws://localhost:51021/devtoo..., se:cdpVersion: 136.0.7103.93, setWindowRect: true, strictFileInteractability: false, timeouts: {implicit: 0, pageLoad: 300000, script: 30000}, unhandledPromptBehavior: dismiss and notify, webauthn:extension:credBlob: true, webauthn:extension:largeBlob: true, webauthn:extension:minPinLength: true, webauthn:extension:prf: true, webauthn:virtualAuthenticators: true}
Session ID: 78f322745a409d13617e4d92d256e2ac
at java.base/jdk.internal.reflect.DirectConstructorHandleAccessor.newInstance(DirectConstructorHandleAccessor.java:62)
at java.base/java.lang.reflect.Constructor.newInstanceWithCaller(Constructor.java:502)
at java.base/java.lang.reflect.Constructor.newInstance(Constructor.java:486)
at org.openqa.selenium.remote.ErrorCodec.decode(ErrorCodec.java:167)
at org.openqa.selenium.remote.codec.w3c.W3CHttpResponseCodec.decode(W3CHttpResponseCodec.java:138)
at org.openqa.selenium.remote.codec.w3c.W3CHttpResponseCodec.decode(W3CHttpResponseCodec.java:50)
at org.openqa.selenium.remote.HttpCommandExecutor.execute(HttpCommandExecutor.java:215)
at org.openqa.selenium.remote.service.DriverCommandExecutor.invokeExecute(DriverCommandExecutor.java:216)
at org.openqa.selenium.remote.service.DriverCommandExecutor.execute(DriverCommandExecutor.java:174)
at org.openqa.selenium.remote.RemoteWebDriver.execute(RemoteWebDriver.java:545)
at org.openqa.selenium.remote.ElementLocation$ElementFinder$2.findElement(ElementLocation.java:165)
at org.openqa.selenium.remote.ElementLocation.findElement(ElementLocation.java:59)
at org.openqa.selenium.remote.RemoteWebDriver.findElement(RemoteWebDriver.java:368)
at org.openqa.selenium.remote.RemoteWebDriver.findElement(RemoteWebDriver.java:362)
at PageObject.TreePageObject.click_practiceQns_link(TreePageObject.java:171)
at StepDefinitions.TreePageStep.the_user_is_on_the_tryEditor_page_of_given_section_in_tree_data_structure(TreePageStep.java:256)
at ✽.The user is on the Try Editor page of " Practice Questions " page in Tree Data Structure(file:///C:/Users/jimre/eclipse-workspace/DSAlgoBDD_ClubNinjas/clubNinjas-BDD/src/test/resources/features/Tree.feature:545)
]]>
    </error>
  </testcase> <!-- runScenario -->
  <testcase classname="Runner.TestRunner" name="runScenario" time="14.270">
    <failure message="No Practise Questions found expected [true] but found [false]" type="java.lang.AssertionError">
      <![CDATA[java.lang.AssertionError: No Practise Questions found expected [true] but found [false]
at org.testng.Assert.fail(Assert.java:111)
at org.testng.Assert.failNotEquals(Assert.java:1590)
at org.testng.Assert.assertTrue(Assert.java:57)
at StepDefinitions.LinkeListStep.the_user_should_be_redirected_to_the_practice_page(LinkeListStep.java:164)
at ✽.The user should be redirected to the Practice page(file:///C:/Users/jimre/eclipse-workspace/DSAlgoBDD_ClubNinjas/clubNinjas-BDD/src/test/resources/features/linkedlist.feature:56)
]]>
    </failure>
  </testcase> <!-- runScenario -->
  <testcase classname="Runner.TestRunner" name="runScenario" time="2.440"/>
  <testcase classname="Runner.TestRunner" name="runScenario" time="4.383"/>
  <testcase classname="Runner.TestRunner" name="runScenario" time="4.407"/>
  <testcase classname="Runner.TestRunner" name="runScenario" time="3.526"/>
  <testcase classname="Runner.TestRunner" name="runScenario" time="14.139">
    <error message=" No links found on the page. Page might be blank!" type="java.lang.RuntimeException">
      <![CDATA[java.lang.RuntimeException:  No links found on the page. Page might be blank!
at PageObject.DataStructurePageObject.click_first_practiceQn_link(DataStructurePageObject.java:83)
at StepDefinitions.DataStructureStep.the_user_clicks_the_first_practice_question_in_practice_questions_page(DataStructureStep.java:119)
at ✽.The user clicks the first practice question in Practice Questions page(file:///C:/Users/jimre/eclipse-workspace/DSAlgoBDD_ClubNinjas/clubNinjas-BDD/src/test/resources/features/DataStructure.feature:25)
]]>
    </error>
  </testcase> <!-- runScenario -->
  <testcase classname="Runner.TestRunner" name="runScenario" time="4.831"/>
  <testcase classname="Runner.TestRunner" name="runScenario" time="4.685">
    <failure message="expected [true] but found [false]" type="java.lang.AssertionError">
      <![CDATA[java.lang.AssertionError: expected [true] but found [false]
at org.testng.Assert.fail(Assert.java:111)
at org.testng.Assert.failNotEquals(Assert.java:1590)
at org.testng.Assert.assertTrue(Assert.java:57)
at org.testng.Assert.assertTrue(Assert.java:67)
at StepDefinitions.ArrayPageStep.the_user_should_able_to_see_a_error_message_from_and(ArrayPageStep.java:121)
at ✽.The user should able to see a error message from "TryCode" and 1(file:///C:/Users/jimre/eclipse-workspace/DSAlgoBDD_ClubNinjas/clubNinjas-BDD/src/test/resources/features/ArrayPage.feature:285)
]]>
    </failure>
  </testcase> <!-- runScenario -->
  <testcase classname="Runner.TestRunner" name="runScenario" time="4.475"/>
  <testcase classname="Runner.TestRunner" name="runScenario" time="4.789"/>
  <testcase classname="Runner.TestRunner" name="runScenario" time="2.671"/>
  <testcase classname="Runner.TestRunner" name="runScenario" time="4.034"/>
  <testcase classname="Runner.TestRunner" name="runScenario" time="4.023"/>
  <testcase classname="Runner.TestRunner" name="runScenario" time="4.667">
    <failure message="No Alert found" type="java.lang.AssertionError">
      <![CDATA[java.lang.AssertionError: No Alert found
at org.testng.Assert.fail(Assert.java:111)
at PageObject.TreePageObject.acceptAlert(TreePageObject.java:205)
at StepDefinitions.TreePageStep.the_user_should_able_to_see_a_error_message_from_and_on_tree_try_editor_alert(TreePageStep.java:281)
at ✽.The user should able to see a error message from "Tree" and 4 on Tree Data Structure tryEditor alert(file:///C:/Users/jimre/eclipse-workspace/DSAlgoBDD_ClubNinjas/clubNinjas-BDD/src/test/resources/features/Tree.feature:460)
]]>
    </failure>
  </testcase> <!-- runScenario -->
  <testcase classname="Runner.TestRunner" name="runScenario" time="3.666"/>
  <testcase classname="Runner.TestRunner" name="runScenario" time="4.398"/>
  <testcase classname="Runner.TestRunner" name="runScenario" time="4.415"/>
  <testcase classname="Runner.TestRunner" name="runScenario" time="4.544"/>
  <testcase classname="Runner.TestRunner" name="runScenario" time="5.248"/>
  <testcase classname="Runner.TestRunner" name="runScenario" time="3.643"/>
  <testcase classname="Runner.TestRunner" name="runScenario" time="5.128">
    <failure message="No Alert found" type="java.lang.AssertionError">
      <![CDATA[java.lang.AssertionError: No Alert found
at org.testng.Assert.fail(Assert.java:111)
at PageObject.TreePageObject.acceptAlert(TreePageObject.java:205)
at StepDefinitions.TreePageStep.the_user_should_able_to_see_a_error_message_from_and_on_tree_try_editor_alert(TreePageStep.java:281)
at ✽.The user should able to see a error message from "Tree" and 4 on Tree Data Structure tryEditor alert(file:///C:/Users/jimre/eclipse-workspace/DSAlgoBDD_ClubNinjas/clubNinjas-BDD/src/test/resources/features/Tree.feature:382)
]]>
    </failure>
  </testcase> <!-- runScenario -->
  <testcase classname="Runner.TestRunner" name="runScenario" time="4.809"/>
  <testcase classname="Runner.TestRunner" name="runScenario" time="3.724"/>
  <testcase classname="Runner.TestRunner" name="runScenario" time="5.063"/>
  <testcase classname="Runner.TestRunner" name="runScenario" time="6.114"/>
  <testcase classname="Runner.TestRunner" name="runScenario" time="4.149"/>
  <testcase classname="Runner.TestRunner" name="runScenario" time="6.253"/>
  <testcase classname="Runner.TestRunner" name="runScenario" time="5.722"/>
  <testcase classname="Runner.TestRunner" name="runScenario" time="14.097">
    <failure message="No Practise Questions found expected [true] but found [false]" type="java.lang.AssertionError">
      <![CDATA[java.lang.AssertionError: No Practise Questions found expected [true] but found [false]
at org.testng.Assert.fail(Assert.java:111)
at org.testng.Assert.failNotEquals(Assert.java:1590)
at org.testng.Assert.assertTrue(Assert.java:57)
at StepDefinitions.LinkeListStep.the_user_should_be_redirected_to_the_practice_page(LinkeListStep.java:164)
at ✽.The user should be redirected to the Practice page(file:///C:/Users/jimre/eclipse-workspace/DSAlgoBDD_ClubNinjas/clubNinjas-BDD/src/test/resources/features/linkedlist.feature:161)
]]>
    </failure>
  </testcase> <!-- runScenario -->
  <testcase classname="Runner.TestRunner" name="runScenario" time="4.261"/>
  <testcase classname="Runner.TestRunner" name="runScenario" time="5.280"/>
  <testcase classname="Runner.TestRunner" name="runScenario" time="3.575"/>
  <testcase classname="Runner.TestRunner" name="runScenario" time="4.712"/>
  <testcase classname="Runner.TestRunner" name="runScenario" time="4.240"/>
  <testcase classname="Runner.TestRunner" name="runScenario" time="5.589">
    <failure message="expected [Submission Successful] but found [ Some Tests failed. Please review code]" type="java.lang.AssertionError">
      <![CDATA[java.lang.AssertionError: expected [Submission Successful] but found [ Some Tests failed. Please review code]
at org.testng.Assert.fail(Assert.java:111)
at org.testng.Assert.failNotEquals(Assert.java:1590)
at org.testng.Assert.assertEqualsImpl(Assert.java:150)
at org.testng.Assert.assertEquals(Assert.java:132)
at org.testng.Assert.assertEquals(Assert.java:656)
at org.testng.Assert.assertEquals(Assert.java:666)
at StepDefinitions.ArrayPageStep.the_user_should_see_a_message(ArrayPageStep.java:217)
at ✽.The user should see a message from "PracticeQns" and 8(file:///C:/Users/jimre/eclipse-workspace/DSAlgoBDD_ClubNinjas/clubNinjas-BDD/src/test/resources/features/ArrayPage.feature:142)
]]>
    </failure>
  </testcase> <!-- runScenario -->
  <testcase classname="Runner.TestRunner" name="runScenario" time="3.529"/>
  <testcase classname="Runner.TestRunner" name="runScenario" time="4.660">
    <failure message="expected [true] but found [false]" type="java.lang.AssertionError">
      <![CDATA[java.lang.AssertionError: expected [true] but found [false]
at org.testng.Assert.fail(Assert.java:111)
at org.testng.Assert.failNotEquals(Assert.java:1590)
at org.testng.Assert.assertTrue(Assert.java:57)
at org.testng.Assert.assertTrue(Assert.java:67)
at StepDefinitions.LinkeListStep.the_user_should_able_to_see_a_error_message_from_excel_sheet_and_the(LinkeListStep.java:142)
at ✽.The user should able to see a error message from excel sheet "TryCode" and the  1(file:///C:/Users/jimre/eclipse-workspace/DSAlgoBDD_ClubNinjas/clubNinjas-BDD/src/test/resources/features/linkedlist.feature:252)
]]>
    </failure>
  </testcase> <!-- runScenario -->
  <testcase classname="Runner.TestRunner" name="runScenario" time="4.804">
    <failure message="No Alert found" type="java.lang.AssertionError">
      <![CDATA[java.lang.AssertionError: No Alert found
at org.testng.Assert.fail(Assert.java:111)
at PageObject.TreePageObject.acceptAlert(TreePageObject.java:205)
at StepDefinitions.TreePageStep.the_user_should_able_to_see_a_error_message_from_and_on_tree_try_editor_alert(TreePageStep.java:281)
at ✽.The user should able to see a error message from "Tree" and 4 on Tree Data Structure tryEditor alert(file:///C:/Users/jimre/eclipse-workspace/DSAlgoBDD_ClubNinjas/clubNinjas-BDD/src/test/resources/features/Tree.feature:187)
]]>
    </failure>
  </testcase> <!-- runScenario -->
  <testcase classname="Runner.TestRunner" name="runScenario" time="4.339"/>
  <testcase classname="Runner.TestRunner" name="runScenario" time="5.389">
    <failure message="expected [Submission Successful] but found [ No tests were collected]" type="java.lang.AssertionError">
      <![CDATA[java.lang.AssertionError: expected [Submission Successful] but found [ No tests were collected]
at org.testng.Assert.fail(Assert.java:111)
at org.testng.Assert.failNotEquals(Assert.java:1590)
at org.testng.Assert.assertEqualsImpl(Assert.java:150)
at org.testng.Assert.assertEquals(Assert.java:132)
at org.testng.Assert.assertEquals(Assert.java:656)
at org.testng.Assert.assertEquals(Assert.java:666)
at StepDefinitions.ArrayPageStep.the_user_should_see_a_message(ArrayPageStep.java:217)
at ✽.The user should see a message from "PracticeQns" and 12(file:///C:/Users/jimre/eclipse-workspace/DSAlgoBDD_ClubNinjas/clubNinjas-BDD/src/test/resources/features/ArrayPage.feature:231)
]]>
    </failure>
  </testcase> <!-- runScenario -->
  <testcase classname="Runner.TestRunner" name="runScenario" time="4.384"/>
  <testcase classname="Runner.TestRunner" name="runScenario" time="4.133"/>
  <testcase classname="Runner.TestRunner" name="runScenario" time="14.025">
    <error message="no such element: Unable to locate element: {&quot;method&quot;:&quot;link text&quot;,&quot;selector&quot;:&quot; Practice Questions &quot;}
  (Session info: chrome=136.0.7103.93)
For documentation on this error, please visit: https://www.selenium.dev/documentation/webdriver/troubleshooting/errors#no-such-element-exception
Build info: version: &#039;4.32.0&#039;, revision: &#039;d17c8aa950&#039;
System info: os.name: &#039;Windows 11&#039;, os.arch: &#039;amd64&#039;, os.version: &#039;10.0&#039;, java.version: &#039;21.0.3&#039;
Driver info: org.openqa.selenium.chrome.ChromeDriver
Command: [dafe701cbb93beb4152ae4ea57d9d2dc, findElement {using=link text, value= Practice Questions }]
Capabilities {acceptInsecureCerts: false, browserName: chrome, browserVersion: 136.0.7103.93, chrome: {chromedriverVersion: 136.0.7103.92 (cb81a4cc5087..., userDataDir: C:\Users\jimre\AppData\Loca...}, fedcm:accounts: true, goog:chromeOptions: {debuggerAddress: localhost:50907}, networkConnectionEnabled: false, pageLoadStrategy: normal, platformName: windows, proxy: Proxy(), se:cdp: ws://localhost:50907/devtoo..., se:cdpVersion: 136.0.7103.93, setWindowRect: true, strictFileInteractability: false, timeouts: {implicit: 0, pageLoad: 300000, script: 30000}, unhandledPromptBehavior: dismiss and notify, webauthn:extension:credBlob: true, webauthn:extension:largeBlob: true, webauthn:extension:minPinLength: true, webauthn:extension:prf: true, webauthn:virtualAuthenticators: true}
Session ID: dafe701cbb93beb4152ae4ea57d9d2dc" type="org.openqa.selenium.NoSuchElementException">
      <![CDATA[org.openqa.selenium.NoSuchElementException: no such element: Unable to locate element: {"method":"link text","selector":" Practice Questions "}
  (Session info: chrome=136.0.7103.93)
For documentation on this error, please visit: https://www.selenium.dev/documentation/webdriver/troubleshooting/errors#no-such-element-exception
Build info: version: '4.32.0', revision: 'd17c8aa950'
System info: os.name: 'Windows 11', os.arch: 'amd64', os.version: '10.0', java.version: '21.0.3'
Driver info: org.openqa.selenium.chrome.ChromeDriver
Command: [dafe701cbb93beb4152ae4ea57d9d2dc, findElement {using=link text, value= Practice Questions }]
Capabilities {acceptInsecureCerts: false, browserName: chrome, browserVersion: 136.0.7103.93, chrome: {chromedriverVersion: 136.0.7103.92 (cb81a4cc5087..., userDataDir: C:\Users\jimre\AppData\Loca...}, fedcm:accounts: true, goog:chromeOptions: {debuggerAddress: localhost:50907}, networkConnectionEnabled: false, pageLoadStrategy: normal, platformName: windows, proxy: Proxy(), se:cdp: ws://localhost:50907/devtoo..., se:cdpVersion: 136.0.7103.93, setWindowRect: true, strictFileInteractability: false, timeouts: {implicit: 0, pageLoad: 300000, script: 30000}, unhandledPromptBehavior: dismiss and notify, webauthn:extension:credBlob: true, webauthn:extension:largeBlob: true, webauthn:extension:minPinLength: true, webauthn:extension:prf: true, webauthn:virtualAuthenticators: true}
Session ID: dafe701cbb93beb4152ae4ea57d9d2dc
at java.base/jdk.internal.reflect.DirectConstructorHandleAccessor.newInstance(DirectConstructorHandleAccessor.java:62)
at java.base/java.lang.reflect.Constructor.newInstanceWithCaller(Constructor.java:502)
at java.base/java.lang.reflect.Constructor.newInstance(Constructor.java:486)
at org.openqa.selenium.remote.ErrorCodec.decode(ErrorCodec.java:167)
at org.openqa.selenium.remote.codec.w3c.W3CHttpResponseCodec.decode(W3CHttpResponseCodec.java:138)
at org.openqa.selenium.remote.codec.w3c.W3CHttpResponseCodec.decode(W3CHttpResponseCodec.java:50)
at org.openqa.selenium.remote.HttpCommandExecutor.execute(HttpCommandExecutor.java:215)
at org.openqa.selenium.remote.service.DriverCommandExecutor.invokeExecute(DriverCommandExecutor.java:216)
at org.openqa.selenium.remote.service.DriverCommandExecutor.execute(DriverCommandExecutor.java:174)
at org.openqa.selenium.remote.RemoteWebDriver.execute(RemoteWebDriver.java:545)
at org.openqa.selenium.remote.ElementLocation$ElementFinder$2.findElement(ElementLocation.java:165)
at org.openqa.selenium.remote.ElementLocation.findElement(ElementLocation.java:59)
at org.openqa.selenium.remote.RemoteWebDriver.findElement(RemoteWebDriver.java:368)
at org.openqa.selenium.remote.RemoteWebDriver.findElement(RemoteWebDriver.java:362)
at PageObject.TreePageObject.click_practiceQns_link(TreePageObject.java:171)
at StepDefinitions.TreePageStep.the_user_clicks_given_link_in_tree_data_structure(TreePageStep.java:156)
at ✽.The user clicks " Practice Questions " link in Tree Data Structure(file:///C:/Users/jimre/eclipse-workspace/DSAlgoBDD_ClubNinjas/clubNinjas-BDD/src/test/resources/features/Tree.feature:527)
]]>
    </error>
  </testcase> <!-- runScenario -->
  <testcase classname="Runner.TestRunner" name="runScenario" time="5.148"/>
  <testcase classname="Runner.TestRunner" name="runScenario" time="4.388"/>
  <testcase classname="Runner.TestRunner" name="runScenario" time="6.048"/>
  <testcase classname="Runner.TestRunner" name="runScenario" time="5.850"/>
  <testcase classname="Runner.TestRunner" name="runScenario" time="4.371"/>
  <testcase classname="Runner.TestRunner" name="runScenario" time="3.469"/>
  <testcase classname="Runner.TestRunner" name="runScenario" time="4.253"/>
  <testcase classname="Runner.TestRunner" name="runScenario" time="2.568"/>
  <testcase classname="Runner.TestRunner" name="runScenario" time="2.297"/>
  <testcase classname="Runner.TestRunner" name="runScenario" time="3.431"/>
  <testcase classname="Runner.TestRunner" name="runScenario" time="4.600"/>
  <testcase classname="Runner.TestRunner" name="runScenario" time="3.687"/>
  <testcase classname="Runner.TestRunner" name="runScenario" time="4.467"/>
  <testcase classname="Runner.TestRunner" name="runScenario" time="5.326"/>
  <testcase classname="Runner.TestRunner" name="runScenario" time="3.695"/>
  <testcase classname="Runner.TestRunner" name="runScenario" time="3.057"/>
  <testcase classname="Runner.TestRunner" name="runScenario" time="3.454"/>
  <testcase classname="Runner.TestRunner" name="runScenario" time="4.069"/>
  <testcase classname="Runner.TestRunner" name="runScenario" time="4.753">
    <failure message="expected [true] but found [false]" type="java.lang.AssertionError">
      <![CDATA[java.lang.AssertionError: expected [true] but found [false]
at org.testng.Assert.fail(Assert.java:111)
at org.testng.Assert.failNotEquals(Assert.java:1590)
at org.testng.Assert.assertTrue(Assert.java:57)
[...]
at ✽.The user should able to see a error message from excel sheet "TryCode" and the 1(file:///C:/Users/jimre/eclipse-workspace/DSAlgoBDD_ClubNinjas/clubNinjas-BDD/src/test/resources/features/StackPage.feature:100)
]]>
    </failure>
  </testcase> <!-- runScenario -->
  <testcase classname="Runner.TestRunner" name="runScenario" time="5.285"/>
  <testcase classname="Runner.TestRunner" name="runScenario" time="2.148"/>
  <testcase classname="Runner.TestRunner" name="runScenario" time="4.550"/>
  <testcase classname="Runner.TestRunner" name="runScenario" time="4.433"/>
  <testcase classname="Runner.TestRunner" name="runScenario" time="3.898"/>
  <testcase classname="Runner.TestRunner" name="runScenario" time="14.474">
    <error message="no such element: Unable to locate element: {&quot;method&quot;:&quot;link text&quot;,&quot;selector&quot;:&quot; Practice Questions &quot;}
  (Session info: chrome=136.0.7103.93)
For documentation on this error, please visit: https://www.selenium.dev/documentation/webdriver/troubleshooting/errors#no-such-element-exception
Build info: version: &#039;4.32.0&#039;, revision: &#039;d17c8aa950&#039;
System info: os.name: &#039;Windows 11&#039;, os.arch: &#039;amd64&#039;, os.version: &#039;10.0&#039;, java.version: &#039;21.0.3&#039;
Driver info: org.openqa.selenium.chrome.ChromeDriver
Command: [2264e47a3a63cb1c5dc00ae7443fb24a, findElement {using=link text, value= Practice Questions }]
Capabilities {acceptInsecureCerts: false, browserName: chrome, browserVersion: 136.0.7103.93, chrome: {chromedriverVersion: 136.0.7103.92 (cb81a4cc5087..., userDataDir: C:\Users\jimre\AppData\Loca...}, fedcm:accounts: true, goog:chromeOptions: {debuggerAddress: localhost:50982}, networkConnectionEnabled: false, pageLoadStrategy: normal, platformName: windows, proxy: Proxy(), se:cdp: ws://localhost:50982/devtoo..., se:cdpVersion: 136.0.7103.93, setWindowRect: true, strictFileInteractability: false, timeouts: {implicit: 0, pageLoad: 300000, script: 30000}, unhandledPromptBehavior: dismiss and notify, webauthn:extension:credBlob: true, webauthn:extension:largeBlob: true, webauthn:extension:minPinLength: true, webauthn:extension:prf: true, webauthn:virtualAuthenticators: true}
Session ID: 2264e47a3a63cb1c5dc00ae7443fb24a" type="org.openqa.selenium.NoSuchElementException">
      <![CDATA[org.openqa.selenium.NoSuchElementException: no such element: Unable to locate element: {"method":"link text","selector":" Practice Questions "}
  (Session info: chrome=136.0.7103.93)
For documentation on this error, please visit: https://www.selenium.dev/documentation/webdriver/troubleshooting/errors#no-such-element-exception
Build info: version: '4.32.0', revision: 'd17c8aa950'
System info: os.name: 'Windows 11', os.arch: 'amd64', os.version: '10.0', java.version: '21.0.3'
Driver info: org.openqa.selenium.chrome.ChromeDriver
Command: [2264e47a3a63cb1c5dc00ae7443fb24a, findElement {using=link text, value= Practice Questions }]
Capabilities {acceptInsecureCerts: false, browserName: chrome, browserVersion: 136.0.7103.93, chrome: {chromedriverVersion: 136.0.7103.92 (cb81a4cc5087..., userDataDir: C:\Users\jimre\AppData\Loca...}, fedcm:accounts: true, goog:chromeOptions: {debuggerAddress: localhost:50982}, networkConnectionEnabled: false, pageLoadStrategy: normal, platformName: windows, proxy: Proxy(), se:cdp: ws://localhost:50982/devtoo..., se:cdpVersion: 136.0.7103.93, setWindowRect: true, strictFileInteractability: false, timeouts: {implicit: 0, pageLoad: 300000, script: 30000}, unhandledPromptBehavior: dismiss and notify, webauthn:extension:credBlob: true, webauthn:extension:largeBlob: true, webauthn:extension:minPinLength: true, webauthn:extension:prf: true, webauthn:virtualAuthenticators: true}
Session ID: 2264e47a3a63cb1c5dc00ae7443fb24a
at java.base/jdk.internal.reflect.DirectConstructorHandleAccessor.newInstance(DirectConstructorHandleAccessor.java:62)
at java.base/java.lang.reflect.Constructor.newInstanceWithCaller(Constructor.java:502)
at java.base/java.lang.reflect.Constructor.newInstance(Constructor.java:486)
at org.openqa.selenium.remote.ErrorCodec.decode(ErrorCodec.java:167)
at org.openqa.selenium.remote.codec.w3c.W3CHttpResponseCodec.decode(W3CHttpResponseCodec.java:138)
at org.openqa.selenium.remote.codec.w3c.W3CHttpResponseCodec.decode(W3CHttpResponseCodec.java:50)
at org.openqa.selenium.remote.HttpCommandExecutor.execute(HttpCommandExecutor.java:215)
at org.openqa.selenium.remote.service.DriverCommandExecutor.invokeExecute(DriverCommandExecutor.java:216)
at org.openqa.selenium.remote.service.DriverCommandExecutor.execute(DriverCommandExecutor.java:174)
at org.openqa.selenium.remote.RemoteWebDriver.execute(RemoteWebDriver.java:545)
at org.openqa.selenium.remote.ElementLocation$ElementFinder$2.findElement(ElementLocation.java:165)
at org.openqa.selenium.remote.ElementLocation.findElement(ElementLocation.java:59)
at org.openqa.selenium.remote.RemoteWebDriver.findElement(RemoteWebDriver.java:368)
at org.openqa.selenium.remote.RemoteWebDriver.findElement(RemoteWebDriver.java:362)
at PageObject.TreePageObject.click_practiceQns_link(TreePageObject.java:171)
at StepDefinitions.TreePageStep.the_user_is_on_the_tryEditor_page_of_given_section_in_tree_data_structure(TreePageStep.java:256)
at ✽.The user is on the Try Editor page of " Practice Questions " page in Tree Data Structure(file:///C:/Users/jimre/eclipse-workspace/DSAlgoBDD_ClubNinjas/clubNinjas-BDD/src/test/resources/features/Tree.feature:536)
]]>
    </error>
  </testcase> <!-- runScenario -->
  <testcase classname="Runner.TestRunner" name="runScenario" time="4.311"/>
  <testcase classname="Runner.TestRunner" name="runScenario" time="5.050">
    <failure message="No Alert found" type="java.lang.AssertionError">
      <![CDATA[java.lang.AssertionError: No Alert found
at org.testng.Assert.fail(Assert.java:111)
at PageObject.TreePageObject.acceptAlert(TreePageObject.java:205)
at StepDefinitions.TreePageStep.the_user_should_able_to_see_a_error_message_from_and_on_tree_try_editor_alert(TreePageStep.java:281)
at ✽.The user should able to see a error message from "Tree" and 4 on Tree Data Structure tryEditor alert(file:///C:/Users/jimre/eclipse-workspace/DSAlgoBDD_ClubNinjas/clubNinjas-BDD/src/test/resources/features/Tree.feature:31)
]]>
    </failure>
  </testcase> <!-- runScenario -->
  <testcase classname="Runner.TestRunner" name="runScenario" time="5.541"/>
  <testcase classname="Runner.TestRunner" name="runScenario" time="6.052"/>
  <testcase classname="Runner.TestRunner" name="runScenario" time="4.659"/>
  <testcase classname="Runner.TestRunner" name="runScenario" time="3.058"/>
  <testcase classname="Runner.TestRunner" name="runScenario" time="3.501"/>
  <testcase classname="Runner.TestRunner" name="runScenario" time="4.875"/>
  <testcase classname="Runner.TestRunner" name="runScenario" time="2.404"/>
  <testcase classname="Runner.TestRunner" name="runScenario" time="3.396"/>
  <testcase classname="Runner.TestRunner" name="runScenario" time="4.698"/>
  <testcase classname="Runner.TestRunner" name="runScenario" time="5.108"/>
  <testcase classname="Runner.TestRunner" name="runScenario" time="4.189"/>
  <testcase classname="Runner.TestRunner" name="runScenario" time="14.313">
    <failure message="No Practise Questions found expected [true] but found [false]" type="java.lang.AssertionError">
      <![CDATA[java.lang.AssertionError: No Practise Questions found expected [true] but found [false]
at org.testng.Assert.fail(Assert.java:111)
at org.testng.Assert.failNotEquals(Assert.java:1590)
at org.testng.Assert.assertTrue(Assert.java:57)
at StepDefinitions.LinkeListStep.the_user_should_be_redirected_to_the_practice_page(LinkeListStep.java:164)
at ✽.The user should be redirected to the Practice page(file:///C:/Users/jimre/eclipse-workspace/DSAlgoBDD_ClubNinjas/clubNinjas-BDD/src/test/resources/features/linkedlist.feature:91)
]]>
    </failure>
  </testcase> <!-- runScenario -->
  <testcase classname="Runner.TestRunner" name="runScenario" time="4.372"/>
  <testcase classname="Runner.TestRunner" name="runScenario" time="4.336"/>
  <testcase classname="Runner.TestRunner" name="runScenario" time="4.384"/>
  <testcase classname="Runner.TestRunner" name="runScenario" time="4.872"/>
  <testcase classname="Runner.TestRunner" name="runScenario" time="4.605"/>
  <testcase classname="Runner.TestRunner" name="runScenario" time="4.874"/>
  <testcase classname="Runner.TestRunner" name="runScenario" time="14.100">
    <failure message="No Practise Questions found expected [true] but found [false]" type="java.lang.AssertionError">
      <![CDATA[java.lang.AssertionError: No Practise Questions found expected [true] but found [false]
at org.testng.Assert.fail(Assert.java:111)
at org.testng.Assert.failNotEquals(Assert.java:1590)
at org.testng.Assert.assertTrue(Assert.java:57)
at StepDefinitions.ArrayPageStep.the_user_should_be_redirected_to_practice_page(ArrayPageStep.java:142)
at ✽.The user should be redirected to Practice page(file:///C:/Users/jimre/eclipse-workspace/DSAlgoBDD_ClubNinjas/clubNinjas-BDD/src/test/resources/features/QueuePage.feature:54)
]]>
    </failure>
  </testcase> <!-- runScenario -->
  <testcase classname="Runner.TestRunner" name="runScenario" time="4.331"/>
  <testcase classname="Runner.TestRunner" name="runScenario" time="4.546"/>
  <testcase classname="Runner.TestRunner" name="runScenario" time="4.146"/>
  <testcase classname="Runner.TestRunner" name="runScenario" time="5.201">
    <failure message="No Alert found" type="java.lang.AssertionError">
      <![CDATA[java.lang.AssertionError: No Alert found
at org.testng.Assert.fail(Assert.java:111)
at PageObject.TreePageObject.acceptAlert(TreePageObject.java:205)
at StepDefinitions.TreePageStep.the_user_should_able_to_see_a_error_message_from_and_on_tree_try_editor_alert(TreePageStep.java:281)
at ✽.The user should able to see a error message from "Tree" and 4 on Tree Data Structure tryEditor alert(file:///C:/Users/jimre/eclipse-workspace/DSAlgoBDD_ClubNinjas/clubNinjas-BDD/src/test/resources/features/Tree.feature:109)
]]>
    </failure>
  </testcase> <!-- runScenario -->
  <testcase classname="Runner.TestRunner" name="runScenario" time="4.420"/>
  <testcase classname="Runner.TestRunner" name="runScenario" time="5.635"/>
  <testcase classname="Runner.TestRunner" name="runScenario" time="3.351"/>
  <testcase classname="Runner.TestRunner" name="runScenario" time="4.386"/>
  <testcase classname="Runner.TestRunner" name="runScenario" time="4.550">
    <failure message="expected [true] but found [false]" type="java.lang.AssertionError">
      <![CDATA[java.lang.AssertionError: expected [true] but found [false]
at org.testng.Assert.fail(Assert.java:111)
at org.testng.Assert.failNotEquals(Assert.java:1590)
at org.testng.Assert.assertTrue(Assert.java:57)
at org.testng.Assert.assertTrue(Assert.java:67)
at StepDefinitions.LinkeListStep.the_user_should_able_to_see_a_error_message_from_excel_sheet_and_the(LinkeListStep.java:142)
at ✽.The user should able to see a error message from excel sheet "TryCode" and the  1(file:///C:/Users/jimre/eclipse-workspace/DSAlgoBDD_ClubNinjas/clubNinjas-BDD/src/test/resources/features/linkedlist.feature:106)
]]>
    </failure>
  </testcase> <!-- runScenario -->
  <testcase classname="Runner.TestRunner" name="runScenario" time="5.142">
    <failure message="expected [true] but found [false]" type="java.lang.AssertionError">
      <![CDATA[java.lang.AssertionError: expected [true] but found [false]
at org.testng.Assert.fail(Assert.java:111)
at org.testng.Assert.failNotEquals(Assert.java:1590)
at org.testng.Assert.assertTrue(Assert.java:57)
at org.testng.Assert.assertTrue(Assert.java:67)
at StepDefinitions.LinkeListStep.the_user_should_able_to_see_a_error_message_from_excel_sheet_and_the(LinkeListStep.java:142)
at ✽.The user should able to see a error message from excel sheet "TryCode" and the  1(file:///C:/Users/jimre/eclipse-workspace/DSAlgoBDD_ClubNinjas/clubNinjas-BDD/src/test/resources/features/linkedlist.feature:216)
]]>
    </failure>
  </testcase> <!-- runScenario -->
  <testcase classname="Runner.TestRunner" name="runScenario" time="5.263">
    <failure message="No Alert found" type="java.lang.AssertionError">
      <![CDATA[java.lang.AssertionError: No Alert found
at org.testng.Assert.fail(Assert.java:111)
at PageObject.TreePageObject.acceptAlert(TreePageObject.java:205)
at StepDefinitions.TreePageStep.the_user_should_able_to_see_a_error_message_from_and_on_tree_try_editor_alert(TreePageStep.java:281)
at ✽.The user should able to see a error message from "Tree" and 4 on Tree Data Structure tryEditor alert(file:///C:/Users/jimre/eclipse-workspace/DSAlgoBDD_ClubNinjas/clubNinjas-BDD/src/test/resources/features/Tree.feature:226)
]]>
    </failure>
  </testcase> <!-- runScenario -->
  <testcase classname="Runner.TestRunner" name="runScenario" time="5.114"/>
  <testcase classname="Runner.TestRunner" name="runScenario" time="4.353"/>
  <testcase classname="Runner.TestRunner" name="runScenario" time="2.928"/>
  <testcase classname="Runner.TestRunner" name="runScenario" time="4.540"/>
  <testcase classname="Runner.TestRunner" name="runScenario" time="5.567">
    <failure message="expected [Error occurred during submission] but found [ No tests were collected]" type="java.lang.AssertionError">
      <![CDATA[java.lang.AssertionError: expected [Error occurred during submission] but found [ No tests were collected]
at org.testng.Assert.fail(Assert.java:111)
at org.testng.Assert.failNotEquals(Assert.java:1590)
at org.testng.Assert.assertEqualsImpl(Assert.java:150)
at org.testng.Assert.assertEquals(Assert.java:132)
at org.testng.Assert.assertEquals(Assert.java:656)
at org.testng.Assert.assertEquals(Assert.java:666)
at StepDefinitions.ArrayPageStep.the_user_should_see_a_message(ArrayPageStep.java:217)
at ✽.The user should see a message from "PracticeQns" and 3(file:///C:/Users/jimre/eclipse-workspace/DSAlgoBDD_ClubNinjas/clubNinjas-BDD/src/test/resources/features/ArrayPage.feature:220)
]]>
    </failure>
  </testcase> <!-- runScenario -->
  <testcase classname="Runner.TestRunner" name="runScenario" time="4.687"/>
  <testcase classname="Runner.TestRunner" name="runScenario" time="4.651">
    <failure message="expected [true] but found [false]" type="java.lang.AssertionError">
      <![CDATA[java.lang.AssertionError: expected [true] but found [false]
at org.testng.Assert.fail(Assert.java:111)
at org.testng.Assert.failNotEquals(Assert.java:1590)
at org.testng.Assert.assertTrue(Assert.java:57)
at org.testng.Assert.assertTrue(Assert.java:67)
at StepDefinitions.LinkeListStep.the_user_should_able_to_see_a_error_message_from_excel_sheet_and_the(LinkeListStep.java:142)
at ✽.The user should able to see a error message from excel sheet "TryCode" and the  1(file:///C:/Users/jimre/eclipse-workspace/DSAlgoBDD_ClubNinjas/clubNinjas-BDD/src/test/resources/features/linkedlist.feature:141)
]]>
    </failure>
  </testcase> <!-- runScenario -->
  <testcase classname="Runner.TestRunner" name="runScenario" time="1.909"/>
  <testcase classname="Runner.TestRunner" name="runScenario" time="4.325"/>
  <testcase classname="Runner.TestRunner" name="runScenario" time="4.713">
    <failure message="No Alert found" type="java.lang.AssertionError">
      <![CDATA[java.lang.AssertionError: No Alert found
at org.testng.Assert.fail(Assert.java:111)
at PageObject.DataStructurePageObject.acceptAlert(DataStructurePageObject.java:142)
at StepDefinitions.DataStructureStep.the_user_should_able_to_see_a_error_message_from_and_on_time_complexity_try_editor_popup(DataStructureStep.java:152)
at ✽.The user should able to see a error message from "DataStructures" and 4 on Time Complexity tryEditor popup(file:///C:/Users/jimre/eclipse-workspace/DSAlgoBDD_ClubNinjas/clubNinjas-BDD/src/test/resources/features/DataStructure.feature:36)
]]>
    </failure>
  </testcase> <!-- runScenario -->
  <testcase classname="Runner.TestRunner" name="runScenario" time="3.288"/>
  <testcase classname="Runner.TestRunner" name="runScenario" time="4.852">
    <failure message="expected [true] but found [false]" type="java.lang.AssertionError">
      <![CDATA[java.lang.AssertionError: expected [true] but found [false]
at org.testng.Assert.fail(Assert.java:111)
at org.testng.Assert.failNotEquals(Assert.java:1590)
at org.testng.Assert.assertTrue(Assert.java:57)
at org.testng.Assert.assertTrue(Assert.java:67)
at StepDefinitions.ArrayPageStep.the_user_should_able_to_see_a_error_message_from_and(ArrayPageStep.java:121)
at ✽.The user should able to see a error message from "TryCode" and 1(file:///C:/Users/jimre/eclipse-workspace/DSAlgoBDD_ClubNinjas/clubNinjas-BDD/src/test/resources/features/ArrayPage.feature:35)
]]>
    </failure>
  </testcase> <!-- runScenario -->
  <testcase classname="Runner.TestRunner" name="runScenario" time="5.265"/>
  <testcase classname="Runner.TestRunner" name="runScenario" time="4.527"/>
  <testcase classname="Runner.TestRunner" name="runScenario" time="4.390"/>
  <testcase classname="Runner.TestRunner" name="runScenario" time="4.644"/>
  <testcase classname="Runner.TestRunner" name="runScenario" time="4.706"/>
  <testcase classname="Runner.TestRunner" name="runScenario" time="4.496"/>
  <testcase classname="Runner.TestRunner" name="runScenario" time="4.628"/>
  <testcase classname="Runner.TestRunner" name="runScenario" time="4.781">
    <failure message="No Alert found" type="java.lang.AssertionError">
      <![CDATA[java.lang.AssertionError: No Alert found
at org.testng.Assert.fail(Assert.java:111)
at PageObject.TreePageObject.acceptAlert(TreePageObject.java:205)
at StepDefinitions.TreePageStep.the_user_should_able_to_see_a_error_message_from_and_on_tree_try_editor_alert(TreePageStep.java:281)
at ✽.The user should able to see a error message from "Tree" and 4 on Tree Data Structure tryEditor alert(file:///C:/Users/jimre/eclipse-workspace/DSAlgoBDD_ClubNinjas/clubNinjas-BDD/src/test/resources/features/Tree.feature:499)
]]>
    </failure>
  </testcase> <!-- runScenario -->
  <testcase classname="Runner.TestRunner" name="runScenario" time="4.236"/>
  <testcase classname="Runner.TestRunner" name="runScenario" time="4.363"/>
  <testcase classname="Runner.TestRunner" name="runScenario" time="4.127"/>
  <testcase classname="Runner.TestRunner" name="runScenario" time="4.517"/>
  <testcase classname="Runner.TestRunner" name="runScenario" time="4.328"/>
  <testcase classname="Runner.TestRunner" name="runScenario" time="5.174">
    <failure message="No Alert found" type="java.lang.AssertionError">
      <![CDATA[java.lang.AssertionError: No Alert found
at org.testng.Assert.fail(Assert.java:111)
at PageObject.TreePageObject.acceptAlert(TreePageObject.java:205)
at StepDefinitions.TreePageStep.the_user_should_able_to_see_a_error_message_from_and_on_tree_try_editor_alert(TreePageStep.java:281)
at ✽.The user should able to see a error message from "Tree" and 4 on Tree Data Structure tryEditor alert(file:///C:/Users/jimre/eclipse-workspace/DSAlgoBDD_ClubNinjas/clubNinjas-BDD/src/test/resources/features/Tree.feature:148)
]]>
    </failure>
  </testcase> <!-- runScenario -->
  <testcase classname="Runner.TestRunner" name="runScenario" time="3.965"/>
  <testcase classname="Runner.TestRunner" name="runScenario" time="2.073"/>
  <testcase classname="Runner.TestRunner" name="runScenario" time="4.601"/>
  <testcase classname="Runner.TestRunner" name="runScenario" time="5.633"/>
  <testcase classname="Runner.TestRunner" name="runScenario" time="4.256"/>
  <testcase classname="Runner.TestRunner" name="runScenario" time="4.146"/>
  <testcase classname="Runner.TestRunner" name="runScenario" time="4.295"/>
  <testcase classname="Runner.TestRunner" name="runScenario" time="4.700"/>
  <testcase classname="Runner.TestRunner" name="runScenario" time="3.941"/>
  <testcase classname="Runner.TestRunner" name="runScenario" time="4.211"/>
</testsuite> <!-- Runner.TestRunner -->
